{"/Users/butianzheng/Documents/trae_projects/hot-rolling-finish-aps/src/components/CustomEmpty.tsx": {"path":"/Users/butianzheng/Documents/trae_projects/hot-rolling-finish-aps/src/components/CustomEmpty.tsx","statementMap":{"0":{"start":{"line":9,"column":26},"end":{"line":13,"column":null}},"1":{"start":{"line":15,"column":55},"end":{"line":23,"column":null}},"2":{"start":{"line":16,"column":2},"end":{"line":21,"column":null}},"3":{"start":{"line":26,"column":32},"end":{"line":28,"column":null}},"4":{"start":{"line":30,"column":38},"end":{"line":32,"column":null}},"5":{"start":{"line":34,"column":38},"end":{"line":36,"column":null}}},"fnMap":{"0":{"name":"(anonymous_0)","decl":{"start":{"line":15,"column":55},"end":{"line":15,"column":56}},"loc":{"start":{"line":15,"column":88},"end":{"line":23,"column":null}},"line":15}},"branchMap":{"0":{"loc":{"start":{"line":15,"column":58},"end":{"line":15,"column":73}},"type":"default-arg","locations":[{"start":{"line":15,"column":65},"end":{"line":15,"column":73}}],"line":15}},"s":{"0":1,"1":1,"2":6,"3":1,"4":1,"5":1},"f":{"0":6},"b":{"0":[6]},"meta":{"lastBranch":1,"lastFunction":1,"lastStatement":6,"seen":{"s:9:26:13:Infinity":0,"s:15:55:23:Infinity":1,"f:15:55:15:56":0,"b:15:65:15:73":0,"s:16:2:21:Infinity":2,"s:26:32:28:Infinity":3,"s:30:38:32:Infinity":4,"s:34:38:36:Infinity":5}}}
,"/Users/butianzheng/Documents/trae_projects/hot-rolling-finish-aps/src/components/UrgencyTag.tsx": {"path":"/Users/butianzheng/Documents/trae_projects/hot-rolling-finish-aps/src/components/UrgencyTag.tsx","statementMap":{"0":{"start":{"line":17,"column":23},"end":{"line":38,"column":null}},"1":{"start":{"line":40,"column":55},"end":{"line":78,"column":null}},"2":{"start":{"line":41,"column":8},"end":{"line":44,"column":null}},"3":{"start":{"line":42,"column":10},"end":{"line":42,"column":null}},"4":{"start":{"line":46,"column":8},"end":{"line":60,"column":null}},"5":{"start":{"line":48,"column":6},"end":{"line":57,"column":null}},"6":{"start":{"line":62,"column":2},"end":{"line":76,"column":null}},"7":{"start":{"line":81,"column":26},"end":{"line":81,"column":null}}},"fnMap":{"0":{"name":"(anonymous_0)","decl":{"start":{"line":40,"column":55},"end":{"line":40,"column":56}},"loc":{"start":{"line":40,"column":78},"end":{"line":78,"column":null}},"line":40},"1":{"name":"(anonymous_1)","decl":{"start":{"line":42,"column":4},"end":{"line":42,"column":10}},"loc":{"start":{"line":42,"column":10},"end":{"line":42,"column":null}},"line":42},"2":{"name":"(anonymous_2)","decl":{"start":{"line":47,"column":4},"end":{"line":47,"column":null}},"loc":{"start":{"line":48,"column":6},"end":{"line":57,"column":null}},"line":48}},"branchMap":{"0":{"loc":{"start":{"line":42,"column":10},"end":{"line":42,"column":null}},"type":"binary-expr","locations":[{"start":{"line":42,"column":10},"end":{"line":42,"column":66}},{"start":{"line":42,"column":66},"end":{"line":42,"column":null}}],"line":42},"1":{"loc":{"start":{"line":52,"column":9},"end":{"line":55,"column":null}},"type":"binary-expr","locations":[{"start":{"line":52,"column":9},"end":{"line":52,"column":null}},{"start":{"line":53,"column":10},"end":{"line":55,"column":null}}],"line":52}},"s":{"0":1,"1":1,"2":10,"3":10,"4":10,"5":10,"6":10,"7":1},"f":{"0":10,"1":10,"2":10},"b":{"0":[10,1],"1":[10,1]},"meta":{"lastBranch":2,"lastFunction":3,"lastStatement":8,"seen":{"s:17:23:38:Infinity":0,"s:40:55:78:Infinity":1,"f:40:55:40:56":0,"s:41:8:44:Infinity":2,"f:42:4:42:10":1,"s:42:10:42:Infinity":3,"b:42:10:42:66:42:66:42:Infinity":0,"s:46:8:60:Infinity":4,"f:47:4:47:Infinity":2,"s:48:6:57:Infinity":5,"b:52:9:52:Infinity:53:10:55:Infinity":1,"s:62:2:76:Infinity":6,"s:81:26:81:Infinity":7}}}
,"/Users/butianzheng/Documents/trae_projects/hot-rolling-finish-aps/src/components/comparison/types.ts": {"path":"/Users/butianzheng/Documents/trae_projects/hot-rolling-finish-aps/src/components/comparison/types.ts","statementMap":{"0":{"start":{"line":42,"column":45},"end":{"line":42,"column":null}}},"fnMap":{},"branchMap":{},"s":{"0":1},"f":{},"b":{},"meta":{"lastBranch":0,"lastFunction":0,"lastStatement":1,"seen":{"s:42:45:42:Infinity":0}}}
,"/Users/butianzheng/Documents/trae_projects/hot-rolling-finish-aps/src/components/comparison/utils.ts": {"path":"/Users/butianzheng/Documents/trae_projects/hot-rolling-finish-aps/src/components/comparison/utils.ts","statementMap":{"0":{"start":{"line":13,"column":18},"end":{"line":13,"column":null}},"1":{"start":{"line":14,"column":2},"end":{"line":14,"column":null}},"2":{"start":{"line":14,"column":16},"end":{"line":14,"column":null}},"3":{"start":{"line":15,"column":2},"end":{"line":15,"column":null}},"4":{"start":{"line":15,"column":42},"end":{"line":15,"column":null}},"5":{"start":{"line":16,"column":2},"end":{"line":16,"column":null}},"6":{"start":{"line":23,"column":14},"end":{"line":23,"column":null}},"7":{"start":{"line":24,"column":2},"end":{"line":24,"column":null}},"8":{"start":{"line":24,"column":19},"end":{"line":24,"column":null}},"9":{"start":{"line":25,"column":15},"end":{"line":25,"column":null}},"10":{"start":{"line":26,"column":2},"end":{"line":26,"column":null}},"11":{"start":{"line":26,"column":13},"end":{"line":26,"column":null}},"12":{"start":{"line":27,"column":2},"end":{"line":34,"column":null}},"13":{"start":{"line":28,"column":16},"end":{"line":28,"column":null}},"14":{"start":{"line":29,"column":14},"end":{"line":29,"column":null}},"15":{"start":{"line":30,"column":4},"end":{"line":30,"column":null}},"16":{"start":{"line":30,"column":43},"end":{"line":30,"column":null}},"17":{"start":{"line":31,"column":4},"end":{"line":31,"column":null}},"18":{"start":{"line":33,"column":4},"end":{"line":33,"column":null}},"19":{"start":{"line":41,"column":17},"end":{"line":41,"column":null}},"20":{"start":{"line":42,"column":2},"end":{"line":42,"column":null}},"21":{"start":{"line":42,"column":14},"end":{"line":42,"column":null}},"22":{"start":{"line":43,"column":13},"end":{"line":43,"column":null}},"23":{"start":{"line":44,"column":2},"end":{"line":44,"column":null}},"24":{"start":{"line":44,"column":37},"end":{"line":44,"column":null}},"25":{"start":{"line":46,"column":13},"end":{"line":46,"column":null}},"26":{"start":{"line":48,"column":4},"end":{"line":48,"column":null}},"27":{"start":{"line":49,"column":2},"end":{"line":49,"column":null}},"28":{"start":{"line":62,"column":17},"end":{"line":62,"column":null}},"29":{"start":{"line":63,"column":13},"end":{"line":63,"column":null}},"30":{"start":{"line":65,"column":2},"end":{"line":79,"column":null}},"31":{"start":{"line":66,"column":4},"end":{"line":66,"column":null}},"32":{"start":{"line":67,"column":2},"end":{"line":79,"column":null}},"33":{"start":{"line":68,"column":4},"end":{"line":68,"column":null}},"34":{"start":{"line":69,"column":2},"end":{"line":79,"column":null}},"35":{"start":{"line":70,"column":4},"end":{"line":70,"column":null}},"36":{"start":{"line":73,"column":15},"end":{"line":73,"column":null}},"37":{"start":{"line":75,"column":6},"end":{"line":77,"column":null}},"38":{"start":{"line":78,"column":4},"end":{"line":78,"column":null}},"39":{"start":{"line":86,"column":13},"end":{"line":86,"column":null}},"40":{"start":{"line":87,"column":2},"end":{"line":87,"column":null}},"41":{"start":{"line":87,"column":11},"end":{"line":87,"column":null}},"42":{"start":{"line":88,"column":2},"end":{"line":99,"column":null}},"43":{"start":{"line":109,"column":15},"end":{"line":109,"column":null}},"44":{"start":{"line":110,"column":15},"end":{"line":110,"column":null}},"45":{"start":{"line":111,"column":2},"end":{"line":111,"column":null}},"46":{"start":{"line":111,"column":25},"end":{"line":111,"column":53}},"47":{"start":{"line":112,"column":2},"end":{"line":112,"column":null}},"48":{"start":{"line":112,"column":25},"end":{"line":112,"column":53}},"49":{"start":{"line":114,"column":17},"end":{"line":114,"column":null}},"50":{"start":{"line":115,"column":31},"end":{"line":115,"column":null}},"51":{"start":{"line":117,"column":22},"end":{"line":121,"column":null}},"52":{"start":{"line":118,"column":4},"end":{"line":118,"column":null}},"53":{"start":{"line":118,"column":17},"end":{"line":118,"column":null}},"54":{"start":{"line":119,"column":4},"end":{"line":119,"column":null}},"55":{"start":{"line":119,"column":32},"end":{"line":119,"column":null}},"56":{"start":{"line":120,"column":4},"end":{"line":120,"column":null}},"57":{"start":{"line":123,"column":28},"end":{"line":129,"column":null}},"58":{"start":{"line":124,"column":15},"end":{"line":124,"column":null}},"59":{"start":{"line":125,"column":15},"end":{"line":125,"column":null}},"60":{"start":{"line":126,"column":4},"end":{"line":126,"column":null}},"61":{"start":{"line":126,"column":34},"end":{"line":126,"column":null}},"62":{"start":{"line":127,"column":4},"end":{"line":127,"column":null}},"63":{"start":{"line":127,"column":34},"end":{"line":127,"column":null}},"64":{"start":{"line":128,"column":4},"end":{"line":128,"column":null}},"65":{"start":{"line":131,"column":2},"end":{"line":181,"column":null}},"66":{"start":{"line":134,"column":16},"end":{"line":134,"column":null}},"67":{"start":{"line":135,"column":16},"end":{"line":135,"column":null}},"68":{"start":{"line":137,"column":6},"end":{"line":145,"column":null}},"69":{"start":{"line":138,"column":8},"end":{"line":143,"column":null}},"70":{"start":{"line":144,"column":8},"end":{"line":144,"column":null}},"71":{"start":{"line":147,"column":6},"end":{"line":155,"column":null}},"72":{"start":{"line":148,"column":8},"end":{"line":153,"column":null}},"73":{"start":{"line":154,"column":8},"end":{"line":154,"column":null}},"74":{"start":{"line":157,"column":6},"end":{"line":157,"column":null}},"75":{"start":{"line":157,"column":20},"end":{"line":157,"column":null}},"76":{"start":{"line":160,"column":8},"end":{"line":162,"column":null}},"77":{"start":{"line":165,"column":8},"end":{"line":171,"column":null}},"78":{"start":{"line":173,"column":6},"end":{"line":173,"column":null}},"79":{"start":{"line":173,"column":31},"end":{"line":173,"column":null}},"80":{"start":{"line":175,"column":6},"end":{"line":180,"column":null}},"81":{"start":{"line":183,"column":43},"end":{"line":193,"column":null}},"82":{"start":{"line":185,"column":6},"end":{"line":185,"column":null}},"83":{"start":{"line":186,"column":6},"end":{"line":189,"column":null}},"84":{"start":{"line":186,"column":36},"end":{"line":186,"column":null}},"85":{"start":{"line":186,"column":54},"end":{"line":189,"column":null}},"86":{"start":{"line":187,"column":43},"end":{"line":187,"column":null}},"87":{"start":{"line":187,"column":63},"end":{"line":189,"column":null}},"88":{"start":{"line":188,"column":41},"end":{"line":188,"column":null}},"89":{"start":{"line":189,"column":11},"end":{"line":189,"column":null}},"90":{"start":{"line":190,"column":6},"end":{"line":190,"column":null}},"91":{"start":{"line":195,"column":2},"end":{"line":195,"column":null}},"92":{"start":{"line":202,"column":14},"end":{"line":202,"column":null}},"93":{"start":{"line":203,"column":2},"end":{"line":211,"column":null}},"94":{"start":{"line":204,"column":20},"end":{"line":204,"column":null}},"95":{"start":{"line":205,"column":17},"end":{"line":205,"column":null}},"96":{"start":{"line":206,"column":4},"end":{"line":206,"column":null}},"97":{"start":{"line":206,"column":27},"end":{"line":206,"column":null}},"98":{"start":{"line":207,"column":19},"end":{"line":207,"column":null}},"99":{"start":{"line":208,"column":4},"end":{"line":208,"column":null}},"100":{"start":{"line":208,"column":49},"end":{"line":208,"column":null}},"101":{"start":{"line":209,"column":16},"end":{"line":209,"column":null}},"102":{"start":{"line":210,"column":4},"end":{"line":210,"column":null}},"103":{"start":{"line":212,"column":2},"end":{"line":212,"column":null}},"104":{"start":{"line":219,"column":14},"end":{"line":219,"column":null}},"105":{"start":{"line":220,"column":2},"end":{"line":226,"column":null}},"106":{"start":{"line":221,"column":17},"end":{"line":221,"column":null}},"107":{"start":{"line":222,"column":4},"end":{"line":222,"column":null}},"108":{"start":{"line":222,"column":15},"end":{"line":222,"column":null}},"109":{"start":{"line":223,"column":19},"end":{"line":223,"column":null}},"110":{"start":{"line":224,"column":4},"end":{"line":224,"column":null}},"111":{"start":{"line":224,"column":49},"end":{"line":224,"column":null}},"112":{"start":{"line":225,"column":4},"end":{"line":225,"column":null}},"113":{"start":{"line":227,"column":2},"end":{"line":227,"column":null}},"114":{"start":{"line":234,"column":17},"end":{"line":234,"column":null}},"115":{"start":{"line":235,"column":2},"end":{"line":235,"column":null}}},"fnMap":{"0":{"name":"normalizeDateOnly","decl":{"start":{"line":12,"column":16},"end":{"line":12,"column":34}},"loc":{"start":{"line":12,"column":56},"end":{"line":17,"column":null}},"line":12},"1":{"name":"extractVersionNameCn","decl":{"start":{"line":22,"column":16},"end":{"line":22,"column":37}},"loc":{"start":{"line":22,"column":66},"end":{"line":35,"column":null}},"line":22},"2":{"name":"formatVersionLabel","decl":{"start":{"line":40,"column":16},"end":{"line":40,"column":35}},"loc":{"start":{"line":40,"column":61},"end":{"line":50,"column":null}},"line":40},"3":{"name":"formatVersionLabelWithCode","decl":{"start":{"line":61,"column":16},"end":{"line":61,"column":43}},"loc":{"start":{"line":61,"column":69},"end":{"line":80,"column":null}},"line":61},"4":{"name":"normalizePlanItem","decl":{"start":{"line":85,"column":16},"end":{"line":85,"column":34}},"loc":{"start":{"line":85,"column":69},"end":{"line":100,"column":null}},"line":85},"5":{"name":"computeVersionDiffs","decl":{"start":{"line":105,"column":16},"end":{"line":105,"column":null}},"loc":{"start":{"line":108,"column":62},"end":{"line":196,"column":null}},"line":108},"6":{"name":"(anonymous_6)","decl":{"start":{"line":111,"column":17},"end":{"line":111,"column":18}},"loc":{"start":{"line":111,"column":25},"end":{"line":111,"column":53}},"line":111},"7":{"name":"(anonymous_7)","decl":{"start":{"line":112,"column":17},"end":{"line":112,"column":18}},"loc":{"start":{"line":112,"column":25},"end":{"line":112,"column":53}},"line":112},"8":{"name":"(anonymous_8)","decl":{"start":{"line":117,"column":22},"end":{"line":117,"column":23}},"loc":{"start":{"line":117,"column":50},"end":{"line":121,"column":null}},"line":117},"9":{"name":"(anonymous_9)","decl":{"start":{"line":123,"column":28},"end":{"line":123,"column":29}},"loc":{"start":{"line":123,"column":78},"end":{"line":129,"column":null}},"line":123},"10":{"name":"(anonymous_10)","decl":{"start":{"line":133,"column":13},"end":{"line":133,"column":14}},"loc":{"start":{"line":133,"column":21},"end":{"line":181,"column":5}},"line":133},"11":{"name":"(anonymous_11)","decl":{"start":{"line":184,"column":4},"end":{"line":184,"column":5}},"loc":{"start":{"line":184,"column":16},"end":{"line":191,"column":null}},"line":184},"12":{"name":"computeCapacityMap","decl":{"start":{"line":201,"column":16},"end":{"line":201,"column":35}},"loc":{"start":{"line":201,"column":83},"end":{"line":213,"column":null}},"line":201},"13":{"name":"(anonymous_13)","decl":{"start":{"line":203,"column":16},"end":{"line":203,"column":17}},"loc":{"start":{"line":203,"column":24},"end":{"line":211,"column":3}},"line":203},"14":{"name":"computeDailyTotals","decl":{"start":{"line":218,"column":16},"end":{"line":218,"column":35}},"loc":{"start":{"line":218,"column":83},"end":{"line":228,"column":null}},"line":218},"15":{"name":"(anonymous_15)","decl":{"start":{"line":220,"column":16},"end":{"line":220,"column":17}},"loc":{"start":{"line":220,"column":24},"end":{"line":226,"column":3}},"line":220},"16":{"name":"makeRetrospectiveKey","decl":{"start":{"line":233,"column":16},"end":{"line":233,"column":37}},"loc":{"start":{"line":233,"column":85},"end":{"line":236,"column":null}},"line":233}},"branchMap":{"0":{"loc":{"start":{"line":13,"column":25},"end":{"line":13,"column":35}},"type":"binary-expr","locations":[{"start":{"line":13,"column":25},"end":{"line":13,"column":33}},{"start":{"line":13,"column":33},"end":{"line":13,"column":35}}],"line":13},"1":{"loc":{"start":{"line":14,"column":2},"end":{"line":14,"column":null}},"type":"if","locations":[{"start":{"line":14,"column":2},"end":{"line":14,"column":null}},{"start":{},"end":{}}],"line":14},"2":{"loc":{"start":{"line":15,"column":2},"end":{"line":15,"column":null}},"type":"if","locations":[{"start":{"line":15,"column":2},"end":{"line":15,"column":null}},{"start":{},"end":{}}],"line":15},"3":{"loc":{"start":{"line":24,"column":2},"end":{"line":24,"column":null}},"type":"if","locations":[{"start":{"line":24,"column":2},"end":{"line":24,"column":null}},{"start":{},"end":{}}],"line":24},"4":{"loc":{"start":{"line":25,"column":22},"end":{"line":25,"column":31}},"type":"binary-expr","locations":[{"start":{"line":25,"column":22},"end":{"line":25,"column":29}},{"start":{"line":25,"column":29},"end":{"line":25,"column":31}}],"line":25},"5":{"loc":{"start":{"line":26,"column":2},"end":{"line":26,"column":null}},"type":"if","locations":[{"start":{"line":26,"column":2},"end":{"line":26,"column":null}},{"start":{},"end":{}}],"line":26},"6":{"loc":{"start":{"line":30,"column":4},"end":{"line":30,"column":null}},"type":"if","locations":[{"start":{"line":30,"column":4},"end":{"line":30,"column":null}},{"start":{},"end":{}}],"line":30},"7":{"loc":{"start":{"line":30,"column":8},"end":{"line":30,"column":43}},"type":"binary-expr","locations":[{"start":{"line":30,"column":8},"end":{"line":30,"column":33}},{"start":{"line":30,"column":33},"end":{"line":30,"column":43}}],"line":30},"8":{"loc":{"start":{"line":42,"column":2},"end":{"line":42,"column":null}},"type":"if","locations":[{"start":{"line":42,"column":2},"end":{"line":42,"column":null}},{"start":{},"end":{}}],"line":42},"9":{"loc":{"start":{"line":43,"column":20},"end":{"line":43,"column":43}},"type":"binary-expr","locations":[{"start":{"line":43,"column":20},"end":{"line":43,"column":42}},{"start":{"line":43,"column":42},"end":{"line":43,"column":43}}],"line":43},"10":{"loc":{"start":{"line":44,"column":2},"end":{"line":44,"column":null}},"type":"if","locations":[{"start":{"line":44,"column":2},"end":{"line":44,"column":null}},{"start":{},"end":{}}],"line":44},"11":{"loc":{"start":{"line":44,"column":6},"end":{"line":44,"column":37}},"type":"binary-expr","locations":[{"start":{"line":44,"column":6},"end":{"line":44,"column":29}},{"start":{"line":44,"column":29},"end":{"line":44,"column":37}}],"line":44},"12":{"loc":{"start":{"line":46,"column":20},"end":{"line":46,"column":44}},"type":"binary-expr","locations":[{"start":{"line":46,"column":20},"end":{"line":46,"column":42}},{"start":{"line":46,"column":42},"end":{"line":46,"column":44}}],"line":46},"13":{"loc":{"start":{"line":49,"column":9},"end":{"line":49,"column":null}},"type":"cond-expr","locations":[{"start":{"line":49,"column":18},"end":{"line":49,"column":35}},{"start":{"line":49,"column":35},"end":{"line":49,"column":null}}],"line":49},"14":{"loc":{"start":{"line":63,"column":20},"end":{"line":63,"column":43}},"type":"binary-expr","locations":[{"start":{"line":63,"column":20},"end":{"line":63,"column":42}},{"start":{"line":63,"column":42},"end":{"line":63,"column":43}}],"line":63},"15":{"loc":{"start":{"line":65,"column":2},"end":{"line":79,"column":null}},"type":"if","locations":[{"start":{"line":65,"column":2},"end":{"line":79,"column":null}},{"start":{"line":67,"column":2},"end":{"line":79,"column":null}}],"line":65},"16":{"loc":{"start":{"line":65,"column":6},"end":{"line":65,"column":47}},"type":"binary-expr","locations":[{"start":{"line":65,"column":6},"end":{"line":65,"column":16}},{"start":{"line":65,"column":16},"end":{"line":65,"column":39}},{"start":{"line":65,"column":39},"end":{"line":65,"column":47}}],"line":65},"17":{"loc":{"start":{"line":67,"column":2},"end":{"line":79,"column":null}},"type":"if","locations":[{"start":{"line":67,"column":2},"end":{"line":79,"column":null}},{"start":{"line":69,"column":2},"end":{"line":79,"column":null}}],"line":67},"18":{"loc":{"start":{"line":69,"column":2},"end":{"line":79,"column":null}},"type":"if","locations":[{"start":{"line":69,"column":2},"end":{"line":79,"column":null}},{"start":{"line":71,"column":9},"end":{"line":79,"column":null}}],"line":69},"19":{"loc":{"start":{"line":69,"column":13},"end":{"line":69,"column":44}},"type":"binary-expr","locations":[{"start":{"line":69,"column":13},"end":{"line":69,"column":36}},{"start":{"line":69,"column":36},"end":{"line":69,"column":44}}],"line":69},"20":{"loc":{"start":{"line":73,"column":22},"end":{"line":73,"column":46}},"type":"binary-expr","locations":[{"start":{"line":73,"column":22},"end":{"line":73,"column":44}},{"start":{"line":73,"column":44},"end":{"line":73,"column":46}}],"line":73},"21":{"loc":{"start":{"line":78,"column":11},"end":{"line":78,"column":null}},"type":"cond-expr","locations":[{"start":{"line":78,"column":20},"end":{"line":78,"column":37}},{"start":{"line":78,"column":37},"end":{"line":78,"column":null}}],"line":78},"22":{"loc":{"start":{"line":86,"column":20},"end":{"line":86,"column":42}},"type":"binary-expr","locations":[{"start":{"line":86,"column":20},"end":{"line":86,"column":40}},{"start":{"line":86,"column":40},"end":{"line":86,"column":42}}],"line":86},"23":{"loc":{"start":{"line":87,"column":2},"end":{"line":87,"column":null}},"type":"if","locations":[{"start":{"line":87,"column":2},"end":{"line":87,"column":null}},{"start":{},"end":{}}],"line":87},"24":{"loc":{"start":{"line":90,"column":25},"end":{"line":90,"column":48}},"type":"binary-expr","locations":[{"start":{"line":90,"column":25},"end":{"line":90,"column":46}},{"start":{"line":90,"column":46},"end":{"line":90,"column":48}}],"line":90},"25":{"loc":{"start":{"line":91,"column":40},"end":{"line":91,"column":60}},"type":"binary-expr","locations":[{"start":{"line":91,"column":40},"end":{"line":91,"column":58}},{"start":{"line":91,"column":58},"end":{"line":91,"column":60}}],"line":91},"26":{"loc":{"start":{"line":92,"column":19},"end":{"line":92,"column":35}},"type":"binary-expr","locations":[{"start":{"line":92,"column":19},"end":{"line":92,"column":34}},{"start":{"line":92,"column":34},"end":{"line":92,"column":35}}],"line":92},"27":{"loc":{"start":{"line":93,"column":14},"end":{"line":93,"column":null}},"type":"cond-expr","locations":[{"start":{"line":93,"column":38},"end":{"line":93,"column":50}},{"start":{"line":93,"column":50},"end":{"line":93,"column":null}}],"line":93},"28":{"loc":{"start":{"line":94,"column":18},"end":{"line":94,"column":null}},"type":"cond-expr","locations":[{"start":{"line":94,"column":46},"end":{"line":94,"column":58}},{"start":{"line":94,"column":58},"end":{"line":94,"column":null}}],"line":94},"29":{"loc":{"start":{"line":95,"column":20},"end":{"line":95,"column":null}},"type":"cond-expr","locations":[{"start":{"line":95,"column":50},"end":{"line":95,"column":62}},{"start":{"line":95,"column":62},"end":{"line":95,"column":null}}],"line":95},"30":{"loc":{"start":{"line":96,"column":27},"end":{"line":96,"column":null}},"type":"cond-expr","locations":[{"start":{"line":96,"column":64},"end":{"line":96,"column":76}},{"start":{"line":96,"column":76},"end":{"line":96,"column":null}}],"line":96},"31":{"loc":{"start":{"line":97,"column":17},"end":{"line":97,"column":null}},"type":"cond-expr","locations":[{"start":{"line":97,"column":44},"end":{"line":97,"column":56}},{"start":{"line":97,"column":56},"end":{"line":97,"column":null}}],"line":97},"32":{"loc":{"start":{"line":98,"column":19},"end":{"line":98,"column":null}},"type":"cond-expr","locations":[{"start":{"line":98,"column":48},"end":{"line":98,"column":60}},{"start":{"line":98,"column":60},"end":{"line":98,"column":null}}],"line":98},"33":{"loc":{"start":{"line":118,"column":4},"end":{"line":118,"column":null}},"type":"if","locations":[{"start":{"line":118,"column":4},"end":{"line":118,"column":null}},{"start":{},"end":{}}],"line":118},"34":{"loc":{"start":{"line":119,"column":4},"end":{"line":119,"column":null}},"type":"if","locations":[{"start":{"line":119,"column":4},"end":{"line":119,"column":null}},{"start":{},"end":{}}],"line":119},"35":{"loc":{"start":{"line":119,"column":8},"end":{"line":119,"column":32}},"type":"binary-expr","locations":[{"start":{"line":119,"column":8},"end":{"line":119,"column":21}},{"start":{"line":119,"column":21},"end":{"line":119,"column":32}}],"line":119},"36":{"loc":{"start":{"line":120,"column":18},"end":{"line":120,"column":25}},"type":"binary-expr","locations":[{"start":{"line":120,"column":18},"end":{"line":120,"column":23}},{"start":{"line":120,"column":23},"end":{"line":120,"column":25}}],"line":120},"37":{"loc":{"start":{"line":120,"column":38},"end":{"line":120,"column":45}},"type":"binary-expr","locations":[{"start":{"line":120,"column":38},"end":{"line":120,"column":43}},{"start":{"line":120,"column":43},"end":{"line":120,"column":45}}],"line":120},"38":{"loc":{"start":{"line":124,"column":15},"end":{"line":124,"column":null}},"type":"cond-expr","locations":[{"start":{"line":124,"column":50},"end":{"line":124,"column":57}},{"start":{"line":124,"column":57},"end":{"line":124,"column":null}}],"line":124},"39":{"loc":{"start":{"line":124,"column":15},"end":{"line":124,"column":50}},"type":"binary-expr","locations":[{"start":{"line":124,"column":15},"end":{"line":124,"column":28}},{"start":{"line":124,"column":28},"end":{"line":124,"column":50}}],"line":124},"40":{"loc":{"start":{"line":125,"column":15},"end":{"line":125,"column":null}},"type":"cond-expr","locations":[{"start":{"line":125,"column":50},"end":{"line":125,"column":57}},{"start":{"line":125,"column":57},"end":{"line":125,"column":null}}],"line":125},"41":{"loc":{"start":{"line":125,"column":15},"end":{"line":125,"column":50}},"type":"binary-expr","locations":[{"start":{"line":125,"column":15},"end":{"line":125,"column":28}},{"start":{"line":125,"column":28},"end":{"line":125,"column":50}}],"line":125},"42":{"loc":{"start":{"line":126,"column":4},"end":{"line":126,"column":null}},"type":"if","locations":[{"start":{"line":126,"column":4},"end":{"line":126,"column":null}},{"start":{},"end":{}}],"line":126},"43":{"loc":{"start":{"line":126,"column":8},"end":{"line":126,"column":34}},"type":"binary-expr","locations":[{"start":{"line":126,"column":8},"end":{"line":126,"column":22}},{"start":{"line":126,"column":22},"end":{"line":126,"column":34}}],"line":126},"44":{"loc":{"start":{"line":127,"column":4},"end":{"line":127,"column":null}},"type":"if","locations":[{"start":{"line":127,"column":4},"end":{"line":127,"column":null}},{"start":{},"end":{}}],"line":127},"45":{"loc":{"start":{"line":127,"column":8},"end":{"line":127,"column":34}},"type":"binary-expr","locations":[{"start":{"line":127,"column":8},"end":{"line":127,"column":22}},{"start":{"line":127,"column":22},"end":{"line":127,"column":34}}],"line":127},"46":{"loc":{"start":{"line":134,"column":16},"end":{"line":134,"column":null}},"type":"binary-expr","locations":[{"start":{"line":134,"column":16},"end":{"line":134,"column":32}},{"start":{"line":134,"column":32},"end":{"line":134,"column":null}}],"line":134},"47":{"loc":{"start":{"line":135,"column":16},"end":{"line":135,"column":null}},"type":"binary-expr","locations":[{"start":{"line":135,"column":16},"end":{"line":135,"column":32}},{"start":{"line":135,"column":32},"end":{"line":135,"column":null}}],"line":135},"48":{"loc":{"start":{"line":137,"column":6},"end":{"line":145,"column":null}},"type":"if","locations":[{"start":{"line":137,"column":6},"end":{"line":145,"column":null}},{"start":{},"end":{}}],"line":137},"49":{"loc":{"start":{"line":137,"column":10},"end":{"line":137,"column":19}},"type":"binary-expr","locations":[{"start":{"line":137,"column":10},"end":{"line":137,"column":16}},{"start":{"line":137,"column":16},"end":{"line":137,"column":19}}],"line":137},"50":{"loc":{"start":{"line":147,"column":6},"end":{"line":155,"column":null}},"type":"if","locations":[{"start":{"line":147,"column":6},"end":{"line":155,"column":null}},{"start":{},"end":{}}],"line":147},"51":{"loc":{"start":{"line":147,"column":10},"end":{"line":147,"column":19}},"type":"binary-expr","locations":[{"start":{"line":147,"column":10},"end":{"line":147,"column":15}},{"start":{"line":147,"column":15},"end":{"line":147,"column":19}}],"line":147},"52":{"loc":{"start":{"line":157,"column":6},"end":{"line":157,"column":null}},"type":"if","locations":[{"start":{"line":157,"column":6},"end":{"line":157,"column":null}},{"start":{},"end":{}}],"line":157},"53":{"loc":{"start":{"line":157,"column":10},"end":{"line":157,"column":20}},"type":"binary-expr","locations":[{"start":{"line":157,"column":10},"end":{"line":157,"column":16}},{"start":{"line":157,"column":16},"end":{"line":157,"column":20}}],"line":157},"54":{"loc":{"start":{"line":160,"column":8},"end":{"line":162,"column":null}},"type":"binary-expr","locations":[{"start":{"line":160,"column":8},"end":{"line":160,"column":null}},{"start":{"line":161,"column":8},"end":{"line":161,"column":null}},{"start":{"line":162,"column":8},"end":{"line":162,"column":null}}],"line":160},"55":{"loc":{"start":{"line":162,"column":15},"end":{"line":162,"column":28}},"type":"binary-expr","locations":[{"start":{"line":162,"column":15},"end":{"line":162,"column":27}},{"start":{"line":162,"column":27},"end":{"line":162,"column":28}}],"line":162},"56":{"loc":{"start":{"line":162,"column":41},"end":{"line":162,"column":54}},"type":"binary-expr","locations":[{"start":{"line":162,"column":41},"end":{"line":162,"column":53}},{"start":{"line":162,"column":53},"end":{"line":162,"column":54}}],"line":162},"57":{"loc":{"start":{"line":165,"column":8},"end":{"line":171,"column":null}},"type":"binary-expr","locations":[{"start":{"line":165,"column":8},"end":{"line":165,"column":null}},{"start":{"line":166,"column":9},"end":{"line":166,"column":null}},{"start":{"line":167,"column":10},"end":{"line":167,"column":null}},{"start":{"line":168,"column":10},"end":{"line":168,"column":null}},{"start":{"line":169,"column":10},"end":{"line":169,"column":null}},{"start":{"line":170,"column":10},"end":{"line":170,"column":null}},{"start":{"line":171,"column":10},"end":{"line":171,"column":null}}],"line":165},"58":{"loc":{"start":{"line":173,"column":6},"end":{"line":173,"column":null}},"type":"if","locations":[{"start":{"line":173,"column":6},"end":{"line":173,"column":null}},{"start":{},"end":{}}],"line":173},"59":{"loc":{"start":{"line":173,"column":10},"end":{"line":173,"column":31}},"type":"binary-expr","locations":[{"start":{"line":173,"column":10},"end":{"line":173,"column":20}},{"start":{"line":173,"column":20},"end":{"line":173,"column":31}}],"line":173},"60":{"loc":{"start":{"line":177,"column":20},"end":{"line":177,"column":null}},"type":"cond-expr","locations":[{"start":{"line":177,"column":28},"end":{"line":177,"column":38}},{"start":{"line":177,"column":38},"end":{"line":177,"column":null}}],"line":177},"61":{"loc":{"start":{"line":186,"column":6},"end":{"line":189,"column":null}},"type":"if","locations":[{"start":{"line":186,"column":6},"end":{"line":189,"column":null}},{"start":{"line":186,"column":54},"end":{"line":189,"column":null}}],"line":186},"62":{"loc":{"start":{"line":186,"column":54},"end":{"line":189,"column":null}},"type":"if","locations":[{"start":{"line":186,"column":54},"end":{"line":189,"column":null}},{"start":{"line":187,"column":63},"end":{"line":189,"column":null}}],"line":186},"63":{"loc":{"start":{"line":187,"column":63},"end":{"line":189,"column":null}},"type":"if","locations":[{"start":{"line":187,"column":63},"end":{"line":189,"column":null}},{"start":{"line":189,"column":11},"end":{"line":189,"column":null}}],"line":187},"64":{"loc":{"start":{"line":204,"column":27},"end":{"line":204,"column":48}},"type":"binary-expr","locations":[{"start":{"line":204,"column":27},"end":{"line":204,"column":46}},{"start":{"line":204,"column":46},"end":{"line":204,"column":48}}],"line":204},"65":{"loc":{"start":{"line":205,"column":42},"end":{"line":205,"column":60}},"type":"binary-expr","locations":[{"start":{"line":205,"column":42},"end":{"line":205,"column":58}},{"start":{"line":205,"column":58},"end":{"line":205,"column":60}}],"line":205},"66":{"loc":{"start":{"line":206,"column":4},"end":{"line":206,"column":null}},"type":"if","locations":[{"start":{"line":206,"column":4},"end":{"line":206,"column":null}},{"start":{},"end":{}}],"line":206},"67":{"loc":{"start":{"line":206,"column":8},"end":{"line":206,"column":27}},"type":"binary-expr","locations":[{"start":{"line":206,"column":8},"end":{"line":206,"column":20}},{"start":{"line":206,"column":20},"end":{"line":206,"column":27}}],"line":206},"68":{"loc":{"start":{"line":207,"column":26},"end":{"line":207,"column":42}},"type":"binary-expr","locations":[{"start":{"line":207,"column":26},"end":{"line":207,"column":41}},{"start":{"line":207,"column":41},"end":{"line":207,"column":42}}],"line":207},"69":{"loc":{"start":{"line":208,"column":4},"end":{"line":208,"column":null}},"type":"if","locations":[{"start":{"line":208,"column":4},"end":{"line":208,"column":null}},{"start":{},"end":{}}],"line":208},"70":{"loc":{"start":{"line":208,"column":8},"end":{"line":208,"column":49}},"type":"binary-expr","locations":[{"start":{"line":208,"column":8},"end":{"line":208,"column":36}},{"start":{"line":208,"column":36},"end":{"line":208,"column":49}}],"line":208},"71":{"loc":{"start":{"line":210,"column":18},"end":{"line":210,"column":39}},"type":"binary-expr","locations":[{"start":{"line":210,"column":18},"end":{"line":210,"column":34}},{"start":{"line":210,"column":34},"end":{"line":210,"column":39}}],"line":210},"72":{"loc":{"start":{"line":221,"column":42},"end":{"line":221,"column":60}},"type":"binary-expr","locations":[{"start":{"line":221,"column":42},"end":{"line":221,"column":58}},{"start":{"line":221,"column":58},"end":{"line":221,"column":60}}],"line":221},"73":{"loc":{"start":{"line":222,"column":4},"end":{"line":222,"column":null}},"type":"if","locations":[{"start":{"line":222,"column":4},"end":{"line":222,"column":null}},{"start":{},"end":{}}],"line":222},"74":{"loc":{"start":{"line":223,"column":26},"end":{"line":223,"column":42}},"type":"binary-expr","locations":[{"start":{"line":223,"column":26},"end":{"line":223,"column":41}},{"start":{"line":223,"column":41},"end":{"line":223,"column":42}}],"line":223},"75":{"loc":{"start":{"line":224,"column":4},"end":{"line":224,"column":null}},"type":"if","locations":[{"start":{"line":224,"column":4},"end":{"line":224,"column":null}},{"start":{},"end":{}}],"line":224},"76":{"loc":{"start":{"line":224,"column":8},"end":{"line":224,"column":49}},"type":"binary-expr","locations":[{"start":{"line":224,"column":8},"end":{"line":224,"column":36}},{"start":{"line":224,"column":36},"end":{"line":224,"column":49}}],"line":224},"77":{"loc":{"start":{"line":225,"column":19},"end":{"line":225,"column":41}},"type":"binary-expr","locations":[{"start":{"line":225,"column":19},"end":{"line":225,"column":36}},{"start":{"line":225,"column":36},"end":{"line":225,"column":41}}],"line":225},"78":{"loc":{"start":{"line":234,"column":25},"end":{"line":234,"column":41}},"type":"binary-expr","locations":[{"start":{"line":234,"column":25},"end":{"line":234,"column":39}},{"start":{"line":234,"column":39},"end":{"line":234,"column":41}}],"line":234},"79":{"loc":{"start":{"line":234,"column":51},"end":{"line":234,"column":67}},"type":"binary-expr","locations":[{"start":{"line":234,"column":51},"end":{"line":234,"column":65}},{"start":{"line":234,"column":65},"end":{"line":234,"column":67}}],"line":234}},"s":{"0":23,"1":23,"2":4,"3":19,"4":18,"5":1,"6":7,"7":7,"8":3,"9":4,"10":7,"11":0,"12":4,"13":4,"14":4,"15":7,"16":2,"17":2,"18":0,"19":3,"20":3,"21":1,"22":2,"23":3,"24":1,"25":1,"26":3,"27":3,"28":0,"29":0,"30":0,"31":0,"32":0,"33":0,"34":0,"35":0,"36":0,"37":0,"38":0,"39":4,"40":4,"41":1,"42":3,"43":5,"44":5,"45":5,"46":5,"47":5,"48":5,"49":5,"50":5,"51":5,"52":4,"53":2,"54":2,"55":0,"56":2,"57":5,"58":1,"59":1,"60":1,"61":0,"62":1,"63":0,"64":1,"65":5,"66":7,"67":7,"68":7,"69":2,"70":2,"71":5,"72":2,"73":2,"74":3,"75":0,"76":3,"77":7,"78":7,"79":0,"80":3,"81":5,"82":7,"83":7,"84":2,"85":5,"86":2,"87":3,"88":2,"89":1,"90":7,"91":5,"92":3,"93":3,"94":5,"95":5,"96":5,"97":1,"98":4,"99":5,"100":0,"101":4,"102":4,"103":3,"104":4,"105":4,"106":7,"107":7,"108":1,"109":6,"110":7,"111":1,"112":5,"113":4,"114":0,"115":0},"f":{"0":23,"1":7,"2":3,"3":0,"4":4,"5":5,"6":5,"7":5,"8":4,"9":1,"10":7,"11":7,"12":3,"13":5,"14":4,"15":7,"16":0},"b":{"0":[23,4],"1":[4,19],"2":[18,1],"3":[3,4],"4":[4,0],"5":[0,7],"6":[2,5],"7":[7,3],"8":[1,2],"9":[2,0],"10":[1,2],"11":[3,2],"12":[1,0],"13":[0,1],"14":[0,0],"15":[0,0],"16":[0,0,0],"17":[0,0],"18":[0,0],"19":[0,0],"20":[0,0],"21":[0,0],"22":[4,1],"23":[1,3],"24":[3,0],"25":[4,0],"26":[4,0],"27":[2,1],"28":[2,1],"29":[2,1],"30":[2,1],"31":[3,0],"32":[3,0],"33":[2,2],"34":[0,2],"35":[2,0],"36":[2,0],"37":[4,0],"38":[0,1],"39":[1,1],"40":[0,1],"41":[1,1],"42":[0,1],"43":[1,0],"44":[0,1],"45":[1,1],"46":[7,2],"47":[7,2],"48":[2,5],"49":[7,2],"50":[2,3],"51":[5,5],"52":[0,3],"53":[3,3],"54":[3,1,1],"55":[1,0],"56":[1,0],"57":[7,1,0,0,0,0,0],"58":[0,7],"59":[7,1],"60":[2,1],"61":[2,5],"62":[2,3],"63":[2,1],"64":[5,0],"65":[5,0],"66":[1,4],"67":[5,4],"68":[4,0],"69":[0,5],"70":[5,4],"71":[4,3],"72":[7,0],"73":[1,6],"74":[6,1],"75":[1,6],"76":[7,6],"77":[5,4],"78":[0,0],"79":[0,0]},"meta":{"lastBranch":80,"lastFunction":17,"lastStatement":116,"seen":{"f:12:16:12:34":0,"s:13:18:13:Infinity":0,"b:13:25:13:33:13:33:13:35":0,"b:14:2:14:Infinity:undefined:undefined:undefined:undefined":1,"s:14:2:14:Infinity":1,"s:14:16:14:Infinity":2,"b:15:2:15:Infinity:undefined:undefined:undefined:undefined":2,"s:15:2:15:Infinity":3,"s:15:42:15:Infinity":4,"s:16:2:16:Infinity":5,"f:22:16:22:37":1,"s:23:14:23:Infinity":6,"b:24:2:24:Infinity:undefined:undefined:undefined:undefined":3,"s:24:2:24:Infinity":7,"s:24:19:24:Infinity":8,"s:25:15:25:Infinity":9,"b:25:22:25:29:25:29:25:31":4,"b:26:2:26:Infinity:undefined:undefined:undefined:undefined":5,"s:26:2:26:Infinity":10,"s:26:13:26:Infinity":11,"s:27:2:34:Infinity":12,"s:28:16:28:Infinity":13,"s:29:14:29:Infinity":14,"b:30:4:30:Infinity:undefined:undefined:undefined:undefined":6,"s:30:4:30:Infinity":15,"b:30:8:30:33:30:33:30:43":7,"s:30:43:30:Infinity":16,"s:31:4:31:Infinity":17,"s:33:4:33:Infinity":18,"f:40:16:40:35":2,"s:41:17:41:Infinity":19,"b:42:2:42:Infinity:undefined:undefined:undefined:undefined":8,"s:42:2:42:Infinity":20,"s:42:14:42:Infinity":21,"s:43:13:43:Infinity":22,"b:43:20:43:42:43:42:43:43":9,"b:44:2:44:Infinity:undefined:undefined:undefined:undefined":10,"s:44:2:44:Infinity":23,"b:44:6:44:29:44:29:44:37":11,"s:44:37:44:Infinity":24,"s:46:13:46:Infinity":25,"b:46:20:46:42:46:42:46:44":12,"s:48:4:48:Infinity":26,"s:49:2:49:Infinity":27,"b:49:18:49:35:49:35:49:Infinity":13,"f:61:16:61:43":3,"s:62:17:62:Infinity":28,"s:63:13:63:Infinity":29,"b:63:20:63:42:63:42:63:43":14,"b:65:2:79:Infinity:67:2:79:Infinity":15,"s:65:2:79:Infinity":30,"b:65:6:65:16:65:16:65:39:65:39:65:47":16,"s:66:4:66:Infinity":31,"b:67:2:79:Infinity:69:2:79:Infinity":17,"s:67:2:79:Infinity":32,"s:68:4:68:Infinity":33,"b:69:2:79:Infinity:71:9:79:Infinity":18,"s:69:2:79:Infinity":34,"b:69:13:69:36:69:36:69:44":19,"s:70:4:70:Infinity":35,"s:73:15:73:Infinity":36,"b:73:22:73:44:73:44:73:46":20,"s:75:6:77:Infinity":37,"s:78:4:78:Infinity":38,"b:78:20:78:37:78:37:78:Infinity":21,"f:85:16:85:34":4,"s:86:13:86:Infinity":39,"b:86:20:86:40:86:40:86:42":22,"b:87:2:87:Infinity:undefined:undefined:undefined:undefined":23,"s:87:2:87:Infinity":40,"s:87:11:87:Infinity":41,"s:88:2:99:Infinity":42,"b:90:25:90:46:90:46:90:48":24,"b:91:40:91:58:91:58:91:60":25,"b:92:19:92:34:92:34:92:35":26,"b:93:38:93:50:93:50:93:Infinity":27,"b:94:46:94:58:94:58:94:Infinity":28,"b:95:50:95:62:95:62:95:Infinity":29,"b:96:64:96:76:96:76:96:Infinity":30,"b:97:44:97:56:97:56:97:Infinity":31,"b:98:48:98:60:98:60:98:Infinity":32,"f:105:16:105:Infinity":5,"s:109:15:109:Infinity":43,"s:110:15:110:Infinity":44,"s:111:2:111:Infinity":45,"f:111:17:111:18":6,"s:111:25:111:53":46,"s:112:2:112:Infinity":47,"f:112:17:112:18":7,"s:112:25:112:53":48,"s:114:17:114:Infinity":49,"s:115:31:115:Infinity":50,"s:117:22:121:Infinity":51,"f:117:22:117:23":8,"b:118:4:118:Infinity:undefined:undefined:undefined:undefined":33,"s:118:4:118:Infinity":52,"s:118:17:118:Infinity":53,"b:119:4:119:Infinity:undefined:undefined:undefined:undefined":34,"s:119:4:119:Infinity":54,"b:119:8:119:21:119:21:119:32":35,"s:119:32:119:Infinity":55,"s:120:4:120:Infinity":56,"b:120:18:120:23:120:23:120:25":36,"b:120:38:120:43:120:43:120:45":37,"s:123:28:129:Infinity":57,"f:123:28:123:29":9,"s:124:15:124:Infinity":58,"b:124:50:124:57:124:57:124:Infinity":38,"b:124:15:124:28:124:28:124:50":39,"s:125:15:125:Infinity":59,"b:125:50:125:57:125:57:125:Infinity":40,"b:125:15:125:28:125:28:125:50":41,"b:126:4:126:Infinity:undefined:undefined:undefined:undefined":42,"s:126:4:126:Infinity":60,"b:126:8:126:22:126:22:126:34":43,"s:126:34:126:Infinity":61,"b:127:4:127:Infinity:undefined:undefined:undefined:undefined":44,"s:127:4:127:Infinity":62,"b:127:8:127:22:127:22:127:34":45,"s:127:34:127:Infinity":63,"s:128:4:128:Infinity":64,"s:131:2:181:Infinity":65,"f:133:13:133:14":10,"s:134:16:134:Infinity":66,"b:134:16:134:32:134:32:134:Infinity":46,"s:135:16:135:Infinity":67,"b:135:16:135:32:135:32:135:Infinity":47,"b:137:6:145:Infinity:undefined:undefined:undefined:undefined":48,"s:137:6:145:Infinity":68,"b:137:10:137:16:137:16:137:19":49,"s:138:8:143:Infinity":69,"s:144:8:144:Infinity":70,"b:147:6:155:Infinity:undefined:undefined:undefined:undefined":50,"s:147:6:155:Infinity":71,"b:147:10:147:15:147:15:147:19":51,"s:148:8:153:Infinity":72,"s:154:8:154:Infinity":73,"b:157:6:157:Infinity:undefined:undefined:undefined:undefined":52,"s:157:6:157:Infinity":74,"b:157:10:157:16:157:16:157:20":53,"s:157:20:157:Infinity":75,"s:160:8:162:Infinity":76,"b:160:8:160:Infinity:161:8:161:Infinity:162:8:162:Infinity":54,"b:162:15:162:27:162:27:162:28":55,"b:162:41:162:53:162:53:162:54":56,"s:165:8:171:Infinity":77,"b:165:8:165:Infinity:166:9:166:Infinity:167:10:167:Infinity:168:10:168:Infinity:169:10:169:Infinity:170:10:170:Infinity:171:10:171:Infinity":57,"b:173:6:173:Infinity:undefined:undefined:undefined:undefined":58,"s:173:6:173:Infinity":78,"b:173:10:173:20:173:20:173:31":59,"s:173:31:173:Infinity":79,"s:175:6:180:Infinity":80,"b:177:28:177:38:177:38:177:Infinity":60,"s:183:43:193:Infinity":81,"f:184:4:184:5":11,"s:185:6:185:Infinity":82,"b:186:6:189:Infinity:186:54:189:Infinity":61,"s:186:6:189:Infinity":83,"s:186:36:186:Infinity":84,"b:186:54:189:Infinity:187:63:189:Infinity":62,"s:186:54:189:Infinity":85,"s:187:43:187:Infinity":86,"b:187:63:189:Infinity:189:11:189:Infinity":63,"s:187:63:189:Infinity":87,"s:188:41:188:Infinity":88,"s:189:11:189:Infinity":89,"s:190:6:190:Infinity":90,"s:195:2:195:Infinity":91,"f:201:16:201:35":12,"s:202:14:202:Infinity":92,"s:203:2:211:Infinity":93,"f:203:16:203:17":13,"s:204:20:204:Infinity":94,"b:204:27:204:46:204:46:204:48":64,"s:205:17:205:Infinity":95,"b:205:42:205:58:205:58:205:60":65,"b:206:4:206:Infinity:undefined:undefined:undefined:undefined":66,"s:206:4:206:Infinity":96,"b:206:8:206:20:206:20:206:27":67,"s:206:27:206:Infinity":97,"s:207:19:207:Infinity":98,"b:207:26:207:41:207:41:207:42":68,"b:208:4:208:Infinity:undefined:undefined:undefined:undefined":69,"s:208:4:208:Infinity":99,"b:208:8:208:36:208:36:208:49":70,"s:208:49:208:Infinity":100,"s:209:16:209:Infinity":101,"s:210:4:210:Infinity":102,"b:210:18:210:34:210:34:210:39":71,"s:212:2:212:Infinity":103,"f:218:16:218:35":14,"s:219:14:219:Infinity":104,"s:220:2:226:Infinity":105,"f:220:16:220:17":15,"s:221:17:221:Infinity":106,"b:221:42:221:58:221:58:221:60":72,"b:222:4:222:Infinity:undefined:undefined:undefined:undefined":73,"s:222:4:222:Infinity":107,"s:222:15:222:Infinity":108,"s:223:19:223:Infinity":109,"b:223:26:223:41:223:41:223:42":74,"b:224:4:224:Infinity:undefined:undefined:undefined:undefined":75,"s:224:4:224:Infinity":110,"b:224:8:224:36:224:36:224:49":76,"s:224:49:224:Infinity":111,"s:225:4:225:Infinity":112,"b:225:19:225:36:225:36:225:41":77,"s:227:2:227:Infinity":113,"f:233:16:233:37":16,"s:234:17:234:Infinity":114,"b:234:25:234:39:234:39:234:41":78,"b:234:51:234:65:234:65:234:67":79,"s:235:2:235:Infinity":115}}}
,"/Users/butianzheng/Documents/trae_projects/hot-rolling-finish-aps/src/components/guards/FrozenZoneBadge.tsx": {"path":"/Users/butianzheng/Documents/trae_projects/hot-rolling-finish-aps/src/components/guards/FrozenZoneBadge.tsx","statementMap":{"0":{"start":{"line":51,"column":63},"end":{"line":96,"column":null}},"1":{"start":{"line":58,"column":2},"end":{"line":58,"column":null}},"2":{"start":{"line":58,"column":15},"end":{"line":58,"column":null}},"3":{"start":{"line":61,"column":2},"end":{"line":69,"column":null}},"4":{"start":{"line":62,"column":4},"end":{"line":67,"column":null}},"5":{"start":{"line":72,"column":2},"end":{"line":94,"column":null}}},"fnMap":{"0":{"name":"(anonymous_0)","decl":{"start":{"line":51,"column":63},"end":{"line":51,"column":64}},"loc":{"start":{"line":56,"column":6},"end":{"line":96,"column":null}},"line":56}},"branchMap":{"0":{"loc":{"start":{"line":53,"column":2},"end":{"line":53,"column":null}},"type":"default-arg","locations":[{"start":{"line":53,"column":17},"end":{"line":53,"column":null}}],"line":53},"1":{"loc":{"start":{"line":54,"column":2},"end":{"line":54,"column":null}},"type":"default-arg","locations":[{"start":{"line":54,"column":9},"end":{"line":54,"column":null}}],"line":54},"2":{"loc":{"start":{"line":58,"column":2},"end":{"line":58,"column":null}},"type":"if","locations":[{"start":{"line":58,"column":2},"end":{"line":58,"column":null}},{"start":{},"end":{}}],"line":58},"3":{"loc":{"start":{"line":61,"column":2},"end":{"line":69,"column":null}},"type":"if","locations":[{"start":{"line":61,"column":2},"end":{"line":69,"column":null}},{"start":{},"end":{}}],"line":61},"4":{"loc":{"start":{"line":63,"column":22},"end":{"line":63,"column":null}},"type":"binary-expr","locations":[{"start":{"line":63,"column":22},"end":{"line":63,"column":36}},{"start":{"line":63,"column":36},"end":{"line":63,"column":null}}],"line":63},"5":{"loc":{"start":{"line":91,"column":11},"end":{"line":91,"column":null}},"type":"binary-expr","locations":[{"start":{"line":91,"column":11},"end":{"line":91,"column":25}},{"start":{"line":91,"column":25},"end":{"line":91,"column":null}}],"line":91}},"s":{"0":1,"1":13,"2":2,"3":11,"4":6,"5":5},"f":{"0":13},"b":{"0":[13],"1":[13],"2":[2,11],"3":[6,5],"4":[6,5],"5":[5,4]},"meta":{"lastBranch":6,"lastFunction":1,"lastStatement":6,"seen":{"s:51:63:96:Infinity":0,"f:51:63:51:64":0,"b:53:17:53:Infinity":0,"b:54:9:54:Infinity":1,"b:58:2:58:Infinity:undefined:undefined:undefined:undefined":2,"s:58:2:58:Infinity":1,"s:58:15:58:Infinity":2,"b:61:2:69:Infinity:undefined:undefined:undefined:undefined":3,"s:61:2:69:Infinity":3,"s:62:4:67:Infinity":4,"b:63:22:63:36:63:36:63:Infinity":4,"s:72:2:94:Infinity":5,"b:91:11:91:25:91:25:91:Infinity":5}}}
,"/Users/butianzheng/Documents/trae_projects/hot-rolling-finish-aps/src/components/plan-management/exportHelpers.ts": {"path":"/Users/butianzheng/Documents/trae_projects/hot-rolling-finish-aps/src/components/plan-management/exportHelpers.ts","statementMap":{"0":{"start":{"line":12,"column":35},"end":{"line":34,"column":null}},"1":{"start":{"line":16,"column":47},"end":{"line":16,"column":null}},"2":{"start":{"line":17,"column":2},"end":{"line":17,"column":null}},"3":{"start":{"line":17,"column":44},"end":{"line":17,"column":null}},"4":{"start":{"line":19,"column":15},"end":{"line":29,"column":null}},"5":{"start":{"line":19,"column":50},"end":{"line":29,"column":4}},"6":{"start":{"line":31,"column":19},"end":{"line":31,"column":null}},"7":{"start":{"line":32,"column":2},"end":{"line":33,"column":null}},"8":{"start":{"line":32,"column":24},"end":{"line":32,"column":null}},"9":{"start":{"line":33,"column":7},"end":{"line":33,"column":null}},"10":{"start":{"line":36,"column":27},"end":{"line":61,"column":null}},"11":{"start":{"line":40,"column":45},"end":{"line":40,"column":null}},"12":{"start":{"line":41,"column":2},"end":{"line":41,"column":null}},"13":{"start":{"line":41,"column":42},"end":{"line":41,"column":null}},"14":{"start":{"line":43,"column":15},"end":{"line":56,"column":null}},"15":{"start":{"line":43,"column":49},"end":{"line":56,"column":4}},"16":{"start":{"line":58,"column":19},"end":{"line":58,"column":null}},"17":{"start":{"line":59,"column":2},"end":{"line":60,"column":null}},"18":{"start":{"line":59,"column":24},"end":{"line":59,"column":null}},"19":{"start":{"line":60,"column":7},"end":{"line":60,"column":null}},"20":{"start":{"line":63,"column":41},"end":{"line":85,"column":null}},"21":{"start":{"line":64,"column":60},"end":{"line":64,"column":null}},"22":{"start":{"line":65,"column":2},"end":{"line":65,"column":null}},"23":{"start":{"line":65,"column":22},"end":{"line":65,"column":null}},"24":{"start":{"line":67,"column":2},"end":{"line":84,"column":null}},"25":{"start":{"line":68,"column":17},"end":{"line":78,"column":null}},"26":{"start":{"line":79,"column":4},"end":{"line":79,"column":null}},"27":{"start":{"line":80,"column":4},"end":{"line":80,"column":null}},"28":{"start":{"line":82,"column":25},"end":{"line":82,"column":null}},"29":{"start":{"line":83,"column":4},"end":{"line":83,"column":null}},"30":{"start":{"line":87,"column":36},"end":{"line":131,"column":null}},"31":{"start":{"line":88,"column":96},"end":{"line":88,"column":null}},"32":{"start":{"line":89,"column":2},"end":{"line":89,"column":null}},"33":{"start":{"line":89,"column":22},"end":{"line":89,"column":null}},"34":{"start":{"line":91,"column":17},"end":{"line":91,"column":null}},"35":{"start":{"line":92,"column":25},"end":{"line":92,"column":null}},"36":{"start":{"line":94,"column":23},"end":{"line":96,"column":null}},"37":{"start":{"line":98,"column":25},"end":{"line":98,"column":null}},"38":{"start":{"line":100,"column":4},"end":{"line":104,"column":null}},"39":{"start":{"line":102,"column":22},"end":{"line":102,"column":142}},"40":{"start":{"line":106,"column":21},"end":{"line":106,"column":null}},"41":{"start":{"line":108,"column":4},"end":{"line":116,"column":null}},"42":{"start":{"line":111,"column":25},"end":{"line":111,"column":null}},"43":{"start":{"line":112,"column":23},"end":{"line":112,"column":null}},"44":{"start":{"line":113,"column":12},"end":{"line":113,"column":null}},"45":{"start":{"line":118,"column":26},"end":{"line":120,"column":null}},"46":{"start":{"line":122,"column":31},"end":{"line":122,"column":null}},"47":{"start":{"line":124,"column":2},"end":{"line":130,"column":null}},"48":{"start":{"line":125,"column":4},"end":{"line":125,"column":null}},"49":{"start":{"line":126,"column":4},"end":{"line":126,"column":null}},"50":{"start":{"line":128,"column":25},"end":{"line":128,"column":null}},"51":{"start":{"line":129,"column":4},"end":{"line":129,"column":null}},"52":{"start":{"line":133,"column":32},"end":{"line":250,"column":null}},"53":{"start":{"line":134,"column":96},"end":{"line":134,"column":null}},"54":{"start":{"line":135,"column":2},"end":{"line":135,"column":null}},"55":{"start":{"line":135,"column":22},"end":{"line":135,"column":null}},"56":{"start":{"line":137,"column":25},"end":{"line":137,"column":null}},"57":{"start":{"line":138,"column":21},"end":{"line":138,"column":null}},"58":{"start":{"line":140,"column":17},"end":{"line":145,"column":null}},"59":{"start":{"line":141,"column":4},"end":{"line":145,"column":null}},"60":{"start":{"line":147,"column":15},"end":{"line":239,"column":null}},"61":{"start":{"line":196,"column":22},"end":{"line":196,"column":130}},"62":{"start":{"line":211,"column":25},"end":{"line":211,"column":null}},"63":{"start":{"line":212,"column":23},"end":{"line":212,"column":null}},"64":{"start":{"line":213,"column":12},"end":{"line":217,"column":null}},"65":{"start":{"line":243,"column":2},"end":{"line":249,"column":null}},"66":{"start":{"line":244,"column":4},"end":{"line":244,"column":null}},"67":{"start":{"line":245,"column":4},"end":{"line":245,"column":null}},"68":{"start":{"line":247,"column":25},"end":{"line":247,"column":null}},"69":{"start":{"line":248,"column":4},"end":{"line":248,"column":null}}},"fnMap":{"0":{"name":"(anonymous_0)","decl":{"start":{"line":12,"column":35},"end":{"line":12,"column":null}},"loc":{"start":{"line":15,"column":20},"end":{"line":34,"column":null}},"line":15},"1":{"name":"(anonymous_1)","decl":{"start":{"line":19,"column":42},"end":{"line":19,"column":43}},"loc":{"start":{"line":19,"column":50},"end":{"line":29,"column":4}},"line":19},"2":{"name":"(anonymous_2)","decl":{"start":{"line":36,"column":27},"end":{"line":36,"column":null}},"loc":{"start":{"line":39,"column":20},"end":{"line":61,"column":null}},"line":39},"3":{"name":"(anonymous_3)","decl":{"start":{"line":43,"column":41},"end":{"line":43,"column":42}},"loc":{"start":{"line":43,"column":49},"end":{"line":56,"column":4}},"line":43},"4":{"name":"(anonymous_4)","decl":{"start":{"line":63,"column":41},"end":{"line":63,"column":48}},"loc":{"start":{"line":63,"column":90},"end":{"line":85,"column":null}},"line":63},"5":{"name":"(anonymous_5)","decl":{"start":{"line":87,"column":36},"end":{"line":87,"column":43}},"loc":{"start":{"line":87,"column":85},"end":{"line":131,"column":null}},"line":87},"6":{"name":"(anonymous_6)","decl":{"start":{"line":102,"column":15},"end":{"line":102,"column":16}},"loc":{"start":{"line":102,"column":22},"end":{"line":102,"column":142}},"line":102},"7":{"name":"(anonymous_7)","decl":{"start":{"line":110,"column":15},"end":{"line":110,"column":16}},"loc":{"start":{"line":110,"column":22},"end":{"line":114,"column":11}},"line":110},"8":{"name":"(anonymous_8)","decl":{"start":{"line":133,"column":32},"end":{"line":133,"column":39}},"loc":{"start":{"line":133,"column":81},"end":{"line":250,"column":null}},"line":133},"9":{"name":"(anonymous_9)","decl":{"start":{"line":140,"column":17},"end":{"line":140,"column":18}},"loc":{"start":{"line":141,"column":4},"end":{"line":145,"column":null}},"line":141},"10":{"name":"(anonymous_10)","decl":{"start":{"line":196,"column":15},"end":{"line":196,"column":16}},"loc":{"start":{"line":196,"column":22},"end":{"line":196,"column":130}},"line":196},"11":{"name":"(anonymous_11)","decl":{"start":{"line":210,"column":15},"end":{"line":210,"column":16}},"loc":{"start":{"line":210,"column":22},"end":{"line":219,"column":11}},"line":210}},"branchMap":{"0":{"loc":{"start":{"line":17,"column":2},"end":{"line":17,"column":null}},"type":"if","locations":[{"start":{"line":17,"column":2},"end":{"line":17,"column":null}},{"start":{},"end":{}}],"line":17},"1":{"loc":{"start":{"line":17,"column":6},"end":{"line":17,"column":44}},"type":"binary-expr","locations":[{"start":{"line":17,"column":6},"end":{"line":17,"column":24}},{"start":{"line":17,"column":24},"end":{"line":17,"column":44}}],"line":17},"2":{"loc":{"start":{"line":32,"column":2},"end":{"line":33,"column":null}},"type":"if","locations":[{"start":{"line":32,"column":2},"end":{"line":33,"column":null}},{"start":{"line":33,"column":7},"end":{"line":33,"column":null}}],"line":32},"3":{"loc":{"start":{"line":41,"column":2},"end":{"line":41,"column":null}},"type":"if","locations":[{"start":{"line":41,"column":2},"end":{"line":41,"column":null}},{"start":{},"end":{}}],"line":41},"4":{"loc":{"start":{"line":41,"column":6},"end":{"line":41,"column":42}},"type":"binary-expr","locations":[{"start":{"line":41,"column":6},"end":{"line":41,"column":24}},{"start":{"line":41,"column":24},"end":{"line":41,"column":42}}],"line":41},"5":{"loc":{"start":{"line":46,"column":18},"end":{"line":46,"column":null}},"type":"binary-expr","locations":[{"start":{"line":46,"column":18},"end":{"line":46,"column":51}},{"start":{"line":46,"column":51},"end":{"line":46,"column":null}}],"line":46},"6":{"loc":{"start":{"line":47,"column":15},"end":{"line":47,"column":null}},"type":"binary-expr","locations":[{"start":{"line":47,"column":15},"end":{"line":47,"column":45}},{"start":{"line":47,"column":45},"end":{"line":47,"column":null}}],"line":47},"7":{"loc":{"start":{"line":48,"column":14},"end":{"line":48,"column":null}},"type":"binary-expr","locations":[{"start":{"line":48,"column":14},"end":{"line":48,"column":41}},{"start":{"line":48,"column":41},"end":{"line":48,"column":null}}],"line":48},"8":{"loc":{"start":{"line":49,"column":16},"end":{"line":49,"column":null}},"type":"binary-expr","locations":[{"start":{"line":49,"column":16},"end":{"line":49,"column":48}},{"start":{"line":49,"column":48},"end":{"line":49,"column":null}}],"line":49},"9":{"loc":{"start":{"line":50,"column":13},"end":{"line":50,"column":null}},"type":"binary-expr","locations":[{"start":{"line":50,"column":13},"end":{"line":50,"column":42}},{"start":{"line":50,"column":42},"end":{"line":50,"column":null}}],"line":50},"10":{"loc":{"start":{"line":51,"column":12},"end":{"line":51,"column":null}},"type":"binary-expr","locations":[{"start":{"line":51,"column":12},"end":{"line":51,"column":38}},{"start":{"line":51,"column":38},"end":{"line":51,"column":null}}],"line":51},"11":{"loc":{"start":{"line":52,"column":14},"end":{"line":52,"column":null}},"type":"binary-expr","locations":[{"start":{"line":52,"column":14},"end":{"line":52,"column":42}},{"start":{"line":52,"column":42},"end":{"line":52,"column":71}},{"start":{"line":52,"column":71},"end":{"line":52,"column":null}}],"line":52},"12":{"loc":{"start":{"line":53,"column":18},"end":{"line":53,"column":null}},"type":"binary-expr","locations":[{"start":{"line":53,"column":18},"end":{"line":53,"column":50}},{"start":{"line":53,"column":50},"end":{"line":53,"column":83}},{"start":{"line":53,"column":83},"end":{"line":53,"column":null}}],"line":53},"13":{"loc":{"start":{"line":54,"column":20},"end":{"line":54,"column":null}},"type":"binary-expr","locations":[{"start":{"line":54,"column":20},"end":{"line":54,"column":54}},{"start":{"line":54,"column":54},"end":{"line":54,"column":89}},{"start":{"line":54,"column":89},"end":{"line":54,"column":null}}],"line":54},"14":{"loc":{"start":{"line":55,"column":27},"end":{"line":55,"column":null}},"type":"binary-expr","locations":[{"start":{"line":55,"column":27},"end":{"line":55,"column":68}},{"start":{"line":55,"column":68},"end":{"line":55,"column":110}},{"start":{"line":55,"column":110},"end":{"line":55,"column":null}}],"line":55},"15":{"loc":{"start":{"line":59,"column":2},"end":{"line":60,"column":null}},"type":"if","locations":[{"start":{"line":59,"column":2},"end":{"line":60,"column":null}},{"start":{"line":60,"column":7},"end":{"line":60,"column":null}}],"line":59},"16":{"loc":{"start":{"line":65,"column":2},"end":{"line":65,"column":null}},"type":"if","locations":[{"start":{"line":65,"column":2},"end":{"line":65,"column":null}},{"start":{},"end":{}}],"line":65},"17":{"loc":{"start":{"line":82,"column":25},"end":{"line":82,"column":null}},"type":"cond-expr","locations":[{"start":{"line":82,"column":46},"end":{"line":82,"column":58}},{"start":{"line":82,"column":58},"end":{"line":82,"column":null}}],"line":82},"18":{"loc":{"start":{"line":89,"column":2},"end":{"line":89,"column":null}},"type":"if","locations":[{"start":{"line":89,"column":2},"end":{"line":89,"column":null}},{"start":{},"end":{}}],"line":89},"19":{"loc":{"start":{"line":94,"column":23},"end":{"line":96,"column":null}},"type":"cond-expr","locations":[{"start":{"line":95,"column":6},"end":{"line":95,"column":null}},{"start":{"line":96,"column":6},"end":{"line":96,"column":null}}],"line":94},"20":{"loc":{"start":{"line":98,"column":25},"end":{"line":98,"column":null}},"type":"cond-expr","locations":[{"start":{"line":98,"column":71},"end":{"line":98,"column":102}},{"start":{"line":98,"column":102},"end":{"line":98,"column":null}}],"line":98},"21":{"loc":{"start":{"line":100,"column":4},"end":{"line":104,"column":null}},"type":"cond-expr","locations":[{"start":{"line":101,"column":8},"end":{"line":103,"column":null}},{"start":{"line":104,"column":8},"end":{"line":104,"column":null}}],"line":100},"22":{"loc":{"start":{"line":102,"column":46},"end":{"line":102,"column":89}},"type":"cond-expr","locations":[{"start":{"line":102,"column":66},"end":{"line":102,"column":72}},{"start":{"line":102,"column":72},"end":{"line":102,"column":89}}],"line":102},"23":{"loc":{"start":{"line":102,"column":95},"end":{"line":102,"column":138}},"type":"cond-expr","locations":[{"start":{"line":102,"column":115},"end":{"line":102,"column":121}},{"start":{"line":102,"column":121},"end":{"line":102,"column":138}}],"line":102},"24":{"loc":{"start":{"line":106,"column":21},"end":{"line":106,"column":null}},"type":"cond-expr","locations":[{"start":{"line":106,"column":39},"end":{"line":106,"column":77}},{"start":{"line":106,"column":77},"end":{"line":106,"column":null}}],"line":106},"25":{"loc":{"start":{"line":108,"column":4},"end":{"line":116,"column":null}},"type":"cond-expr","locations":[{"start":{"line":109,"column":8},"end":{"line":115,"column":null}},{"start":{"line":116,"column":8},"end":{"line":116,"column":null}}],"line":108},"26":{"loc":{"start":{"line":111,"column":25},"end":{"line":111,"column":null}},"type":"cond-expr","locations":[{"start":{"line":111,"column":43},"end":{"line":111,"column":135}},{"start":{"line":111,"column":135},"end":{"line":111,"column":null}}],"line":111},"27":{"loc":{"start":{"line":112,"column":23},"end":{"line":112,"column":null}},"type":"cond-expr","locations":[{"start":{"line":112,"column":40},"end":{"line":112,"column":129}},{"start":{"line":112,"column":129},"end":{"line":112,"column":null}}],"line":112},"28":{"loc":{"start":{"line":118,"column":26},"end":{"line":120,"column":null}},"type":"cond-expr","locations":[{"start":{"line":119,"column":6},"end":{"line":119,"column":null}},{"start":{"line":120,"column":6},"end":{"line":120,"column":null}}],"line":118},"29":{"loc":{"start":{"line":122,"column":49},"end":{"line":122,"column":82}},"type":"binary-expr","locations":[{"start":{"line":122,"column":49},"end":{"line":122,"column":77}},{"start":{"line":122,"column":77},"end":{"line":122,"column":82}}],"line":122},"30":{"loc":{"start":{"line":128,"column":25},"end":{"line":128,"column":null}},"type":"cond-expr","locations":[{"start":{"line":128,"column":46},"end":{"line":128,"column":58}},{"start":{"line":128,"column":58},"end":{"line":128,"column":null}}],"line":128},"31":{"loc":{"start":{"line":135,"column":2},"end":{"line":135,"column":null}},"type":"if","locations":[{"start":{"line":135,"column":2},"end":{"line":135,"column":null}},{"start":{},"end":{}}],"line":135},"32":{"loc":{"start":{"line":137,"column":25},"end":{"line":137,"column":null}},"type":"cond-expr","locations":[{"start":{"line":137,"column":71},"end":{"line":137,"column":102}},{"start":{"line":137,"column":102},"end":{"line":137,"column":null}}],"line":137},"33":{"loc":{"start":{"line":138,"column":21},"end":{"line":138,"column":null}},"type":"cond-expr","locations":[{"start":{"line":138,"column":39},"end":{"line":138,"column":77}},{"start":{"line":138,"column":77},"end":{"line":138,"column":null}}],"line":138},"34":{"loc":{"start":{"line":141,"column":11},"end":{"line":141,"column":18}},"type":"binary-expr","locations":[{"start":{"line":141,"column":11},"end":{"line":141,"column":16}},{"start":{"line":141,"column":16},"end":{"line":141,"column":18}}],"line":141},"35":{"loc":{"start":{"line":180,"column":6},"end":{"line":186,"column":null}},"type":"cond-expr","locations":[{"start":{"line":181,"column":10},"end":{"line":184,"column":null}},{"start":{"line":186,"column":10},"end":{"line":186,"column":null}}],"line":180},"36":{"loc":{"start":{"line":191,"column":6},"end":{"line":200,"column":null}},"type":"cond-expr","locations":[{"start":{"line":192,"column":10},"end":{"line":197,"column":null}},{"start":{"line":200,"column":10},"end":{"line":200,"column":null}}],"line":191},"37":{"loc":{"start":{"line":196,"column":65},"end":{"line":196,"column":81}},"type":"binary-expr","locations":[{"start":{"line":196,"column":65},"end":{"line":196,"column":78}},{"start":{"line":196,"column":78},"end":{"line":196,"column":81}}],"line":196},"38":{"loc":{"start":{"line":196,"column":101},"end":{"line":196,"column":117}},"type":"binary-expr","locations":[{"start":{"line":196,"column":101},"end":{"line":196,"column":114}},{"start":{"line":196,"column":114},"end":{"line":196,"column":117}}],"line":196},"39":{"loc":{"start":{"line":205,"column":6},"end":{"line":223,"column":null}},"type":"cond-expr","locations":[{"start":{"line":206,"column":10},"end":{"line":220,"column":null}},{"start":{"line":223,"column":10},"end":{"line":223,"column":null}}],"line":205},"40":{"loc":{"start":{"line":211,"column":25},"end":{"line":211,"column":null}},"type":"cond-expr","locations":[{"start":{"line":211,"column":43},"end":{"line":211,"column":135}},{"start":{"line":211,"column":135},"end":{"line":211,"column":null}}],"line":211},"41":{"loc":{"start":{"line":212,"column":23},"end":{"line":212,"column":null}},"type":"cond-expr","locations":[{"start":{"line":212,"column":40},"end":{"line":212,"column":129}},{"start":{"line":212,"column":129},"end":{"line":212,"column":null}}],"line":212},"42":{"loc":{"start":{"line":214,"column":39},"end":{"line":214,"column":82}},"type":"cond-expr","locations":[{"start":{"line":214,"column":68},"end":{"line":214,"column":76}},{"start":{"line":214,"column":76},"end":{"line":214,"column":82}}],"line":214},"43":{"loc":{"start":{"line":228,"column":6},"end":{"line":233,"column":null}},"type":"cond-expr","locations":[{"start":{"line":229,"column":10},"end":{"line":231,"column":null}},{"start":{"line":233,"column":10},"end":{"line":233,"column":null}}],"line":228},"44":{"loc":{"start":{"line":238,"column":6},"end":{"line":238,"column":null}},"type":"binary-expr","locations":[{"start":{"line":238,"column":6},"end":{"line":238,"column":34}},{"start":{"line":238,"column":34},"end":{"line":238,"column":null}}],"line":238},"45":{"loc":{"start":{"line":247,"column":25},"end":{"line":247,"column":null}},"type":"cond-expr","locations":[{"start":{"line":247,"column":46},"end":{"line":247,"column":58}},{"start":{"line":247,"column":58},"end":{"line":247,"column":null}}],"line":247}},"s":{"0":1,"1":3,"2":3,"3":1,"4":2,"5":2,"6":2,"7":2,"8":1,"9":1,"10":1,"11":2,"12":2,"13":1,"14":1,"15":1,"16":1,"17":1,"18":0,"19":1,"20":1,"21":3,"22":3,"23":1,"24":2,"25":2,"26":2,"27":2,"28":1,"29":1,"30":1,"31":1,"32":1,"33":0,"34":1,"35":1,"36":1,"37":1,"38":1,"39":0,"40":1,"41":1,"42":1,"43":1,"44":1,"45":1,"46":1,"47":1,"48":1,"49":1,"50":0,"51":0,"52":1,"53":8,"54":8,"55":0,"56":8,"57":8,"58":8,"59":72,"60":8,"61":0,"62":0,"63":0,"64":0,"65":8,"66":8,"67":8,"68":1,"69":1},"f":{"0":3,"1":2,"2":2,"3":1,"4":3,"5":1,"6":0,"7":1,"8":8,"9":72,"10":0,"11":0},"b":{"0":[1,2],"1":[3,3],"2":[1,1],"3":[1,1],"4":[2,2],"5":[1,0],"6":[1,0],"7":[1,0],"8":[1,0],"9":[1,0],"10":[1,0],"11":[1,1,1],"12":[1,1,1],"13":[1,1,1],"14":[1,1,1],"15":[0,1],"16":[1,2],"17":[1,0],"18":[0,1],"19":[1,0],"20":[0,1],"21":[0,1],"22":[0,0],"23":[0,0],"24":[1,0],"25":[1,0],"26":[0,1],"27":[1,0],"28":[1,0],"29":[1,0],"30":[0,0],"31":[0,8],"32":[0,8],"33":[0,8],"34":[72,0],"35":[0,8],"36":[0,8],"37":[0,0],"38":[0,0],"39":[0,8],"40":[0,0],"41":[0,0],"42":[0,0],"43":[0,8],"44":[8,2],"45":[1,0]},"meta":{"lastBranch":46,"lastFunction":12,"lastStatement":70,"seen":{"s:12:35:34:Infinity":0,"f:12:35:12:Infinity":0,"s:16:47:16:Infinity":1,"b:17:2:17:Infinity:undefined:undefined:undefined:undefined":0,"s:17:2:17:Infinity":2,"b:17:6:17:24:17:24:17:44":1,"s:17:44:17:Infinity":3,"s:19:15:29:Infinity":4,"f:19:42:19:43":1,"s:19:50:29:4":5,"s:31:19:31:Infinity":6,"b:32:2:33:Infinity:33:7:33:Infinity":2,"s:32:2:33:Infinity":7,"s:32:24:32:Infinity":8,"s:33:7:33:Infinity":9,"s:36:27:61:Infinity":10,"f:36:27:36:Infinity":2,"s:40:45:40:Infinity":11,"b:41:2:41:Infinity:undefined:undefined:undefined:undefined":3,"s:41:2:41:Infinity":12,"b:41:6:41:24:41:24:41:42":4,"s:41:42:41:Infinity":13,"s:43:15:56:Infinity":14,"f:43:41:43:42":3,"s:43:49:56:4":15,"b:46:18:46:51:46:51:46:Infinity":5,"b:47:15:47:45:47:45:47:Infinity":6,"b:48:14:48:41:48:41:48:Infinity":7,"b:49:16:49:48:49:48:49:Infinity":8,"b:50:13:50:42:50:42:50:Infinity":9,"b:51:12:51:38:51:38:51:Infinity":10,"b:52:14:52:42:52:42:52:71:52:71:52:Infinity":11,"b:53:18:53:50:53:50:53:83:53:83:53:Infinity":12,"b:54:20:54:54:54:54:54:89:54:89:54:Infinity":13,"b:55:27:55:68:55:68:55:110:55:110:55:Infinity":14,"s:58:19:58:Infinity":16,"b:59:2:60:Infinity:60:7:60:Infinity":15,"s:59:2:60:Infinity":17,"s:59:24:59:Infinity":18,"s:60:7:60:Infinity":19,"s:63:41:85:Infinity":20,"f:63:41:63:48":4,"s:64:60:64:Infinity":21,"b:65:2:65:Infinity:undefined:undefined:undefined:undefined":16,"s:65:2:65:Infinity":22,"s:65:22:65:Infinity":23,"s:67:2:84:Infinity":24,"s:68:17:78:Infinity":25,"s:79:4:79:Infinity":26,"s:80:4:80:Infinity":27,"s:82:25:82:Infinity":28,"b:82:46:82:58:82:58:82:Infinity":17,"s:83:4:83:Infinity":29,"s:87:36:131:Infinity":30,"f:87:36:87:43":5,"s:88:96:88:Infinity":31,"b:89:2:89:Infinity:undefined:undefined:undefined:undefined":18,"s:89:2:89:Infinity":32,"s:89:22:89:Infinity":33,"s:91:17:91:Infinity":34,"s:92:25:92:Infinity":35,"s:94:23:96:Infinity":36,"b:95:6:95:Infinity:96:6:96:Infinity":19,"s:98:25:98:Infinity":37,"b:98:71:98:102:98:102:98:Infinity":20,"s:100:4:104:Infinity":38,"b:101:8:103:Infinity:104:8:104:Infinity":21,"f:102:15:102:16":6,"s:102:22:102:142":39,"b:102:66:102:72:102:72:102:89":22,"b:102:115:102:121:102:121:102:138":23,"s:106:21:106:Infinity":40,"b:106:39:106:77:106:77:106:Infinity":24,"s:108:4:116:Infinity":41,"b:109:8:115:Infinity:116:8:116:Infinity":25,"f:110:15:110:16":7,"s:111:25:111:Infinity":42,"b:111:43:111:135:111:135:111:Infinity":26,"s:112:23:112:Infinity":43,"b:112:40:112:129:112:129:112:Infinity":27,"s:113:12:113:Infinity":44,"s:118:26:120:Infinity":45,"b:119:6:119:Infinity:120:6:120:Infinity":28,"s:122:31:122:Infinity":46,"b:122:49:122:77:122:77:122:82":29,"s:124:2:130:Infinity":47,"s:125:4:125:Infinity":48,"s:126:4:126:Infinity":49,"s:128:25:128:Infinity":50,"b:128:46:128:58:128:58:128:Infinity":30,"s:129:4:129:Infinity":51,"s:133:32:250:Infinity":52,"f:133:32:133:39":8,"s:134:96:134:Infinity":53,"b:135:2:135:Infinity:undefined:undefined:undefined:undefined":31,"s:135:2:135:Infinity":54,"s:135:22:135:Infinity":55,"s:137:25:137:Infinity":56,"b:137:71:137:102:137:102:137:Infinity":32,"s:138:21:138:Infinity":57,"b:138:39:138:77:138:77:138:Infinity":33,"s:140:17:145:Infinity":58,"f:140:17:140:18":9,"s:141:4:145:Infinity":59,"b:141:11:141:16:141:16:141:18":34,"s:147:15:239:Infinity":60,"b:181:10:184:Infinity:186:10:186:Infinity":35,"b:192:10:197:Infinity:200:10:200:Infinity":36,"f:196:15:196:16":10,"s:196:22:196:130":61,"b:196:65:196:78:196:78:196:81":37,"b:196:101:196:114:196:114:196:117":38,"b:206:10:220:Infinity:223:10:223:Infinity":39,"f:210:15:210:16":11,"s:211:25:211:Infinity":62,"b:211:43:211:135:211:135:211:Infinity":40,"s:212:23:212:Infinity":63,"b:212:40:212:129:212:129:212:Infinity":41,"s:213:12:217:Infinity":64,"b:214:68:214:76:214:76:214:82":42,"b:229:10:231:Infinity:233:10:233:Infinity":43,"b:238:6:238:34:238:34:238:Infinity":44,"s:243:2:249:Infinity":65,"s:244:4:244:Infinity":66,"s:245:4:245:Infinity":67,"s:247:25:247:Infinity":68,"b:247:46:247:58:247:58:247:Infinity":45,"s:248:4:248:Infinity":69}}}
,"/Users/butianzheng/Documents/trae_projects/hot-rolling-finish-aps/src/pages/workbench/move/impact.ts": {"path":"/Users/butianzheng/Documents/trae_projects/hot-rolling-finish-aps/src/pages/workbench/move/impact.ts","statementMap":{"0":{"start":{"line":25,"column":115},"end":{"line":25,"column":null}},"1":{"start":{"line":27,"column":2},"end":{"line":27,"column":null}},"2":{"start":{"line":27,"column":22},"end":{"line":27,"column":null}},"3":{"start":{"line":28,"column":24},"end":{"line":28,"column":null}},"4":{"start":{"line":29,"column":2},"end":{"line":29,"column":null}},"5":{"start":{"line":29,"column":22},"end":{"line":29,"column":null}},"6":{"start":{"line":30,"column":2},"end":{"line":30,"column":null}},"7":{"start":{"line":30,"column":52},"end":{"line":30,"column":null}},"8":{"start":{"line":32,"column":8},"end":{"line":32,"column":null}},"9":{"start":{"line":33,"column":14},"end":{"line":33,"column":null}},"10":{"start":{"line":35,"column":8},"end":{"line":35,"column":null}},"11":{"start":{"line":36,"column":8},"end":{"line":36,"column":null}},"12":{"start":{"line":37,"column":8},"end":{"line":37,"column":null}},"13":{"start":{"line":38,"column":33},"end":{"line":38,"column":null}},"14":{"start":{"line":40,"column":19},"end":{"line":40,"column":null}},"15":{"start":{"line":41,"column":8},"end":{"line":41,"column":null}},"16":{"start":{"line":42,"column":2},"end":{"line":42,"column":null}},"17":{"start":{"line":44,"column":23},"end":{"line":46,"column":null}},"18":{"start":{"line":45,"column":27},"end":{"line":45,"column":75}},"19":{"start":{"line":46,"column":20},"end":{"line":46,"column":23}},"20":{"start":{"line":48,"column":2},"end":{"line":56,"column":null}},"21":{"start":{"line":49,"column":4},"end":{"line":55,"column":null}},"22":{"start":{"line":58,"column":16},"end":{"line":58,"column":null}},"23":{"start":{"line":58,"column":34},"end":{"line":58,"column":67}},"24":{"start":{"line":59,"column":19},"end":{"line":59,"column":null}},"25":{"start":{"line":60,"column":17},"end":{"line":60,"column":null}},"26":{"start":{"line":61,"column":27},"end":{"line":63,"column":null}},"27":{"start":{"line":62,"column":30},"end":{"line":62,"column":66}},"28":{"start":{"line":65,"column":32},"end":{"line":81,"column":null}},"29":{"start":{"line":67,"column":28},"end":{"line":67,"column":null}},"30":{"start":{"line":68,"column":21},"end":{"line":68,"column":null}},"31":{"start":{"line":69,"column":20},"end":{"line":69,"column":null}},"32":{"start":{"line":70,"column":20},"end":{"line":70,"column":null}},"33":{"start":{"line":71,"column":6},"end":{"line":79,"column":null}},"34":{"start":{"line":81,"column":21},"end":{"line":81,"column":117}},"35":{"start":{"line":83,"column":2},"end":{"line":83,"column":null}}},"fnMap":{"0":{"name":"computeMoveImpactBase","decl":{"start":{"line":17,"column":16},"end":{"line":17,"column":38}},"loc":{"start":{"line":24,"column":26},"end":{"line":84,"column":null}},"line":24},"1":{"name":"(anonymous_1)","decl":{"start":{"line":45,"column":12},"end":{"line":45,"column":13}},"loc":{"start":{"line":45,"column":27},"end":{"line":45,"column":75}},"line":45},"2":{"name":"(anonymous_2)","decl":{"start":{"line":46,"column":9},"end":{"line":46,"column":10}},"loc":{"start":{"line":46,"column":20},"end":{"line":46,"column":23}},"line":46},"3":{"name":"(anonymous_3)","decl":{"start":{"line":58,"column":33},"end":{"line":58,"column":34}},"loc":{"start":{"line":58,"column":34},"end":{"line":58,"column":67}},"line":58},"4":{"name":"(anonymous_4)","decl":{"start":{"line":62,"column":29},"end":{"line":62,"column":30}},"loc":{"start":{"line":62,"column":30},"end":{"line":62,"column":66}},"line":62},"5":{"name":"(anonymous_5)","decl":{"start":{"line":66,"column":9},"end":{"line":66,"column":10}},"loc":{"start":{"line":66,"column":18},"end":{"line":80,"column":5}},"line":66},"6":{"name":"(anonymous_6)","decl":{"start":{"line":81,"column":10},"end":{"line":81,"column":11}},"loc":{"start":{"line":81,"column":21},"end":{"line":81,"column":117}},"line":81}},"branchMap":{"0":{"loc":{"start":{"line":27,"column":2},"end":{"line":27,"column":null}},"type":"if","locations":[{"start":{"line":27,"column":2},"end":{"line":27,"column":null}},{"start":{},"end":{}}],"line":27},"1":{"loc":{"start":{"line":28,"column":31},"end":{"line":28,"column":54}},"type":"binary-expr","locations":[{"start":{"line":28,"column":31},"end":{"line":28,"column":52}},{"start":{"line":28,"column":52},"end":{"line":28,"column":54}}],"line":28},"2":{"loc":{"start":{"line":29,"column":2},"end":{"line":29,"column":null}},"type":"if","locations":[{"start":{"line":29,"column":2},"end":{"line":29,"column":null}},{"start":{},"end":{}}],"line":29},"3":{"loc":{"start":{"line":30,"column":2},"end":{"line":30,"column":null}},"type":"if","locations":[{"start":{"line":30,"column":2},"end":{"line":30,"column":null}},{"start":{},"end":{}}],"line":30},"4":{"loc":{"start":{"line":30,"column":6},"end":{"line":30,"column":52}},"type":"binary-expr","locations":[{"start":{"line":30,"column":6},"end":{"line":30,"column":25}},{"start":{"line":30,"column":25},"end":{"line":30,"column":52}}],"line":30},"5":{"loc":{"start":{"line":33,"column":14},"end":{"line":33,"column":null}},"type":"binary-expr","locations":[{"start":{"line":33,"column":14},"end":{"line":33,"column":27}},{"start":{"line":33,"column":27},"end":{"line":33,"column":null}}],"line":33},"6":{"loc":{"start":{"line":42,"column":23},"end":{"line":42,"column":51}},"type":"binary-expr","locations":[{"start":{"line":42,"column":23},"end":{"line":42,"column":46}},{"start":{"line":42,"column":46},"end":{"line":42,"column":51}}],"line":42},"7":{"loc":{"start":{"line":45,"column":27},"end":{"line":45,"column":75}},"type":"binary-expr","locations":[{"start":{"line":45,"column":27},"end":{"line":45,"column":53}},{"start":{"line":45,"column":53},"end":{"line":45,"column":75}}],"line":45},"8":{"loc":{"start":{"line":48,"column":2},"end":{"line":56,"column":null}},"type":"if","locations":[{"start":{"line":48,"column":2},"end":{"line":56,"column":null}},{"start":{},"end":{}}],"line":48},"9":{"loc":{"start":{"line":59,"column":19},"end":{"line":59,"column":null}},"type":"binary-expr","locations":[{"start":{"line":59,"column":19},"end":{"line":59,"column":31}},{"start":{"line":59,"column":31},"end":{"line":59,"column":null}}],"line":59},"10":{"loc":{"start":{"line":60,"column":17},"end":{"line":60,"column":null}},"type":"binary-expr","locations":[{"start":{"line":60,"column":17},"end":{"line":60,"column":44}},{"start":{"line":60,"column":44},"end":{"line":60,"column":null}}],"line":60},"11":{"loc":{"start":{"line":68,"column":21},"end":{"line":68,"column":null}},"type":"binary-expr","locations":[{"start":{"line":68,"column":21},"end":{"line":68,"column":44}},{"start":{"line":68,"column":44},"end":{"line":68,"column":null}}],"line":68},"12":{"loc":{"start":{"line":69,"column":20},"end":{"line":69,"column":null}},"type":"binary-expr","locations":[{"start":{"line":69,"column":20},"end":{"line":69,"column":41}},{"start":{"line":69,"column":41},"end":{"line":69,"column":null}}],"line":69},"13":{"loc":{"start":{"line":81,"column":21},"end":{"line":81,"column":117}},"type":"cond-expr","locations":[{"start":{"line":81,"column":41},"end":{"line":81,"column":88}},{"start":{"line":81,"column":88},"end":{"line":81,"column":117}}],"line":81}},"s":{"0":3,"1":3,"2":0,"3":3,"4":3,"5":0,"6":3,"7":0,"8":3,"9":3,"10":3,"11":3,"12":3,"13":3,"14":3,"15":3,"16":3,"17":3,"18":5,"19":4,"20":3,"21":1,"22":2,"23":4,"24":2,"25":3,"26":3,"27":4,"28":3,"29":4,"30":4,"31":4,"32":4,"33":4,"34":2,"35":3},"f":{"0":3,"1":5,"2":4,"3":4,"4":4,"5":4,"6":2},"b":{"0":[0,3],"1":[3,0],"2":[0,3],"3":[0,3],"4":[3,3],"5":[3,0],"6":[3,2],"7":[5,5],"8":[1,2],"9":[2,0],"10":[3,0],"11":[4,2],"12":[4,0],"13":[0,2]},"meta":{"lastBranch":14,"lastFunction":7,"lastStatement":36,"seen":{"f:17:16:17:38":0,"s:25:115:25:Infinity":0,"b:27:2:27:Infinity:undefined:undefined:undefined:undefined":0,"s:27:2:27:Infinity":1,"s:27:22:27:Infinity":2,"s:28:24:28:Infinity":3,"b:28:31:28:52:28:52:28:54":1,"b:29:2:29:Infinity:undefined:undefined:undefined:undefined":2,"s:29:2:29:Infinity":4,"s:29:22:29:Infinity":5,"b:30:2:30:Infinity:undefined:undefined:undefined:undefined":3,"s:30:2:30:Infinity":6,"b:30:6:30:25:30:25:30:52":4,"s:30:52:30:Infinity":7,"s:32:8:3
[...]
ne":24,"column":116}},"line":24},"2":{"name":"(anonymous_2)","decl":{"start":{"line":25,"column":12},"end":{"line":25,"column":13}},"loc":{"start":{"line":25,"column":33},"end":{"line":25,"column":72}},"line":25},"3":{"name":"buildMoveRequests","decl":{"start":{"line":30,"column":16},"end":{"line":30,"column":34}},"loc":{"start":{"line":35,"column":22},"end":{"line":43,"column":null}},"line":35},"4":{"name":"(anonymous_4)","decl":{"start":{"line":37,"column":40},"end":{"line":37,"column":41}},"loc":{"start":{"line":37,"column":54},"end":{"line":42,"column":4}},"line":37},"5":{"name":"validateMoveSubmitParams","decl":{"start":{"line":45,"column":16},"end":{"line":45,"column":41}},"loc":{"start":{"line":50,"column":18},"end":{"line":57,"column":null}},"line":50}},"branchMap":{"0":{"loc":{"start":{"line":20,"column":47},"end":{"line":20,"column":64}},"type":"binary-expr","locations":[{"start":{"line":20,"column":47},"end":{"line":20,"column":63}},{"start":{"line":20,"column":63},"end":{"line":20,"column":64}}],"line":20},"1":{"loc":{"start":{"line":21,"column":2},"end":{"line":21,"column":null}},"type":"if","locations":[{"start":{"line":21,"column":2},"end":{"line":21,"column":null}},{"start":{},"end":{}}],"line":21},"2":{"loc":{"start":{"line":23,"column":18},"end":{"line":23,"column":null}},"type":"binary-expr","locations":[{"start":{"line":23,"column":18},"end":{"line":23,"column":31}},{"start":{"line":23,"column":31},"end":{"line":23,"column":null}}],"line":23},"3":{"loc":{"start":{"line":24,"column":20},"end":{"line":24,"column":116}},"type":"binary-expr","locations":[{"start":{"line":24,"column":20},"end":{"line":24,"column":75}},{"start":{"line":24,"column":75},"end":{"line":24,"column":116}}],"line":24},"4":{"loc":{"start":{"line":24,"column":27},"end":{"line":24,"column":48}},"type":"binary-expr","locations":[{"start":{"line":24,"column":27},"end":{"line":24,"column":46}},{"start":{"line":24,"column":46},"end":{"line":24,"column":48}}],"line":24},"5":{"loc":{"start":{"line":24,"column":82},"end":{"line":24,"column":100}},"type":"binary-expr","locations":[{"start":{"line":24,"column":82},"end":{"line":24,"column":98}},{"start":{"line":24,"column":98},"end":{"line":24,"column":100}}],"line":24},"6":{"loc":{"start":{"line":25,"column":54},"end":{"line":25,"column":68}},"type":"binary-expr","locations":[{"start":{"line":25,"column":54},"end":{"line":25,"column":67}},{"start":{"line":25,"column":67},"end":{"line":25,"column":68}}],"line":25},"7":{"loc":{"start":{"line":37,"column":10},"end":{"line":37,"column":36}},"type":"binary-expr","locations":[{"start":{"line":37,"column":10},"end":{"line":37,"column":32}},{"start":{"line":37,"column":32},"end":{"line":37,"column":36}}],"line":37},"8":{"loc":{"start":{"line":52,"column":2},"end":{"line":52,"column":null}},"type":"if","locations":[{"start":{"line":52,"column":2},"end":{"line":52,"column":null}},{"start":{},"end":{}}],"line":52},"9":{"loc":{"start":{"line":53,"column":2},"end":{"line":53,"column":null}},"type":"if","locations":[{"start":{"line":53,"column":2},"end":{"line":53,"column":null}},{"start":{},"end":{}}],"line":53},"10":{"loc":{"start":{"line":54,"column":2},"end":{"line":54,"column":null}},"type":"if","locations":[{"start":{"line":54,"column":2},"end":{"line":54,"column":null}},{"start":{},"end":{}}],"line":54},"11":{"loc":{"start":{"line":55,"column":2},"end":{"line":55,"column":null}},"type":"if","locations":[{"start":{"line":55,"column":2},"end":{"line":55,"column":null}},{"start":{},"end":{}}],"line":55},"12":{"loc":{"start":{"line":55,"column":14},"end":{"line":55,"column":30}},"type":"binary-expr","locations":[{"start":{"line":55,"column":14},"end":{"line":55,"column":28}},{"start":{"line":55,"column":28},"end":{"line":55,"column":30}}],"line":55}},"s":{"0":3,"1":3,"2":3,"3":2,"4":1,"5":4,"6":2,"7":3,"8":3,"9":0,"10":0,"11":0,"12":5,"13":5,"14":1,"15":4,"16":1,"17":3,"18":1,"19":2,"20":1,"21":1},"f":{"0":3,"1":4,"2":2,"3":0,"4":0,"5":5},"b":{"0":[3,1],"1":[2,1],"2":[1,0],"3":[4,3],"4":[4,0],"5":[3,0],"6":[2,0],"7":[0,0],"8":[1,4],"9":[1,3],"10":[1,2],"11":[1,1],"12":[2,0]},"meta":{"lastBranch":13,"lastFunction":6,"lastStatement":22,"seen":{"f:11:16:11:36":0,"s:18:82:18:Infinity":0,"s:20:17:20:Infinity":1,"b:20:47:20:63:20:63:20:64":0,"b:21:2:21:Infinity:undefined:undefined:undefined:undefined":1,"s:21:2:21:Infinity":2,"s:21:32:21:Infinity":3,"s:23:8:25:Infinity":4,"b:23:18:23:31:23:31:23:Infinity":2,"f:24:12:24:13":1,"s:24:20:24:116":5,"b:24:20:24:75:24:75:24:116":3,"b:24:27:24:46:24:46:24:48":4,"b:24:82:24:98:24:98:24:100":5,"f:25:12:25:13":2,"s:25:33:25:72":6,"b:25:54:25:67:25:67:25:68":6,"s:26:2:26:Infinity":7,"s:27:2:27:Infinity":8,"f:30:16:30:34":3,"s:36:70:36:Infinity":9,"s:37:2:42:Infinity":10,"b:37:10:37:32:37:32:37:36":7,"f:37:40:37:41":4,"s:37:54:42:4":11,"f:45:16:45:41":5,"s:51:82:51:Infinity":12,"b:52:2:52:Infinity:undefined:undefined:undefined:undefined":8,"s:52:2:52:Infinity":13,"s:52:24:52:Infinity":14,"b:53:2:53:Infinity:undefined:undefined:undefined:undefined":9,"s:53:2:53:Infinity":15,"s:53:26:53:Infinity":16,"b:54:2:54:Infinity:undefined:undefined:undefined:undefined":10,"s:54:2:54:Infinity":17,"s:54:28:54:Infinity":18,"b:55:2:55:Infinity:undefined:undefined:undefined:undefined":11,"s:55:2:55:Infinity":19,"b:55:14:55:28:55:28:55:30":12,"s:55:40:55:Infinity":20,"s:56:2:56:Infinity":21}}}
,"/Users/butianzheng/Documents/trae_projects/hot-rolling-finish-aps/src/theme/ThemeContext.tsx": {"path":"/Users/butianzheng/Documents/trae_projects/hot-rolling-finish-aps/src/theme/ThemeContext.tsx","statementMap":{"0":{"start":{"line":27,"column":6},"end":{"line":27,"column":null}},"1":{"start":{"line":37,"column":59},"end":{"line":72,"column":null}},"2":{"start":{"line":42,"column":29},"end":{"line":45,"column":null}},"3":{"start":{"line":43,"column":23},"end":{"line":43,"column":null}},"4":{"start":{"line":44,"column":4},"end":{"line":44,"column":null}},"5":{"start":{"line":48,"column":2},"end":{"line":52,"column":null}},"6":{"start":{"line":49,"column":4},"end":{"line":49,"column":null}},"7":{"start":{"line":51,"column":4},"end":{"line":51,"column":null}},"8":{"start":{"line":55,"column":22},"end":{"line":57,"column":null}},"9":{"start":{"line":56,"column":4},"end":{"line":56,"column":null}},"10":{"start":{"line":56,"column":29},"end":{"line":56,"column":64}},"11":{"start":{"line":60,"column":19},"end":{"line":62,"column":null}},"12":{"start":{"line":61,"column":4},"end":{"line":61,"column":null}},"13":{"start":{"line":65,"column":35},"end":{"line":65,"column":null}},"14":{"start":{"line":67,"column":2},"end":{"line":70,"column":null}},"15":{"start":{"line":77,"column":24},"end":{"line":83,"column":null}},"16":{"start":{"line":78,"column":8},"end":{"line":78,"column":null}},"17":{"start":{"line":79,"column":2},"end":{"line":81,"column":null}},"18":{"start":{"line":80,"column":4},"end":{"line":80,"column":null}},"19":{"start":{"line":82,"column":2},"end":{"line":82,"column":null}}},"fnMap":{"0":{"name":"(anonymous_0)","decl":{"start":{"line":37,"column":59},"end":{"line":37,"column":60}},"loc":{"start":{"line":40,"column":6},"end":{"line":72,"column":null}},"line":40},"1":{"name":"(anonymous_1)","decl":{"start":{"line":42,"column":53},"end":{"line":42,"column":59}},"loc":{"start":{"line":42,"column":59},"end":{"line":45,"column":3}},"line":42},"2":{"name":"(anonymous_2)","decl":{"start":{"line":48,"column":12},"end":{"line":48,"column":18}},"loc":{"start":{"line":48,"column":18},"end":{"line":52,"column":5}},"line":48},"3":{"name":"(anonymous_3)","decl":{"start":{"line":55,"column":22},"end":{"line":55,"column":28}},"loc":{"start":{"line":55,"column":28},"end":{"line":57,"column":null}},"line":55},"4":{"name":"(anonymous_4)","decl":{"start":{"line":56,"column":18},"end":{"line":56,"column":19}},"loc":{"start":{"line":56,"column":29},"end":{"line":56,"column":64}},"line":56},"5":{"name":"(anonymous_5)","decl":{"start":{"line":60,"column":19},"end":{"line":60,"column":20}},"loc":{"start":{"line":60,"column":44},"end":{"line":62,"column":null}},"line":60},"6":{"name":"(anonymous_6)","decl":{"start":{"line":77,"column":24},"end":{"line":77,"column":48}},"loc":{"start":{"line":77,"column":48},"end":{"line":83,"column":null}},"line":77}},"branchMap":{"0":{"loc":{"start":{"line":39,"column":2},"end":{"line":39,"column":null}},"type":"default-arg","locations":[{"start":{"line":39,"column":17},"end":{"line":39,"column":null}}],"line":39},"1":{"loc":{"start":{"line":44,"column":11},"end":{"line":44,"column":null}},"type":"binary-expr","locations":[{"start":{"line":44,"column":11},"end":{"line":44,"column":25}},{"start":{"line":44,"column":25},"end":{"line":44,"column":null}}],"line":44},"2":{"loc":{"start":{"line":56,"column":29},"end":{"line":56,"column":64}},"type":"cond-expr","locations":[{"start":{"line":56,"column":47},"end":{"line":56,"column":57}},{"start":{"line":56,"column":57},"end":{"line":56,"column":64}}],"line":56},"3":{"loc":{"start":{"line":65,"column":35},"end":{"line":65,"column":null}},"type":"cond-expr","locations":[{"start":{"line":65,"column":54},"end":{"line":65,"column":66}},{"start":{"line":65,"column":66},"end":{"line":65,"column":null}}],"line":65},"4":{"loc":{"start":{"line":79,"column":2},"end":{"line":81,"column":null}},"type":"if","locations":[{"start":{"line":79,"column":2},"end":{"line":81,"column":null}},{"start":{},"end":{}}],"line":79}},"s":{"0":1,"1":1,"2":0,"3":0,"4":0,"5":0,"6":0,"7":0,"8":0,"9":0,"10":0,"11":0,"12":0,"13":0,"14":0,"15":1,"16":0,"17":0,"18":0,"19":0},"f":{"0":0,"1":0,"2":0,"3":0,"4":0,"5":0,"6":0},"b":{"0":[0],"1":[0,0],"2":[0,0],"3":[0,0],"4":[0,0]},"meta":{"lastBranch":5,"lastFunction":7,"lastStatement":20,"seen":{"s:27:6:27:Infinity":0,"s:37:59:72:Infinity":1,"f:37:59:37:60":0,"b:39:17:39:Infinity":0,"s:42:29:45:Infinity":2,"f:42:53:42:59":1,"s:43:23:43:Infinity":3,"s:44:4:44:Infinity":4,"b:44:11:44:25:44:25:44:Infinity":1,"s:48:2:52:Infinity":5,"f:48:12:48:18":2,"s:49:4:49:Infinity":6,"s:51:4:51:Infinity":7,"s:55:22:57:Infinity":8,"f:55:22:55:28":3,"s:56:4:56:Infinity":9,"f:56:18:56:19":4,"s:56:29:56:64":10,"b:56:47:56:57:56:57:56:64":2,"s:60:19:62:Infinity":11,"f:60:19:60:20":5,"s:61:4:61:Infinity":12,"s:65:35:65:Infinity":13,"b:65:54:65:66:65:66:65:Infinity":3,"s:67:2:70:Infinity":14,"s:77:24:83:Infinity":15,"f:77:24:77:48":6,"s:78:8:78:Infinity":16,"b:79:2:81:Infinity:undefined:undefined:undefined:undefined":4,"s:79:2:81:Infinity":17,"s:80:4:80:Infinity":18,"s:82:2:82:Infinity":19}}}
,"/Users/butianzheng/Documents/trae_projects/hot-rolling-finish-aps/src/theme/darkTheme.ts": {"path":"/Users/butianzheng/Documents/trae_projects/hot-rolling-finish-aps/src/theme/darkTheme.ts","statementMap":{"0":{"start":{"line":17,"column":38},"end":{"line":231,"column":null}}},"fnMap":{},"branchMap":{},"s":{"0":1},"f":{},"b":{},"meta":{"lastBranch":0,"lastFunction":0,"lastStatement":1,"seen":{"s:17:38:231:Infinity":0}}}
,"/Users/butianzheng/Documents/trae_projects/hot-rolling-finish-aps/src/theme/index.ts": {"path":"/Users/butianzheng/Documents/trae_projects/hot-rolling-finish-aps/src/theme/index.ts","statementMap":{},"fnMap":{},"branchMap":{},"s":{},"f":{},"b":{},"meta":{"lastBranch":0,"lastFunction":0,"lastStatement":0,"seen":{}}}
,"/Users/butianzheng/Documents/trae_projects/hot-rolling-finish-aps/src/theme/lightTheme.ts": {"path":"/Users/butianzheng/Documents/trae_projects/hot-rolling-finish-aps/src/theme/lightTheme.ts","statementMap":{"0":{"start":{"line":17,"column":39},"end":{"line":231,"column":null}}},"fnMap":{},"branchMap":{},"s":{"0":1},"f":{},"b":{},"meta":{"lastBranch":0,"lastFunction":0,"lastStatement":1,"seen":{"s:17:39:231:Infinity":0}}}
,"/Users/butianzheng/Documents/trae_projects/hot-rolling-finish-aps/src/theme/tokens.ts": {"path":"/Users/butianzheng/Documents/trae_projects/hot-rolling-finish-aps/src/theme/tokens.ts","statementMap":{"0":{"start":{"line":11,"column":30},"end":{"line":16,"column":null}},"1":{"start":{"line":21,"column":28},"end":{"line":27,"column":null}},"2":{"start":{"line":32,"column":28},"end":{"line":38,"column":null}},"3":{"start":{"line":43,"column":32},"end":{"line":49,"column":null}},"4":{"start":{"line":54,"column":33},"end":{"line":60,"column":null}},"5":{"start":{"line":65,"column":27},"end":{"line":78,"column":null}},"6":{"start":{"line":83,"column":29},"end":{"line":87,"column":null}},"7":{"start":{"line":92,"column":26},"end":{"line":100,"column":null}},"8":{"start":{"line":105,"column":23},"end":{"line":113,"column":null}},"9":{"start":{"line":118,"column":29},"end":{"line":124,"column":null}},"10":{"start":{"line":129,"column":23},"end":{"line":135,"column":null}},"11":{"start":{"line":140,"column":23},"end":{"line":149,"column":null}},"12":{"start":{"line":154,"column":27},"end":{"line":158,"column":null}},"13":{"start":{"line":163,"column":27},"end":{"line":169,"column":null}},"14":{"start":{"line":174,"column":22},"end":{"line":180,"column":null}},"15":{"start":{"line":185,"column":38},"end":{"line":188,"column":null}}},"fnMap":{},"branchMap":{},"s":{"0":1,"1":1,"2":1,"3":1,"4":1,"5":1,"6":1,"7":1,"8":1,"9":1,"10":1,"11":1,"12":1,"13":1,"14":1,"15":1},"f":{},"b":{},"meta":{"lastBranch":0,"lastFunction":0,"lastStatement":16,"seen":{"s:11:30:16:Infinity":0,"s:21:28:27:Infinity":1,"s:32:28:38:Infinity":2,"s:43:32:49:Infinity":3,"s:54:33:60:Infinity":4,"s:65:27:78:Infinity":5,"s:83:29:87:Infinity":6,"s:92:26:100:Infinity":7,"s:105:23:113:Infinity":8,"s:118:29:124:Infinity":9,"s:129:23:135:Infinity":10,"s:140:23:149:Infinity":11,"s:154:27:158:Infinity":12,"s:163:27:169:Infinity":13,"s:174:22:180:Infinity":14,"s:185:38:188:Infinity":15}}}
,"/Users/butianzheng/Documents/trae_projects/hot-rolling-finish-aps/src/utils/formatters.ts": {"path":"/Users/butianzheng/Documents/trae_projects/hot-rolling-finish-aps/src/utils/formatters.ts","statementMap":{"0":{"start":{"line":16,"column":26},"end":{"line":18,"column":null}},"1":{"start":{"line":17,"column":2},"end":{"line":17,"column":null}},"2":{"start":{"line":23,"column":30},"end":{"line":25,"column":null}},"3":{"start":{"line":24,"column":2},"end":{"line":24,"column":null}},"4":{"start":{"line":34,"column":28},"end":{"line":39,"column":null}},"5":{"start":{"line":35,"column":2},"end":{"line":37,"column":null}},"6":{"start":{"line":36,"column":4},"end":{"line":36,"column":null}},"7":{"start":{"line":38,"column":2},"end":{"line":38,"column":null}},"8":{"start":{"line":44,"column":28},"end":{"line":49,"column":null}},"9":{"start":{"line":45,"column":2},"end":{"line":47,"column":null}},"10":{"start":{"line":46,"column":4},"end":{"line":46,"column":null}},"11":{"start":{"line":48,"column":2},"end":{"line":48,"column":null}},"12":{"start":{"line":54,"column":29},"end":{"line":59,"column":null}},"13":{"start":{"line":55,"column":2},"end":{"line":57,"column":null}},"14":{"start":{"line":56,"column":4},"end":{"line":56,"column":null}},"15":{"start":{"line":58,"column":2},"end":{"line":58,"column":null}},"16":{"start":{"line":64,"column":30},"end":{"line":69,"column":null}},"17":{"start":{"line":65,"column":2},"end":{"line":67,"column":null}},"18":{"start":{"line":66,"column":4},"end":{"line":66,"column":null}},"19":{"start":{"line":68,"column":2},"end":{"line":68,"column":null}}},"fnMap":{"0":{"name":"(anonymous_0)","decl":{"start":{"line":16,"column":26},"end":{"line":16,"column":27}},"loc":{"start":{"line":16,"column":67},"end":{"line":18,"column":null}},"line":16},"1":{"name":"(anonymous_1)","decl":{"start":{"line":23,"column":30},"end":{"line":23,"column":31}},"loc":{"start":{"line":23,"column":71},"end":{"line":25,"column":null}},"line":23},"2":{"name":"(anonymous_2)","decl":{"start":{"line":34,"column":28},"end":{"line":34,"column":29}},"loc":{"start":{"line":34,"column":96},"end":{"line":39,"column":null}},"line":34},"3":{"name":"(anonymous_3)","decl":{"start":{"line":44,"column":28},"end":{"line":44,"column":29}},"loc":{"start":{"line":44,"column":74},"end":{"line":49,"column":null}},"line":44},"4":{"name":"(anonymous_4)","decl":{"start":{"line":54,"column":29},"end":{"line":54,"column":30}},"loc":{"start":{"line":54,"column":75},"end":{"line":59,"column":null}},"line":54},"5":{"name":"(anonymous_5)","decl":{"start":{"line":64,"column":30},"end":{"line":64,"column":31}},"loc":{"start":{"line":64,"column":76},"end":{"line":69,"column":null}},"line":64}},"branchMap":{"0":{"loc":{"start":{"line":34,"column":63},"end":{"line":34,"column":96}},"type":"default-arg","locations":[{"start":{"line":34,"column":82},"end":{"line":34,"column":96}}],"line":34},"1":{"loc":{"start":{"line":35,"column":2},"end":{"line":37,"column":null}},"type":"if","locations":[{"start":{"line":35,"column":2},"end":{"line":37,"column":null}},{"start":{},"end":{}}],"line":35},"2":{"loc":{"start":{"line":35,"column":6},"end":{"line":35,"column":72}},"type":"binary-expr","locations":[{"start":{"line":35,"column":6},"end":{"line":35,"column":24}},{"start":{"line":35,"column":24},"end":{"line":35,"column":47}},{"start":{"line":35,"column":47},"end":{"line":35,"column":72}}],"line":35},"3":{"loc":{"start":{"line":45,"column":2},"end":{"line":47,"column":null}},"type":"if","locations":[{"start":{"line":45,"column":2},"end":{"line":47,"column":null}},{"start":{},"end":{}}],"line":45},"4":{"loc":{"start":{"line":45,"column":6},"end":{"line":45,"column":72}},"type":"binary-expr","locations":[{"start":{"line":45,"column":6},"end":{"line":45,"column":24}},{"start":{"line":45,"column":24},"end":{"line":45,"column":47}},{"start":{"line":45,"column":47},"end":{"line":45,"column":72}}],"line":45},"5":{"loc":{"start":{"line":55,"column":2},"end":{"line":57,"column":null}},"type":"if","locations":[{"start":{"line":55,"column":2},"end":{"line":57,"column":null}},{"start":{},"end":{}}],"line":55},"6":{"loc":{"start":{"line":55,"column":6},"end":{"line":55,"column":72}},"type":"binary-expr","locations":[{"start":{"line":55,"column":6},"end":{"line":55,"column":24}},{"start":{"line":55,"column":24},"end":{"line":55,"column":47}},{"start":{"line":55,"column":47},"end":{"line":55,"column":72}}],"line":55},"7":{"loc":{"start":{"line":65,"column":2},"end":{"line":67,"column":null}},"type":"if","locations":[{"start":{"line":65,"column":2},"end":{"line":67,"column":null}},{"start":{},"end":{}}],"line":65},"8":{"loc":{"start":{"line":65,"column":6},"end":{"line":65,"column":72}},"type":"binary-expr","locations":[{"start":{"line":65,"column":6},"end":{"line":65,"column":24}},{"start":{"line":65,"column":24},"end":{"line":65,"column":47}},{"start":{"line":65,"column":47},"end":{"line":65,"column":72}}],"line":65}},"s":{"0":2,"1":9,"2":2,"3":4,"4":2,"5":14,"6":5,"7":9,"8":2,"9":12,"10":5,"11":7,"12":2,"13":13,"14":5,"15":8,"16":2,"17":12,"18":5,"19":7},"f":{"0":9,"1":4,"2":14,"3":12,"4":13,"5":12},"b":{"0":[14],"1":[5,9],"2":[14,13,12],"3":[5,7],"4":[12,11,10],"5":[5,8],"6":[13,12,11],"7":[5,7],"8":[12,11,10]},"meta":{"lastBranch":9,"lastFunction":6,"lastStatement":20,"seen":{"s:16:26:18:Infinity":0,"f:16:26:16:27":0,"s:17:2:17:Infinity":1,"s:23:30:25:Infinity":2,"f:23:30:23:31":1,"s:24:2:24:Infinity":3,"s:34:28:39:Infinity":4,"f:34:28:34:29":2,"b:34:82:34:96":0,"b:35:2:37:Infinity:undefined:undefined:undefined:undefined":1,"s:35:2:37:Infinity":5,"b:35:6:35:24:35:24:35:47:35:47:35:72":2,"s:36:4:36:Infinity":6,"s:38:2:38:Infinity":7,"s:44:28:49:Infinity":8,"f:44:28:44:29":3,"b:45:2:47:Infinity:undefined:undefined:undefined:undefined":3,"s:45:2:47:Infinity":9,"b:45:6:45:24:45:24:45:47:45:47:45:72":4,"s:46:4:46:Infinity":10,"s:48:2:48:Infinity":11,"s:54:29:59:Infinity":12,"f:54:29:54:30":4,"b:55:2:57:Infinity:undefined:undefined:undefined:undefined":5,"s:55:2:57:Infinity":13,"b:55:6:55:24:55:24:55:47:55:47:55:72":6,"s:56:4:56:Infinity":14,"s:58:2:58:Infinity":15,"s:64:30:69:Infinity":16,"f:64:30:64:31":5,"b:65:2:67:Infinity:undefined:undefined:undefined:undefined":7,"s:65:2:67:Infinity":17,"b:65:6:65:24:65:24:65:47:65:47:65:72":8,"s:66:4:66:Infinity":18,"s:68:2:68:Infinity":19}}}
}
