{"/Users/butianzheng/Documents/trae_projects/hot-rolling-finish-aps/src/App.tsx": {"path":"/Users/butianzheng/Documents/trae_projects/hot-rolling-finish-aps/src/App.tsx","statementMap":{"0":{"start":{"line":42,"column":35},"end":{"line":42,"column":null}},"1":{"start":{"line":47,"column":26},"end":{"line":74,"column":null}},"2":{"start":{"line":83,"column":2},"end":{"line":83,"column":null}},"3":{"start":{"line":83,"column":28},"end":{"line":83,"column":null}},"4":{"start":{"line":85,"column":20},"end":{"line":85,"column":null}},"5":{"start":{"line":86,"column":2},"end":{"line":86,"column":null}},"6":{"start":{"line":86,"column":18},"end":{"line":86,"column":null}},"7":{"start":{"line":88,"column":2},"end":{"line":88,"column":null}},"8":{"start":{"line":88,"column":56},"end":{"line":88,"column":null}},"9":{"start":{"line":90,"column":27},"end":{"line":90,"column":null}},"10":{"start":{"line":91,"column":2},"end":{"line":93,"column":null}},"11":{"start":{"line":92,"column":4},"end":{"line":92,"column":null}},"12":{"start":{"line":95,"column":25},"end":{"line":95,"column":null}},"13":{"start":{"line":96,"column":2},"end":{"line":98,"column":null}},"14":{"start":{"line":97,"column":4},"end":{"line":97,"column":null}},"15":{"start":{"line":100,"column":2},"end":{"line":100,"column":null}},"16":{"start":{"line":103,"column":22},"end":{"line":510,"column":null}},"17":{"start":{"line":104,"column":16},"end":{"line":104,"column":null}},"18":{"start":{"line":105,"column":8},"end":{"line":105,"column":null}},"19":{"start":{"line":106,"column":8},"end":{"line":106,"column":null}},"20":{"start":{"line":107,"column":8},"end":{"line":107,"column":null}},"21":{"start":{"line":108,"column":54},"end":{"line":108,"column":null}},"22":{"start":{"line":109,"column":8},"end":{"line":109,"column":null}},"23":{"start":{"line":110,"column":8},"end":{"line":110,"column":null}},"24":{"start":{"line":117,"column":2},"end":{"line":117,"column":null}},"25":{"start":{"line":118,"column":48},"end":{"line":118,"column":null}},"26":{"start":{"line":119,"column":8},"end":{"line":119,"column":null}},"27":{"start":{"line":121,"column":57},"end":{"line":121,"column":null}},"28":{"start":{"line":122,"column":20},"end":{"line":122,"column":null}},"29":{"start":{"line":125,"column":2},"end":{"line":125,"column":null}},"30":{"start":{"line":128,"column":2},"end":{"line":128,"column":null}},"31":{"start":{"line":130,"column":34},"end":{"line":141,"column":null}},"32":{"start":{"line":131,"column":4},"end":{"line":140,"column":null}},"33":{"start":{"line":132,"column":21},"end":{"line":136,"column":null}},"34":{"start":{"line":137,"column":6},"end":{"line":137,"column":null}},"35":{"start":{"line":143,"column":2},"end":{"line":146,"column":null}},"36":{"start":{"line":144,"column":4},"end":{"line":144,"column":null}},"37":{"start":{"line":144,"column":19},"end":{"line":144,"column":null}},"38":{"start":{"line":145,"column":4},"end":{"line":145,"column":null}},"39":{"start":{"line":148,"column":30},"end":{"line":153,"column":null}},"40":{"start":{"line":149,"column":4},"end":{"line":149,"column":null}},"41":{"start":{"line":149,"column":26},"end":{"line":149,"column":null}},"42":{"start":{"line":150,"column":17},"end":{"line":150,"column":null}},"43":{"start":{"line":151,"column":4},"end":{"line":151,"column":null}},"44":{"start":{"line":151,"column":27},"end":{"line":151,"column":null}},"45":{"start":{"line":152,"column":4},"end":{"line":152,"column":null}},"46":{"start":{"line":155,"column":32},"end":{"line":160,"column":null}},"47":{"start":{"line":156,"column":4},"end":{"line":156,"column":null}},"48":{"start":{"line":156,"column":29},"end":{"line":156,"column":null}},"49":{"start":{"line":157,"column":17},"end":{"line":157,"column":null}},"50":{"start":{"line":158,"column":4},"end":{"line":158,"column":null}},"51":{"start":{"line":158,"column":27},"end":{"line":158,"column":null}},"52":{"start":{"line":159,"column":4},"end":{"line":159,"column":null}},"53":{"start":{"line":162,"column":26},"end":{"line":165,"column":null}},"54":{"start":{"line":163,"column":4},"end":{"line":163,"column":null}},"55":{"start":{"line":163,"column":49},"end":{"line":163,"column":null}},"56":{"start":{"line":164,"column":4},"end":{"line":164,"column":null}},"57":{"start":{"line":168,"column":2},"end":{"line":212,"column":null}},"58":{"start":{"line":169,"column":4},"end":{"line":169,"column":null}},"59":{"start":{"line":170,"column":4},"end":{"line":170,"column":null}},"60":{"start":{"line":172,"column":16},"end":{"line":174,"column":null}},"61":{"start":{"line":176,"column":18},"end":{"line":176,"column":null}},"62":{"start":{"line":177,"column":22},"end":{"line":177,"column":null}},"63":{"start":{"line":178,"column":23},"end":{"line":178,"column":null}},"64":{"start":{"line":179,"column":23},"end":{"line":179,"column":null}},"65":{"start":{"line":181,"column":4},"end":{"line":209,"column":null}},"66":{"start":{"line":182,"column":21},"end":{"line":182,"column":null}},"67":{"start":{"line":183,"column":28},"end":{"line":183,"column":null}},"68":{"start":{"line":185,"column":6},"end":{"line":188,"column":null}},"69":{"start":{"line":192,"column":6},"end":{"line":203,"column":null}},"70":{"start":{"line":193,"column":24},"end":{"line":193,"column":null}},"71":{"start":{"line":194,"column":8},"end":{"line":202,"column":null}},"72":{"start":{"line":201,"column":10},"end":{"line":201,"column":null}},"73":{"start":{"line":204,"column":4},"end":{"line":209,"column":null}},"74":{"start":{"line":205,"column":31},"end":{"line":205,"column":null}},"75":{"start":{"line":206,"column":6},"end":{"line":208,"column":null}},"76":{"start":{"line":207,"column":8},"end":{"line":207,"column":null}},"77":{"start":{"line":211,"column":4},"end":{"line":211,"column":null}},"78":{"start":{"line":211,"column":25},"end":{"line":211,"column":null}},"79":{"start":{"line":213,"column":2},"end":{"line":215,"column":null}},"80":{"start":{"line":214,"column":4},"end":{"line":214,"column":null}},"81":{"start":{"line":214,"column":25},"end":{"line":214,"column":null}},"82":{"start":{"line":216,"column":2},"end":{"line":218,"column":null}},"83":{"start":{"line":217,"column":4},"end":{"line":217,"column":null}},"84":{"start":{"line":217,"column":25},"end":{"line":217,"column":null}},"85":{"start":{"line":220,"column":2},"end":{"line":222,"column":null}},"86":{"start":{"line":221,"column":4},"end":{"line":221,"column":null}},"87":{"start":{"line":225,"column":2},"end":{"line":235,"column":null}},"88":{"start":{"line":226,"column":4},"end":{"line":226,"column":null}},"89":{"start":{"line":228,"column":18},"end":{"line":230,"column":null}},"90":{"start":{"line":229,"column":6},"end":{"line":229,"column":null}},"91":{"start":{"line":232,"column":4},"end":{"line":234,"column":null}},"92":{"start":{"line":233,"column":6},"end":{"line":233,"column":null}},"93":{"start":{"line":240,"column":2},"end":{"line":272,"column":null}},"94":{"start":{"line":241,"column":27},"end":{"line":241,"column":null}},"95":{"start":{"line":242,"column":4},"end":{"line":242,"column":null}},"96":{"start":{"line":242,"column":25},"end":{"line":242,"column":null}},"97":{"start":{"line":244,"column":20},"end":{"line":244,"column":null}},"98":{"start":{"line":246,"column":4},"end":{"line":267,"column":null}},"99":{"start":{"line":247,"column":6},"end":{"line":255,"column":null}},"100":{"start":{"line":248,"column":8},"end":{"line":254,"column":null}},"101":{"start":{"line":250,"column":10},"end":{"line":250,"column":null}},"102":{"start":{"line":251,"column":10},"end":{"line":251,"column":null}},"103":{"start":{"line":257,"column":6},"end":{"line":266,"column":null}},"104":{"start":{"line":258,"column":23},"end":{"line":262,"column":null}},"105":{"start":{"line":263,"column":8},"end":{"line":263,"column":null}},"106":{"start":{"line":263,"column":34},"end":{"line":263,"column":null}},"107":{"start":{"line":269,"column":4},"end":{"line":271,"column":null}},"108":{"start":{"line":270,"column":6},"end":{"line":270,"column":null}},"109":{"start":{"line":275,"column":2},"end":{"line":299,"column":null}},"110":{"start":{"line":276,"column":4},"end":{"line":279,"column":null}},"111":{"start":{"line":277,"column":6},"end":{"line":277,"column":null}},"112":{"start":{"line":278,"column":6},"end":{"line":278,"column":null}},"113":{"start":{"line":281,"column":20},"end":{"line":281,"column":null}},"114":{"start":{"line":282,"column":4},"end":{"line":294,"column":null}},"115":{"start":{"line":283,"column":6},"end":{"line":293,"column":null}},"116":{"start":{"line":284,"column":23},"end":{"line":284,"column":null}},"117":{"start":{"line":285,"column":8},"end":{"line":285,"column":null}},"118":{"start":{"line":285,"column":23},"end":{"line":285,"column":null}},"119":{"start":{"line":286,"column":8},"end":{"line":289,"column":null}},"120":{"start":{"line":291,"column":8},"end":{"line":291,"column":null}},"121":{"start":{"line":291,"column":23},"end":{"line":291,"column":null}},"122":{"start":{"line":292,"column":8},"end":{"line":292,"column":null}},"123":{"start":{"line":296,"column":4},"end":{"line":298,"column":null}},"124":{"start":{"line":297,"column":6},"end":{"line":297,"column":null}},"125":{"start":{"line":302,"column":2},"end":{"line":325,"column":null}},"126":{"start":{"line":303,"column":20},"end":{"line":313,"column":null}},"127":{"start":{"line":305,"column":6},"end":{"line":312,"column":null}},"128":{"start":{"line":306,"column":8},"end":{"line":311,"column":null}},"129":{"start":{"line":315,"column":33},"end":{"line":317,"column":null}},"130":{"start":{"line":316,"column":6},"end":{"line":316,"column":null}},"131":{"start":{"line":319,"column":4},"end":{"line":319,"column":null}},"132":{"start":{"line":320,"column":4},"end":{"line":320,"column":null}},"133":{"start":{"line":321,"column":4},"end":{"line":324,"column":null}},"134":{"start":{"line":322,"column":6},"end":{"line":322,"column":null}},"135":{"start":{"line":323,"column":6},"end":{"line":323,"column":null}},"136":{"start":{"line":328,"column":2},"end":{"line":340,"column":null}},"137":{"start":{"line":329,"column":4},"end":{"line":329,"column":null}},"138":{"start":{"line":329,"column":26},"end":{"line":329,"column":null}},"139":{"start":{"line":330,"column":23},"end":{"line":330,"column":null}},"140":{"start":{"line":331,"column":4},"end":{"line":331,"column":null}},"141":{"start":{"line":331,"column":57},"end":{"line":331,"column":null}},"142":{"start":{"line":332,"column":4},"end":{"line":332,"column":null}},"143":{"start":{"line":332,"column":19},"end":{"line":332,"column":null}},"144":{"start":{"line":334,"column":18},"end":{"line":337,"column":null}},"145":{"start":{"line":335,"column":6},"end":{"line":335,"column":null}},"146":{"start":{"line":335,"column":62},"end":{"line":335,"column":null}},"147":{"start":{"line":336,"column":6},"end":{"line":336,"column":null}},"148":{"start":{"line":339,"column":4},"end":{"line":339,"column":null}},"149":{"start":{"line":339,"column":17},"end":{"line":339,"column":null}},"150":{"start":{"line":343,"column":48},"end":{"line":345,"column":null}},"151":{"start":{"line":344,"column":4},"end":{"line":344,"column":null}},"152":{"start":{"line":347,"column":26},"end":{"line":349,"column":null}},"153":{"start":{"line":348,"column":4},"end":{"line":348,"column":null}},"154":{"start":{"line":352,"column":23},"end":{"line":352,"column":null}},"155":{"start":{"line":353,"column":29},"end":{"line":353,"column":null}},"156":{"start":{"line":355,"column":2},"end":{"line":508,"column":null}},"157":{"start":{"line":387,"column":38},"end":{"line":387,"column":null}},"158":{"start":{"line":388,"column":38},"end":{"line":388,"column":null}},"159":{"start":{"line":406,"column":33},"end":{"line":406,"column":null}},"160":{"start":{"line":415,"column":33},"end":{"line":415,"column":null}}},"fnMap":{"0":{"name":"shouldBackfillPlanContextFromRunEvent","decl":{"start":{"line":76,"column":16},"end":{"line":76,"column":54}},"loc":{"start":{"line":82,"column":12},"end":{"line":101,"column":null}},"line":82},"1":{"name":"(anonymous_1)","decl":{"start":{"line":103,"column":22},"end":{"line":103,"column":28}},"loc":{"start":{"line":103,"column":28},"end":{"line":510,"column":null}},"line":103},"2":{"name":"(anonymous_2)","decl":{"start":{"line":130,"column":52},"end":{"line":130,"column":64}},"loc":{"start":{"line":130,"column":64},"end":{"line":141,"column":5}},"line":130},"3":{"name":"(anonymous_3)","decl":{"start":{"line":143,"column":12},"end":{"line":143,"column":18}},"loc":{"start":{"line":143,"column":18},"end":{"line":146,"column":5}},"line":143},"4":{"name":"(anonymous_4)","decl":{"start":{"line":148,"column":44},"end":{"line":148,"column":50}},"loc":{"start":{"line":148,"column":50},"end":{"line":153,"column":5}},"line":148},"5":{"name":"(anonymous_5)","decl":{"start":{"line":155,"column":46},"end":{"line":155,"column":52}},"loc":{"start":{"line":155,"column":52},"end":{"line":160,"column":5}},"line":155},"6":{"name":"(anonymous_6)","decl":{"start":{"line":162,"column":40},"end":{"line":162,"column":46}},"loc":{"start":{"line":162,"column":46},"end":{"line":165,"column":5}},"line":162},"7":{"name":"(anonymous_7)","decl":{"start":{"line":168,"column":27},"end":{"line":168,"column":28}},"loc":{"start":{"line":168,"column":49},"end":{"line":212,"column":3}},"line":168},"8":{"name":"(anonymous_8)","decl":{"start":{"line":213,"column":36},"end":{"line":213,"column":42}},"loc":{"start":{"line":213,"column":42},"end":{"line":215,"column":3}},"line":213},"9":{"name":"(anonymous_9)","decl":{"start":{"line":216,"column":37},"end":{"line":216,"column":43}},"loc":{"start":{"line":216,"column":43},"end":{"line":218,"column":3}},"line":216},"10":{"name":"(anonymous_10)","decl":{"start":{"line":220,"column":12},"end":{"line":220,"column":18}},"loc":{"start":{"line":220,"column":18},"end":{"line":222,"column":5}},"line":220},"11":{"name":"(anonymous_11)","decl":{"start":{"line":225,"column":12},"end":{"line":225,"column":18}},"loc":{"start":{"line":225,"column":18},"end":{"line":235,"column":5}},"line":225},"12":{"name":"(anonymous_12)","decl":{"start":{"line":228,"column":37},"end":{"line":228,"column":43}},"loc":{"start":{"line":228,"column":43},"end":{"line":230,"column":7}},"line":228},"13":{"name":"(anonymous_13)","decl":{"start":{"line":232,"column":11},"end":{"line":232,"column":17}},"loc":{"start":{"line":232,"column":17},"end":{"line":234,"column":null}},"line":232},"14":{"name":"(anonymous_14)","decl":{"start":{"line":240,"column":12},"end":{"line":240,"column":18}},"loc":{"start":{"line":240,"column":18},"end":{"line":272,"column":5}},"line":240},"15":{"name":"(anonymous_15)","decl":{"start":{"line":246,"column":5},"end":{"line":246,"column":17}},"loc":{"start":{"line":246,"column":17},"end":{"line":267,"column":7}},"line":246},"16":{"name":"(anonymous_16)","decl":{"start":{"line":269,"column":11},"end":{"line":269,"column":17}},"loc":{"start":{"line":269,"column":17},"end":{"line":271,"column":null}},"line":269},"17":{"name":"(anonymous_17)","decl":{"start":{"line":275,"column":12},"end":{"line":275,"column":18}},"loc":{"start":{"line":275,"column":18},"end":{"line":299,"column":5}},"line":275},"18":{"name":"(anonymous_18)","decl":{"start":{"line":282,"column":5},"end":{"line":282,"column":17}},"loc":{"start":{"line":282,"column":17},"end":{"line":294,"column":7}},"line":282},"19":{"name":"(anonymous_19)","decl":{"start":{"line":296,"column":11},"end":{"line":296,"column":17}},"loc":{"start":{"line":296,"column":17},"end":{"line":298,"column":null}},"line":296},"20":{"name":"(anonymous_20)","decl":{"start":{"line":302,"column":12},"end":{"line":302,"column":18}},"loc":{"start":{"line":302,"column":18},"end":{"line":325,"column":5}},"line":302},"21":{"name":"(anonymous_21)","decl":{"start":{"line":303,"column":20},"end":{"line":303,"column":21}},"loc":{"start":{"line":303,"column":36},"end":{"line":313,"column":null}},"line":303},"22":{"name":"(anonymous_22)","decl":{"start":{"line":315,"column":33},"end":{"line":315,"column":34}},"loc":{"start":{"line":315,"column":67},"end":{"line":317,"column":null}},"line":315},"23":{"name":"(anonymous_23)","decl":{"start":{"line":321,"column":11},"end":{"line":321,"column":17}},"loc":{"start":{"line":321,"column":17},"end":{"line":324,"column":null}},"line":321},"24":{"name":"(anonymous_24)","decl":{"start":{"line":328,"column":12},"end":{"line":328,"column":18}},"loc":{"start":{"line":328,"column":18},"end":{"line":340,"column":5}},"line":328},"25":{"name":"(anonymous_25)","decl":{"start":{"line":334,"column":37},"end":{"line":334,"column":43}},"loc":{"start":{"line":334,"column":43},"end":{"line":337,"column":7}},"line":334},"26":{"name":"(anonymous_26)","decl":{"start":{"line":339,"column":11},"end":{"line":339,"column":17}},"loc":{"start":{"line":339,"column":17},"end":{"line":339,"column":null}},"line":339},"27":{"name":"(anonymous_27)","decl":{"start":{"line":343,"column":48},"end":{"line":343,"column":49}},"loc":{"start":{"line":343,"column":55},"end":{"line":345,"column":null}},"line":343},"28":{"name":"(anonymous_28)","decl":{"start":{"line":347,"column":26},"end":{"line":347,"column":32}},"loc":{"start":{"line":347,"column":32},"end":{"line":349,"column":null}},"line":347},"29":{"name":"(anonymous_29)","decl":{"start":{"line":387,"column":30},"end":{"line":387,"column":31}},"loc":{"start":{"line":387,"column":38},"end":{"line":387,"column":null}},"line":387},"30":{"name":"(anonymous_30)","decl":{"start":{"line":388,"column":30},"end":{"line":388,"column":31}},"loc":{"start":{"line":388,"column":38},"end":{"line":388,"column":null}},"line":388},"31":{"name":"(anonymous_31)","decl":{"start":{"line":406,"column":27},"end":{"line":406,"column":33}},"loc":{"start":{"line":406,"column":33},"end":{"line":406,"column":null}},"line":406},"32":{"name":"(anonymous_32)","decl":{"start":{"line":415,"column":27},"end":{"line":415,"column":33}},"loc":{"start":{"line":415,"column":33},"end":{"line":415,"column":null}},"line":415}},"branchMap":{"0":{"loc":{"start":{"line":83,"column":2},"end":{"line":83,"column":null}},"type":"if","locations":[{"start":{"line":83,"column":2},"end":{"line":83,"column":null}},{"start":{},"end":{}}],"line":83},"1":{"loc":{"start":{"line":85,"column":27},"end":{"line":85,"column":57}},"type":"binary-expr","locations":[{"start":{"line":85,"column":27},"end":{"line":85,"column":55}},{"start":{"line":85,"column":55},"end":{"line":85,"column":57}}],"line":85},"2":{"loc":{"start":{"line":86,"column":2},"end":{"line":86,"column":null}},"type":"if","locations":[{"start":{"line":86,"column":2},"end":{"line":86,"column":null}},{"start":{},"end":{}}],"line":86},"3":{"loc":{"start":{"line":88,"column":2},"end":{"line":88,"column":null}},"type":"if","locations":[{"start":{"line":88,"column":2},"end":{"line":88,"column":null}},{"start":{},"end":{}}],"line":88},"4":{"loc":{"start":{"line":90,"column":34},"end":{"line":90,"column":63}},"type":"binary-expr","locations":[{"start":{"line":90,"column":34},"end":{"line":90,"column":61}},{"start":{"line":90,"column":61},"end":{"line":90,"column":63}}],"line":90},"5":{"loc":{"start":{"line":91,"column":2},"end":{"line":93,"column":null}},"type":"if","locations":[{"start":{"line":91,"column":2},"end":{"line":93,"column":null}},{"start":{},"end":{}}],"line":91},"6":{"loc":{"start":{"line":91,"column":6},"end":{"line":91,"column":58}},"type":"binary-expr","locations":[{"start":{"line":91,"column":6},"end":{"line":91,"column":26}},{"start":{"line":91,"column":26},"end":{"line":91,"column":58}}],"line":91},"7":{"loc":{"start":{"line":96,"column":2},"end":{"line":98,"column":null}},"type":"if","locations":[{"start":{"line":96,"column":2},"end":{"line":98,"column":null}},{"start":{},"end":{}}],"line":96},"8":{"loc":{"start":{"line":96,"column":6},"end":{"line":96,"column":82}},"type":"binary-expr","locations":[{"start":{"line":96,"column":6},"end":{"line":96,"column":41}},{"start":{"line":96,"column":41},"end":{"line":96,"column":82}}],"line":96},"9":{"loc":{"start":{"line":122,"column":20},"end":{"line":122,"column":null}},"type":"binary-expr","locations":[{"start":{"line":122,"column":20},"end":{"line":122,"column":37}},{"start":{"line":122,"column":37},"end":{"line":122,"column":null}}],"line":122},"10":{"loc":{"start":{"line":137,"column":28},"end":{"line":137,"column":63}},"type":"binary-expr","locations":[{"start":{"line":137,"column":28},"end":{"line":137,"column":59}},{"start":{"line":137,"column":59},"end":{"line":137,"column":63}}],"line":137},"11":{"loc":{"start":{"line":137,"column":35},"end":{"line":137,"column":47}},"type":"binary-expr","locations":[{"start":{"line":137,"column":35},"end":{"line":137,"column":45}},{"start":{"line":137,"column":45},"end":{"line":137,"column":47}}],"line":137},"12":{"loc":{"start":{"line":144,"column":4},"end":{"line":144,"column":null}},"type":"if","locations":[{"start":{"line":144,"column":4},"end":{"line":144,"column":null}},{"start":{},"end":{}}],"line":144},"13":{"loc":{"start":{"line":149,"column":4},"end":{"line":149,"column":null}},"type":"if","locations":[{"start":{"line":149,"column":4},"end":{"line":149,"column":null}},{"start":{},"end":{}}],"line":149},"14":{"loc":{"start":{"line":151,"column":4},"end":{"line":151,"column":null}},"type":"if","locations":[{"start":{"line":151,"column":4},"end":{"line":151,"column":null}},{"start":{},"end":{}}],"line":151},"15":{"loc":{"start":{"line":156,"column":4},"end":{"line":156,"column":null}},"type":"if","locations":[{"start":{"line":156,"column":4},"end":{"line":156,"column":null}},{"start":{},"end":{}}],"line":156},"16":{"loc":{"start":{"line":158,"column":4},"end":{"line":158,"column":null}},"type":"if","locations":[{"start":{"line":158,"column":4},"end":{"line":158,"column":null}},{"start":{},"end":{}}],"line":158},"17":{"loc":{"start":{"line":163,"column":4},"end":{"line":163,"column":null}},"type":"if","locations":[{"start":{"line":163,"column":4},"end":{"line":163,"column":null}},{"start":{},"end":{}}],"line":163},"18":{"loc":{"start":{"line":163,"column":8},"end":{"line":163,"column":49}},"type":"binary-expr","locations":[{"start":{"line":163,"column":8},"end":{"line":163,"column":28}},{"start":{"line":163,"column":28},"end":{"line":163,"column":49}}],"line":163},"19":{"loc":{"start":{"line":172,"column":16},"end":{"line":174,"column":null}},"type":"cond-expr","locations":[{"start":{"line":173,"column":8},"end":{"line":173,"column":null}},{"start":{"line":174,"column":8},"end":{"line":174,"column":null}}],"line":172},"20":{"loc":{"start":{"line":172,"column":16},"end":{"line":172,"column":null}},"type":"binary-expr","locations":[{"start":{"line":172,"column":16},"end":{"line":172,"column":27}},{"start":{"line":172,"column":27},"end":{"line":172,"column":null}}],"line":172},"21":{"loc":{"start":{"line":176,"column":25},"end":{"line":176,"column":42}},"type":"binary-expr","locations":[{"start":{"line":176,"column":25},"end":{"line":176,"column":40}},{"start":{"line":176,"column":40},"end":{"line":176,"column":42}}],"line":176},"22":{"loc":{"start":{"line":177,"column":29},"end":{"line":177,"column":50}},"type":"binary-expr","locations":[{"start":{"line":177,"column":29},"end":{"line":177,"column":48}},{"start":{"line":177,"column":48},"end":{"line":177,"column":50}}],"line":177},"23":{"loc":{"start":{"line":181,"column":4},"end":{"line":209,"column":null}},"type":"if","locations":[{"start":{"line":181,"column":4},"end":{"line":209,"column":null}},{"start":{"line":204,"column":4},"end":{"line":209,"column":null}}],"line":181},"24":{"loc":{"start":{"line":186,"column":19},"end":{"line":186,"column":null}},"type":"binary-expr","locations":[{"start":{"line":186,"column":19},"end":{"line":186,"column":32}},{"start":{"line":186,"column":32},"end":{"line":186,"column":null}}],"line":186},"25":{"loc":{"start":{"line":187,"column":17},"end":{"line":187,"column":null}},"type":"cond-expr","locations":[{"start":{"line":187,"column":30},"end":{"line":187,"column":43}},{"start":{"line":187,"column":43},"end":{"line":187,"column":null}}],"line":187},"26":{"loc":{"start":{"line":192,"column":6},"end":{"line":203,"column":null}},"type":"if","locations":[{"start":{"line":192,"column":6},"end":{"line":203,"column":null}},{"start":{},"end":{}}],"line":192},"27":{"loc":{"start":{"line":192,"column":10},"end":{"line":192,"column":53}},"type":"binary-expr","locations":[{"start":{"line":192,"column":10},"end":{"line":192,"column":28}},{"start":{"line":192,"column":28},"end":{"line":192,"column":41}},{"start":{"line":192,"column":41},"end":{"line":192,"column":53}}],"line":192},"28":{"loc":{"start":{"line":194,"column":8},"end":{"line":202,"column":null}},"type":"if","locations":[{"start":{"line":194,"column":8},"end":{"line":202,"column":null}},{"start":{},"end":{}}],"line":194},"29":{"loc":{"start":{"line":204,"column":4},"end":{"line":209,"column":null}},"type":"if","locations":[{"start":{"line":204,"column":4},"end":{"line":209,"column":null}},{"start":{},"end":{}}],"line":204},"30":{"loc":{"start":{"line":204,"column":15},"end":{"line":204,"column":40}},"type":"binary-expr","locations":[{"start":{"line":204,"column":15},"end":{"line":204,"column":28}},{"start":{"line":204,"column":28},"end":{"line":204,"column":40}}],"line":204},"31":{"loc":{"start":{"line":206,"column":6},"end":{"line":208,"column":null}},"type":"if","locations":[{"start":{"line":206,"column":6},"end":{"line":208,"column":null}},{"start":{},"end":{}}],"line":206},"32":{"loc":{"start":{"line":206,"column":10},"end":{"line":206,"column":63}},"type":"binary-expr","locations":[{"start":{"line":206,"column":10},"end":{"line":206,"column":31}},{"start":{"line":206,"column":31},"end":{"line":206,"column":63}}],"line":206},"33":{"loc":{"start":{"line":211,"column":4},"end":{"line":211,"column":null}},"type":"if","locations":[{"start":{"line":211,"column":4},"end":{"line":211,"column":null}},{"start":{},"end":{}}],"line":211},"34":{"loc":{"start":{"line":214,"column":4},"end":{"line":214,"column":null}},"type":"if","locations":[{"start":{"line":214,"column":4},"end":{"line":214,"column":null}},{"start":{},"end":{}}],"line":214},"35":{"loc":{"start":{"line":217,"column":4},"end":{"line":217,"column":null}},"type":"if","locations":[{"start":{"line":217,"column":4},"end":{"line":217,"column":null}},{"start":{},"end":{}}],"line":217},"36":{"loc":{"start":{"line":241,"column":27},"end":{"line":241,"column":null}},"type":"binary-expr","locations":[{"start":{"line":241,"column":27},"end":{"line":241,"column":60}},{"start":{"line":241,"column":60},"end":{"line":241,"column":null}}],"line":241},"37":{"loc":{"start":{"line":242,"column":4},"end":{"line":242,"column":null}},"type":"if","locations":[{"start":{"line":242,"column":4},"end":{"line":242,"column":null}},{"start":{},"end":{}}],"line":242},"38":{"loc":{"start":{"line":247,"column":6},"end":{"line":255,"column":null}},"type":"if","locations":[{"start":{"line":247,"column":6},"end":{"line":255,"column":null}},{"start":{},"end":{}}],"line":247},"39":{"loc":{"start":{"line":263,"column":8},"end":{"line":263,"column":null}},"type":"if","locations":[{"start":{"line":263,"column":8},"end":{"line":263,"column":null}},{"start":{},"end":{}}],"line":263},"40":{"loc":{"start":{"line":263,"column":12},"end":{"line":263,"column":34}},"type":"binary-expr","locations":[{"start":{"line":263,"column":12},"end":{"line":263,"column":26}},{"start":{"line":263,"column":26},"end":{"line":263,"column":34}}],"line":263},"41":{"loc":{"start":{"line":276,"column":4},"end":{"line":279,"column":null}},"type":"if","locations":[{"start":{"line":276,"column":4},"end":{"line":279,"column":null}},{"start":{},"end":{}}],"line":276},"42":{"loc":{"start":{"line":285,"column":8},"end":{"line":285,"column":null}},"type":"if","locations":[{"start":{"line":285,"column":8},"end":{"line":285,"column":null}},{"start":{},"end":{}}],"line":285},"43":{"loc":{"start":{"line":288,"column":19},"end":{"line":288,"column":null}},"type":"cond-expr","locations":[{"start":{"line":288,"column":58},"end":{"line":288,"column":76}},{"start":{"line":288,"column":76},"end":{"line":288,"column":null}}],"line":288},"44":{"loc":{"start":{"line":291,"column":8},"end":{"line":291,"column":null}},"type":"if","locations":[{"start":{"line":291,"column":8},"end":{"line":291,"column":null}},{"start":{},"end":{}}],"line":291},"45":{"loc":{"start":{"line":305,"column":6},"end":{"line":312,"column":null}},"type":"if","locations":[{"start":{"line":305,"column":6},"end":{"line":312,"column":null}},{"start":{},"end":{}}],"line":305},"46":{"loc":{"start":{"line":305,"column":10},"end":{"line":305,"column":66}},"type":"binary-expr","locations":[{"start":{"line":305,"column":10},"end":{"line":305,"column":19}},{"start":{"line":305,"column":19},"end":{"line":305,"column":48}},{"start":{"line":305,"column":48},"end":{"line":305,"column":66}}],"line":305},"47":{"loc":{"start":{"line":306,"column":34},"end":{"line":306,"column":95}},"type":"binary-expr","locations":[{"start":{"line":306,"column":34},"end":{"line":306,"column":65}},{"start":{"line":306,"column":65},"end":{"line":306,"column":95}}],"line":306},"48":{"loc":{"start":{"line":329,"column":4},"end":{"line":329,"column":null}},"type":"if","locations":[{"start":{"line":329,"column":4},"end":{"line":329,"column":null}},{"start":{},"end":{}}],"line":329},"49":{"loc":{"start":{"line":330,"column":30},"end":{"line":330,"column":54}},"type":"binary-expr","locations":[{"start":{"line":330,"column":30},"end":{"line":330,"column":53}},{"start":{"line":330,"column":53},"end":{"line":330,"column":54}}],"line":330},"50":{"loc":{"start":{"line":331,"column":4},"end":{"line":331,"column":null}},"type":"if","locations":[{"start":{"line":331,"column":4},"end":{"line":331,"column":null}},{"start":{},"end":{}}],"line":331},"51":{"loc":{"start":{"line":331,"column":8},"end":{"line":331,"column":57}},"type":"binary-expr","locations":[{"start":{"line":331,"column":8},"end":{"line":331,"column":40}},{"start":{"line":331,"column":40},"end":{"line":331,"column":57}}],"line":331},"52":{"loc":{"start":{"line":332,"column":4},"end":{"line":332,"column":null}},"type":"if","locations":[{"start":{"line":332,"column":4},"end":{"line":332,"column":null}},{"start":{},"end":{}}],"line":332},"53":{"loc":{"start":{"line":335,"column":6},"end":{"line":335,"column":null}},"type":"if","locations":[{"start":{"line":335,"column":6},"end":{"line":335,"column":null}},{"start":{},"end":{}}],"line":335},"54":{"loc":{"start":{"line":335,"column":10},"end":{"line":335,"column":62}},"type":"binary-expr","locations":[{"start":{"line":335,"column":10},"end":{"line":335,"column":45}},{"start":{"line":335,"column":45},"end":{"line":335,"column":62}}],"line":335},"55":{"loc":{"start":{"line":372,"column":25},"end":{"line":374,"column":null}},"type":"cond-expr","locations":[{"start":{"line":373,"column":18},"end":{"line":373,"column":null}},{"start":{"line":374,"column":18},"end":{"line":374,"column":null}}],"line":372},"56":{"loc":{"start":{"line":390,"column":17},"end":{"line":390,"column":null}},"type":"cond-expr","locations":[{"start":{"line":390,"column":36},"end":{"line":390,"column":61}},{"start":{"line":390,"column":61},"end":{"line":390,"column":null}}],"line":390},"57":{"loc":{"start":{"line":402,"column":30},"end":{"line":402,"column":null}},"type":"cond-expr","locations":[{"start":{"line":402,"column":48},"end":{"line":402,"column":79}},{"start":{"line":402,"column":79},"end":{"line":402,"column":null}}],"line":402},"58":{"loc":{"start":{"line":404,"column":25},"end":{"line":404,"column":null}},"type":"cond-expr","locations":[{"start":{"line":404,"column":43},"end":{"line":404,"column":52}},{"start":{"line":404,"column":52},"end":{"line":404,"column":null}}],"line":404},"59":{"loc":{"start":{"line":411,"column":30},"end":{"line":411,"column":null}},"type":"cond-expr","locations":[{"start":{"line":411,"column":51},"end":{"line":411,"column":85}},{"start":{"line":411,"column":85},"end":{"line":411,"column":null}}],"line":411},"60":{"loc":{"start":{"line":413,"column":25},"end":{"line":413,"column":null}},"type":"cond-expr","locations":[{"start":{"line":413,"column":46},"end":{"line":413,"column":56}},{"start":{"line":413,"column":56},"end":{"line":413,"column":null}}],"line":413},"61":{"loc":{"start":{"line":420,"column":15},"end":{"line":426,"column":null}},"type":"cond-expr","locations":[{"start":{"line":421,"column":16},"end":{"line":425,"column":null}},{"start":{"line":426,"column":18},"end":{"line":426,"column":null}}],"line":420},"62":{"loc":{"start":{"line":427,"column":15},"end":{"line":433,"column":null}},"type":"binary-expr","locations":[{"start":{"line":427,"column":15},"end":{"line":427,"column":null}},{"start":{"line":428,"column":16},"end":{"line":433,"column":null}}],"line":427},"63":{"loc":{"start":{"line":435,"column":15},"end":{"line":441,"column":null}},"type":"binary-expr","locations":[{"start":{"line":435,"column":15},"end":{"line":435,"column":null}},{"start":{"line":436,"column":16},"end":{"line":441,"column":null}}],"line":435},"64":{"loc":{"start":{"line":444,"column":15},"end":{"line":449,"column":null}},"type":"binary-expr","locations":[{"start":{"line":444,"column":15},"end":{"line":444,"column":null}},{"start":{"line":445,"column":16},"end":{"line":449,"column":null}}],"line":444}},"s":{"0":1,"1":1,"2":4,"3":1,"4":3,"5":4,"6":0,"7":3,"8":0,"9":3,"10":4,"11":1,"12":2,"13":2,"14":1,"15":1,"16":1,"17":0,"18":0,"19":0,"20":0,"21":0,"22":0,"23":0,"24":0,"25":0,"26":0,"27":0,"28":0,"29":0,"30":0,"31":0,"32":0,"33":0,"34":0,"35":0,"36":0,"37":0,"38":0,"39":0,"40":0,"41":0,"42":0,"43":0,"44":0,"45":0,"46":0,"47":0,"48":0,"49":0,"50":0,"51":0,"52":0,"53":0,"54":0,"55":0,"56":0,"57":0,"58":0,"59":0,"60":0,"61":0,"62":0,"63":0,"64":0,"65":0,"66":0,"67":0,"68":0,"69":0,"70":0,"71":0,"72":0,"73":0,"74":0,"75":0,"76":0,"77":0,"78":0,"79":0,"80":0,"81":0,"82":0,"83":0,"84":0,"85":0,"86":0,"87":0,"88":0,"89":0,"90":0,"91":0,"92":0,"93":0,"94":0,"95":0,"96":0,"97":0,"98":0,"99":0,"100":0,"101":0,"102":0,"103":0,"104":0,"105":0,"106":0,"107":0,"108":0,"109":0,"110":0,"111":0,"112":0,"113":0,"114":0,"115":0,"116":0,"117":0,"118":0,"119":0,"120":0,"121":0,"122":0,"123":0,"124":0,"125":0,"126":0,"127":0,"128":0,"129":0,"130":0,"131":0,"132":0,"133":0,"134":0,"135":0,"136":0,"137":0,"138":0,"139":0,"140":0,"141":0,"142":0,"143":0,"144":0,"145":0,"146":0,"147":0,"148":0,"149":0,"150":0,"151":0,"152":0,"153":0,"154":0,"155":0,"156":0,"157":0,"158":0,"159":0,"160":0},"f":{"0":4,"1":0,"2":0,"3":0,"4":0,"5":0,"6":0,"7":0,"8":0,"9":0,"10":0,"11":0,"12":0,"13":0,"14":0,"15":0,"16":0,"17":0,"18":0,"19":0,"20":0,"21":0,"22":0,"23":0,"24":0,"25":0,"26":0,"27":0,"28":0,"29":0,"30":0,"31":0,"32":0},"b":{"0":[1,3],"1":[3,0],"2":[0,4],"3":[0,3],"4":[3,0],"5":[1,3],"6":[4,3],"7":[1,1],"8":[2,2],"9":[0,0],"10":[0,0],"11":[0,0],"12":[0,0],"13":[0,0],"14":[0,0],"15":[0,0],"16":[0,0],"17":[0,0],"18":[0,0],"19":[0,0],"20":[0,0],"21":[0,0],"22":[0,0],"23":[0,0],"24":[0,0],"25":[0,0],"26":[0,0],"27":[0,0,0],"28":[0,0],"29":[0,0],"30":[0,0],"31":[0,0],"32":[0,0],"33":[0,0],"34":[0,0],"35":[0,0],"36":[0,0],"37":[0,0],"38":[0,0],"39":[0,0],"40":[0,0],"41":[0,0],"42":[0,0],"43":[0,0],"44":[0,0],"45":[0,0],"46":[0,0,0],"47":[0,0],"48":[0,0],"49":[0,0],"50":[0,0],"51":[0,0],"52":[0,0],"53":[0,0],"54":[0,0],"55":[0,0],"56":[0,0],"57":[0,0],"58":[0,0],"59":[0,0],"60":[0,0],"61":[0,0],"62":[0,0],"63":[0,0],"64":[0,0]},"meta":{"lastBranch":65,"lastFunction":33,"lastStatement":161,"seen":{"s:42:35:42:Infinity":0,"s:47:26:74:Infinity":1,"f:76:16:76:54":0,"b:83:2:83:Infinity:undefined:undefined:undefined:undefined":0,"s:83:2:83:Infinity":2,"s:83:28:83:Infinity":3,"s:85:20:85:Infinity":4,"b:85:27:85:55:85:55:85:57":1,"b:86:2:86:Infinity:undefined:undefined:undefined:undefined":2,"s:86:2:86:Infinity":5,"s:86:18:86:Infinity":6,"b:88:2:88:Infinity:undefined:undefined:undefined:undefined":3,"s:88:2:88:Infinity":7,"s:88:56:88:Infinity":8,"s:90:27:90:Infinity":9,"b:90:34:90:61:90:61:90:63":4,"b:91:2:93:Infinity:undefined:undefined:undefined:undefined":5,"s:91:2:93:Infinity":10,"b:91:6:91:26:91:26:91:58":6,"s:92:4:92:Infinity":11,"s:95:25:95:Infinity":12,"b:96:2:98:Infinity:undefined:undefined:undefined:undefined":7,"s:96:2:98:Infinity":13,"b:96:6:96:41:96:41:96:82":8,"s:97:4:97:Infinity":14,"s:100:2:100:Infinity":15,"s:103:22:510:Infinity":16,"f:103:22:103:28":1,"s:104:16:104:Infinity":17,"s:105:8:105:Infinity":18,"s:106:8:106:Infinity":19,"s:107:8:107:Infinity":20,"s:108:54:108:Infinity":21,"s:109:8:109:Infinity":22,"s:110:8:110:Infinity":23,"s:117:2:117:Infinity":24,"s:118:48:118:Infinity":25,"s:119:8:119:Infinity":26,"s:121:57:121:Infinity":27,"s:122:20:122:Infinity":28,"b:122:20:122:37:122:37:122:Infinity":9,"s:125:2:125:Infinity":29,"s:128:2:128:Infinity":30,"s:130:34:141:Infinity":31,"f:130:52:130:64":2,"s:131:4:140:Infinity":32,"s:132:21:136:Infinity":33,"s:137:6:137:Infinity":34,"b:137:28:137:59:137:59:137:63":10,"b:137:35:137:45:137:45:137:47":11,"s:143:2:146:Infinity":35,"f:143:12:143:18":3,"b:144:4:144:Infinity:undefined:undefined:undefined:undefined":12,"s:144:4:144:Infinity":36,"s:144:19:144:Infinity":37,"s:145:4:145:Infinity":38,"s:148:30:153:Infinity":39,"f:148:44:148:50":4,"b:149:4:149:Infinity:undefined:undefined:undefined:undefined":13,"s:149:4:149:Infinity":40,"s:149:26:149:Infinity":41,"s:150:17:150:Infinity":42,"b:151:4:151:Infinity:undefined:undefined:undefined:undefined":14,"s:151:4:151:Infinity":43,"s:151:27:151:Infinity":44,"s:152:4:152:Infinity":45,"s:155:32:160:Infinity":46,"f:155:46:155:52":5,"b:156:4:156:Infinity:undefined:undefined:undefined:undefined":15,"s:156:4:156:Infinity":47,"s:156:29:156:Infinity":48,"s:157:17:157:Infinity":49,"b:158:4:158:Infinity:undefined:undefined:undefined:undefined":16,"s:158:4:158:Infinity":50,"s:158:27:158:Infinity":51,"s:159:4:159:Infinity":52,"s:162:26:165:Infinity":53,"f:162:40:162:46":6,"b:163:4:163:Infinity:undefined:undefined:undefined:undefined":17,"s:163:4:163:Infinity":54,"b:163:8:163:28:163:28:163:49":18,"s:163:49:163:Infinity":55,"s:164:4:164:Infinity":56,"s:168:2:212:Infinity":57,"f:168:27:168:28":7,"s:169:4:169:Infinity":58,"s:170:4:170:Infinity":59,"s:172:16:174:Infinity":60,"b:173:8:173:Infinity:174:8:174:Infinity":19,"b:172:16:172:27:172:27:172:Infinity":20,"s:176:18:176:Infinity":61,"b:176:25:176:40:176:40:176:42":21,"s:177:22:177:Infinity":62,"b:177:29:177:48:177:48:177:50":22,"s:178:23:178:Infinity":63,"s:179:23:179:Infinity":64,"b:181:4:209:Infinity:204:4:209:Infinity":23,"s:181:4:209:Infinity":65,"s:182:21:182:Infinity":66,"s:183:28:183:Infinity":67,"s:185:6:188:Infinity":68,"b:186:19:186:32:186:32:186:Infinity":24,"b:187:30:187:43:187:43:187:Infinity":25,"b:192:6:203:Infinity:undefined:undefined:undefined:undefined":26,"s:192:6:203:Infinity":69,"b:192:10:192:28:192:28:192:41:192:41:192:53":27,"s:193:24:193:Infinity":70,"b:194:8:202:Infinity:undefined:undefined:undefined:undefined":28,"s:194:8:202:Infinity":71,"s:201:10:201:Infinity":72,"b:204:4:209:Infinity:undefined:undefined:undefined:undefined":29,"s:204:4:209:Infinity":73,"b:204:15:204:28:204:28:204:40":30,"s:205:31:205:Infinity":74,"b:206:6:208:Infinity:undefined:undefined:undefined:undefined":31,"s:206:6:208:Infinity":75,"b:206:10:206:31:206:31:206:63":32,"s:207:8:207:Infinity":76,"b:211:4:211:Infinity:undefined:undefined:undefined:undefined":33,"s:211:4:211:Infinity":77,"s:211:25:211:Infinity":78,"s:213:2:215:Infinity":79,"f:213:36:213:42":8,"b:214:4:214:Infinity:undefined:undefined:undefined:undefined":34,"s:214:4:214:Infinity":80,"s:214:25:214:Infinity":81,"s:216:2:218:Infinity":82,"f:216:37:216:43":9,"b:217:4:217:Infinity:undefined:undefined:undefined:undefined":35,"s:217:4:217:Infinity":83,"s:217:25:217:Infinity":84,"s:220:2:222:Infinity":85,"f:220:12:220:18":10,"s:221:4:221:Infinity":86,"s:225:2:235:Infinity":87,"f:225:12:225:18":11,"s:226:4:226:Infinity":88,"s:228:18:230:Infinity":89,"f:228:37:228:43":12,"s:229:6:229:Infinity":90,"s:232:4:234:Infinity":91,"f:232:11:232:17":13,"s:233:6:233:Infinity":92,"s:240:2:272:Infinity":93,"f:240:12:240:18":14,"s:241:27:241:Infinity":94,"b:241:27:241:60:241:60:241:Infinity":36,"b:242:4:242:Infinity:undefined:undefined:undefined:undefined":37,"s:242:4:242:Infinity":95,"s:242:25:242:Infinity":96,"s:244:20:244:Infinity":97,"s:246:4:267:Infinity":98,"f:246:5:246:17":15,"b:247:6:255:Infinity:undefined:undefined:undefined:undefined":38,"s:247:6:255:Infinity":99,"s:248:8:254:Infinity":100,"s:250:10:250:Infinity":101,"s:251:10:251:Infinity":102,"s:257:6:266:Infinity":103,"s:258:23:262:Infinity":104,"b:263:8:263:Infinity:undefined:undefined:undefined:undefined":39,"s:263:8:263:Infinity":105,"b:263:12:263:26:263:26:263:34":40,"s:263:34:263:Infinity":106,"s:269:4:271:Infinity":107,"f:269:11:269:17":16,"s:270:6:270:Infinity":108,"s:275:2:299:Infinity":109,"f:275:12:275:18":17,"b:276:4:279:Infinity:undefined:undefined:undefined:undefined":41,"s:276:4:279:Infinity":110,"s:277:6:277:Infinity":111,"s:278:6:278:Infinity":112,"s:281:20:281:Infinity":113,"s:282:4:294:Infinity":114,"f:282:5:282:17":18,"s:283:6:293:Infinity":115,"s:284:23:284:Infinity":116,"b:285:8:285:Infinity:undefined:undefined:undefined:undefined":42,"s:285:8:285:Infinity":117,"s:285:23:285:Infinity":118,"s:286:8:289:Infinity":119,"b:288:58:288:76:288:76:288:Infinity":43,"b:291:8:291:Infinity:undefined:undefined:undefined:undefined":44,"s:291:8:291:Infinity":120,"s:291:23:291:Infinity":121,"s:292:8:292:Infinity":122,"s:296:4:298:Infinity":123,"f:296:11:296:17":19,"s:297:6:297:Infinity":124,"s:302:2:325:Infinity":125,"f:302:12:302:18":20,"s:303:20:313:Infinity":126,"f:303:20:303:21":21,"b:305:6:312:Infinity:undefined:undefined:undefined:undefined":45,"s:305:6:312:Infinity":127,"b:305:10:305:19:305:19:305:48:305:48:305:66":46,"s:306:8:311:Infinity":128,"b:306:34:306:65:306:65:306:95":47,"s:315:33:317:Infinity":129,"f:315:33:315:34":22,"s:316:6:316:Infinity":130,"s:319:4:319:Infinity":131,"s:320:4:320:Infinity":132,"s:321:4:324:Infinity":133,"f:321:11:321:17":23,"s:322:6:322:Infinity":134,"s:323:6:323:Infinity":135,"s:328:2:340:Infinity":136,"f:328:12:328:18":24,"b:329:4:329:Infinity:undefined:undefined:undefined:undefined":48,"s:329:4:329:Infinity":137,"s:329:26:329:Infinity":138,"s:330:23:330:Infinity":139,"b:330:30:330:53:330:53:330:54":49,"b:331:4:331:Infinity:undefined:undefined:undefined:undefined":50,"s:331:4:331:Infinity":140,"b:331:8:331:40:331:40:331:57":51,"s:331:57:331:Infinity":141,"b:332:4:332:Infinity:undefined:undefined:undefined:undefined":52,"s:332:4:332:Infinity":142,"s:332:19:332:Infinity":143,"s:334:18:337:Infinity":144,"f:334:37:334:43":25,"b:335:6:335:Infinity:undefined:undefined:undefined:undefined":53,"s:335:6:335:Infinity":145,"b:335:10:335:45:335:45:335:62":54,"s:335:62:335:Infinity":146,"s:336:6:336:Infinity":147,"s:339:4:339:Infinity":148,"f:339:11:339:17":26,"s:339:17:339:Infinity":149,"s:343:48:345:Infinity":150,"f:343:48:343:49":27,"s:344:4:344:Infinity":151,"s:347:26:349:Infinity":152,"f:347:26:347:32":28,"s:348:4:348:Infinity":153,"s:352:23:352:Infinity":154,"s:353:29:353:Infinity":155,"s:355:2:508:Infinity":156,"b:373:18:373:Infinity:374:18:374:Infinity":55,"f:387:30:387:31":29,"s:387:38:387:Infinity":157,"f:388:30:388:31":30,"s:388:38:388:Infinity":158,"b:390:36:390:61:390:61:390:Infinity":56,"b:402:48:402:79:402:79:402:Infinity":57,"b:404:43:404:52:404:52:404:Infinity":58,"f:406:27:406:33":31,"s:406:33:406:Infinity":159,"b:411:51:411:85:411:85:411:Infinity":59,"b:413:46:413:56:413:56:413:Infinity":60,"f:415:27:415:33":32,"s:415:33:415:Infinity":160,"b:421:16:425:Infinity:426:18:426:Infinity":61,"b:427:15:427:Infinity:428:16:433:Infinity":62,"b:435:15:435:Infinity:436:16:441:Infinity":63,"b:444:15:444:Infinity:445:16:449:Infinity":64}}}
,"/Users/butianzheng/Documents/trae_projects/hot-rolling-finish-aps/src/api/eventBus.ts": {"path":"/Users/butianzheng/Documents/trae_projects/hot-rolling-finish-aps/src/api/eventBus.ts","statementMap":{"0":{"start":{"line":7,"column":56},"end":{"line":7,"column":null}},"1":{"start":{"line":13,"column":21},"end":{"line":15,"column":null}},"2":{"start":{"line":14,"column":6},"end":{"line":14,"column":null}},"3":{"start":{"line":17,"column":4},"end":{"line":19,"column":null}},"4":{"start":{"line":18,"column":6},"end":{"line":18,"column":null}},"5":{"start":{"line":20,"column":26},"end":{"line":20,"column":null}},"6":{"start":{"line":21,"column":4},"end":{"line":21,"column":null}},"7":{"start":{"line":24,"column":28},"end":{"line":34,"column":null}},"8":{"start":{"line":25,"column":6},"end":{"line":25,"column":null}},"9":{"start":{"line":26,"column":20},"end":{"line":26,"column":null}},"10":{"start":{"line":27,"column":6},"end":{"line":29,"column":null}},"11":{"start":{"line":28,"column":8},"end":{"line":28,"column":null}},"12":{"start":{"line":31,"column":6},"end":{"line":33,"column":null}},"13":{"start":{"line":32,"column":8},"end":{"line":32,"column":null}},"14":{"start":{"line":36,"column":4},"end":{"line":36,"column":null}},"15":{"start":{"line":40,"column":22},"end":{"line":40,"column":null}},"16":{"start":{"line":41,"column":4},"end":{"line":44,"column":null}},"17":{"start":{"line":42,"column":6},"end":{"line":42,"column":null}},"18":{"start":{"line":42,"column":36},"end":{"line":42,"column":46}},"19":{"start":{"line":43,"column":6},"end":{"line":43,"column":null}},"20":{"start":{"line":48,"column":4},"end":{"line":50,"column":null}},"21":{"start":{"line":49,"column":6},"end":{"line":49,"column":null}},"22":{"start":{"line":49,"column":36},"end":{"line":49,"column":46}},"23":{"start":{"line":51,"column":4},"end":{"line":51,"column":null}},"24":{"start":{"line":57,"column":8},"end":{"line":57,"column":null}},"25":{"start":{"line":58,"column":2},"end":{"line":60,"column":null}},"26":{"start":{"line":59,"column":4},"end":{"line":59,"column":null}},"27":{"start":{"line":62,"column":2},"end":{"line":79,"column":null}},"28":{"start":{"line":63,"column":21},"end":{"line":63,"column":null}},"29":{"start":{"line":66,"column":4},"end":{"line":73,"column":null}},"30":{"start":{"line":66,"column":56},"end":{"line":66,"column":83}},"31":{"start":{"line":67,"column":6},"end":{"line":71,"column":null}},"32":{"start":{"line":69,"column":8},"end":{"line":69,"column":null}},"33":{"start":{"line":70,"column":8},"end":{"line":70,"column":null}},"34":{"start":{"line":72,"column":6},"end":{"line":72,"column":null}},"35":{"start":{"line":75,"column":4},"end":{"line":78,"column":null}},"36":{"start":{"line":76,"column":6},"end":{"line":76,"column":null}},"37":{"start":{"line":77,"column":6},"end":{"line":77,"column":null}},"38":{"start":{"line":77,"column":20},"end":{"line":77,"column":null}}},"fnMap":{"0":{"name":"(anonymous_0)","decl":{"start":{"line":9,"column":15},"end":{"line":9,"column":null}},"loc":{"start":{"line":12,"column":25},"end":{"line":37,"column":null}},"line":12},"1":{"name":"(anonymous_1)","decl":{"start":{"line":13,"column":45},"end":{"line":13,"column":46}},"loc":{"start":{"line":13,"column":56},"end":{"line":15,"column":5}},"line":13},"2":{"name":"(anonymous_2)","decl":{"start":{"line":24,"column":28},"end":{"line":24,"column":34}},"loc":{"start":{"line":24,"column":34},"end":{"line":34,"column":null}},"line":24},"3":{"name":"(anonymous_3)","decl":{"start":{"line":39,"column":15},"end":{"line":39,"column":27}},"loc":{"start":{"line":39,"column":46},"end":{"line":45,"column":null}},"line":39},"4":{"name":"(anonymous_4)","decl":{"start":{"line":42,"column":24},"end":{"line":42,"column":36}},"loc":{"start":{"line":42,"column":36},"end":{"line":42,"column":46}},"line":42},"5":{"name":"(anonymous_5)","decl":{"start":{"line":47,"column":15},"end":{"line":47,"column":25}},"loc":{"start":{"line":47,"column":25},"end":{"line":52,"column":null}},"line":47},"6":{"name":"(anonymous_6)","decl":{"start":{"line":49,"column":24},"end":{"line":49,"column":36}},"loc":{"start":{"line":49,"column":36},"end":{"line":49,"column":46}},"line":49},"7":{"name":"useEvent","decl":{"start":{"line":55,"column":16},"end":{"line":55,"column":25}},"loc":{"start":{"line":55,"column":67},"end":{"line":80,"column":null}},"line":55},"8":{"name":"(anonymous_8)","decl":{"start":{"line":58,"column":12},"end":{"line":58,"column":18}},"loc":{"start":{"line":58,"column":18},"end":{"line":60,"column":5}},"line":58},"9":{"name":"(anonymous_9)","decl":{"start":{"line":62,"column":12},"end":{"line":62,"column":18}},"loc":{"start":{"line":62,"column":18},"end":{"line":79,"column":5}},"line":62},"10":{"name":"(anonymous_10)","decl":{"start":{"line":66,"column":34},"end":{"line":66,"column":35}},"loc":{"start":{"line":66,"column":56},"end":{"line":66,"column":83}},"line":66},"11":{"name":"(anonymous_11)","decl":{"start":{"line":66,"column":90},"end":{"line":66,"column":91}},"loc":{"start":{"line":66,"column":98},"end":{"line":73,"column":5}},"line":66},"12":{"name":"(anonymous_12)","decl":{"start":{"line":75,"column":11},"end":{"line":75,"column":17}},"loc":{"start":{"line":75,"column":17},"end":{"line":78,"column":null}},"line":75}},"branchMap":{"0":{"loc":{"start":{"line":17,"column":4},"end":{"line":19,"column":null}},"type":"if","locations":[{"start":{"line":17,"column":4},"end":{"line":19,"column":null}},{"start":{},"end":{}}],"line":17},"1":{"loc":{"start":{"line":27,"column":6},"end":{"line":29,"column":null}},"type":"if","locations":[{"start":{"line":27,"column":6},"end":{"line":29,"column":null}},{"start":{},"end":{}}],"line":27},"2":{"loc":{"start":{"line":31,"column":6},"end":{"line":33,"column":null}},"type":"if","locations":[{"start":{"line":31,"column":6},"end":{"line":33,"column":null}},{"start":{},"end":{}}],"line":31},"3":{"loc":{"start":{"line":41,"column":4},"end":{"line":44,"column":null}},"type":"if","locations":[{"start":{"line":41,"column":4},"end":{"line":44,"column":null}},{"start":{},"end":{}}],"line":41},"4":{"loc":{"start":{"line":67,"column":6},"end":{"line":71,"column":null}},"type":"if","locations":[{"start":{"line":67,"column":6},"end":{"line":71,"column":null}},{"start":{},"end":{}}],"line":67},"5":{"loc":{"start":{"line":77,"column":6},"end":{"line":77,"column":null}},"type":"if","locations":[{"start":{"line":77,"column":6},"end":{"line":77,"column":null}},{"start":{},"end":{}}],"line":77}},"s":{"0":2,"1":28,"2":1,"3":28,"4":24,"5":28,"6":28,"7":28,"8":13,"9":13,"10":13,"11":13,"12":13,"13":12,"14":28,"15":3,"16":3,"17":2,"18":3,"19":2,"20":17,"21":10,"22":12,"23":17,"24":0,"25":0,"26":0,"27":0,"28":0,"29":0,"30":0,"31":0,"32":0,"33":0,"34":0,"35":0,"36":0,"37":0,"38":0},"f":{"0":2,"1":1,"2":13,"3":2,"4":3,"5":2,"6":12,"7":0,"8":0,"9":0,"10":0,"11":0,"12":0},"b":{"0":[24,4],"1":[13,0],"2":[12,1],"3":[2,1],"4":[0,0],"5":[0,0]},"meta":{"lastBranch":6,"lastFunction":13,"lastStatement":39,"seen":{"s:7:56:7:Infinity":0,"f:9:15:9:Infinity":0,"s:13:21:15:Infinity":1,"f:13:45:13:46":1,"s:14:6:14:Infinity":2,"b:17:4:19:Infinity:undefined:undefined:undefined:undefined":0,"s:17:4:19:Infinity":3,"s:18:6:18:Infinity":4,"s:20:26:20:Infinity":5,"s:21:4:21:Infinity":6,"s:24:28:34:Infinity":7,"f:24:28:24:34":2,"s:25:6:25:Infinity":8,"s:26:20:26:Infinity":9,"b:27:6:29:Infinity:undefined:undefined:undefined:undefined":1,"s:27:6:29:Infinity":10,"s:28:8:28:Infinity":11,"b:31:6:33:Infinity:undefined:undefined:undefined:undefined":2,"s:31:6:33:Infinity":12,"s:32:8:32:Infinity":13,"s:36:4:36:Infinity":14,"f:39:15:39:27":3,"s:40:22:40:Infinity":15,"b:41:4:44:Infinity:undefined:undefined:undefined:undefined":3,"s:41:4:44:Infinity":16,"s:42:6:42:Infinity":17,"f:42:24:42:36":4,"s:42:36:42:46":18,"s:43:6:43:Infinity":19,"f:47:15:47:25":5,"s:48:4:50:Infinity":20,"s:49:6:49:Infinity":21,"f:49:24:49:36":6,"s:49:36:49:46":22,"s:51:4:51:Infinity":23,"f:55:16:55:25":7,"s:57:8:57:Infinity":24,"s:58:2:60:Infinity":25,"f:58:12:58:18":8,"s:59:4:59:Infinity":26,"s:62:2:79:Infinity":27,"f:62:12:62:18":9,"s:63:21:63:Infinity":28,"s:66:4:73:Infinity":29,"f:66:34:66:35":10,"s:66:56:66:83":30,"f:66:90:66:91":11,"b:67:6:71:Infinity:undefined:undefined:undefined:undefined":4,"s:67:6:71:Infinity":31,"s:69:8:69:Infinity":32,"s:70:8:70:Infinity":33,"s:72:6:72:Infinity":34,"s:75:4:78:Infinity":35,"f:75:11:75:17":12,"s:76:6:76:Infinity":36,"b:77:6:77:Infinity:undefined:undefined:undefined:undefined":5,"s:77:6:77:Infinity":37,"s:77:20:77:Infinity":38}}}
,"/Users/butianzheng/Documents/trae_projects/hot-rolling-finish-aps/src/api/ipcClient.tsx": {"path":"/Users/butianzheng/Documents/trae_projects/hot-rolling-finish-aps/src/api/ipcClient.tsx","statementMap":{"0":{"start":{"line":14,"column":27},"end":{"line":25,"column":null}},"1":{"start":{"line":48,"column":18},"end":{"line":53,"column":null}},"2":{"start":{"line":69,"column":74},"end":{"line":69,"column":null}},"3":{"start":{"line":71,"column":4},"end":{"line":80,"column":null}},"4":{"start":{"line":73,"column":6},"end":{"line":73,"column":null}},"5":{"start":{"line":74,"column":6},"end":{"line":74,"column":null}},"6":{"start":{"line":75,"column":6},"end":{"line":75,"column":null}},"7":{"start":{"line":76,"column":6},"end":{"line":78,"column":null}},"8":{"start":{"line":77,"column":8},"end":{"line":77,"column":null}},"9":{"start":{"line":79,"column":6},"end":{"line":79,"column":null}},"10":{"start":{"line":82,"column":37},"end":{"line":82,"column":null}},"11":{"start":{"line":83,"column":4},"end":{"line":123,"column":null}},"12":{"start":{"line":83,"column":17},"end":{"line":83,"column":20}},"13":{"start":{"line":84,"column":6},"end":{"line":122,"column":null}},"14":{"start":{"line":86,"column":30},"end":{"line":88,"column":null}},"15":{"start":{"line":90,"column":39},"end":{"line":97,"column":null}},"16":{"start":{"line":99,"column":23},"end":{"line":104,"column":null}},"17":{"start":{"line":102,"column":12},"end":{"line":102,"column":null}},"18":{"start":{"line":102,"column":29},"end":{"line":102,"column":51}},"19":{"start":{"line":105,"column":8},"end":{"line":105,"column":null}},"20":{"start":{"line":105,"column":23},"end":{"line":105,"column":null}},"21":{"start":{"line":108,"column":23},"end":{"line":108,"column":null}},"22":{"start":{"line":109,"column":26},"end":{"line":109,"column":null}},"23":{"start":{"line":110,"column":8},"end":{"line":110,"column":null}},"24":{"start":{"line":112,"column":8},"end":{"line":115,"column":null}},"25":{"start":{"line":113,"column":10},"end":{"line":113,"column":null}},"26":{"start":{"line":114,"column":10},"end":{"line":114,"column":null}},"27":{"start":{"line":116,"column":8},"end":{"line":116,"column":null}},"28":{"start":{"line":117,"column":8},"end":{"line":120,"column":null}},"29":{"start":{"line":118,"column":10},"end":{"line":118,"column":null}},"30":{"start":{"line":119,"column":10},"end":{"line":119,"column":null}},"31":{"start":{"line":121,"column":8},"end":{"line":121,"column":null}},"32":{"start":{"line":125,"column":25},"end":{"line":127,"column":null}},"33":{"start":{"line":129,"column":4},"end":{"line":139,"column":null}},"34":{"start":{"line":131,"column":26},"end":{"line":133,"column":null}},"35":{"start":{"line":134,"column":6},"end":{"line":138,"column":null}},"36":{"start":{"line":141,"column":4},"end":{"line":143,"column":null}},"37":{"start":{"line":142,"column":6},"end":{"line":142,"column":null}},"38":{"start":{"line":144,"column":4},"end":{"line":144,"column":null}},"39":{"start":{"line":148,"column":4},"end":{"line":154,"column":null}},"40":{"start":{"line":149,"column":6},"end":{"line":153,"column":null}},"41":{"start":{"line":150,"column":8},"end":{"line":150,"column":null}},"42":{"start":{"line":152,"column":8},"end":{"line":152,"column":null}},"43":{"start":{"line":155,"column":4},"end":{"line":160,"column":null}},"44":{"start":{"line":156,"column":6},"end":{"line":159,"column":null}},"45":{"start":{"line":161,"column":4},"end":{"line":170,"column":null}},"46":{"start":{"line":162,"column":18},"end":{"line":162,"column":null}},"47":{"start":{"line":163,"column":6},"end":{"line":169,"column":null}},"48":{"start":{"line":171,"column":4},"end":{"line":171,"column":null}},"49":{"start":{"line":175,"column":4},"end":{"line":175,"column":null}},"50":{"start":{"line":179,"column":22},"end":{"line":179,"column":null}},"51":{"start":{"line":180,"column":4},"end":{"line":196,"column":null}},"52":{"start":{"line":194,"column":8},"end":{"line":194,"column":null}},"53":{"start":{"line":200,"column":4},"end":{"line":200,"column":null}},"54":{"start":{"line":200,"column":34},"end":{"line":200,"column":57}}},"fnMap":{"0":{"name":"(anonymous_0)","decl":{"start":{"line":63,"column":15},"end":{"line":63,"column":null}},"loc":{"start":{"line":67,"column":16},"end":{"line":145,"column":null}},"line":67},"1":{"name":"(anonymous_1)","decl":{"start":{"line":101,"column":22},"end":{"line":101,"column":23}},"loc":{"start":{"line":102,"column":12},"end":{"line":102,"column":null}},"line":102},"2":{"name":"(anonymous_2)","decl":{"start":{"line":102,"column":23},"end":{"line":102,"column":29}},"loc":{"start":{"line":102,"column":29},"end":{"line":102,"column":51}},"line":102},"3":{"name":"(anonymous_3)","decl":{"start":{"line":147,"column":17},"end":{"line":147,"column":28}},"loc":{"start":{"line":147,"column":54},"end":{"line":172,"column":null}},"line":147},"4":{"name":"(anonymous_4)","decl":{"start":{"line":174,"column":17},"end":{"line":174,"column":29}},"loc":{"start":{"line":174,"column":55},"end":{"line":176,"column":null}},"line":174},"5":{"name":"(anonymous_5)","decl":{"start":{"line":178,"column":17},"end":{"line":178,"column":27}},"loc":{"start":{"line":178,"column":44},"end":{"line":197,"column":null}},"line":178},"6":{"name":"(anonymous_6)","decl":{"start":{"line":193,"column":12},"end":{"line":193,"column":18}},"loc":{"start":{"line":193,"column":18},"end":{"line":195,"column":null}},"line":193},"7":{"name":"(anonymous_7)","decl":{"start":{"line":199,"column":17},"end":{"line":199,"column":23}},"loc":{"start":{"line":199,"column":35},"end":{"line":201,"column":null}},"line":199},"8":{"name":"(anonymous_8)","decl":{"start":{"line":200,"column":23},"end":{"line":200,"column":34}},"loc":{"start":{"line":200,"column":34},"end":{"line":200,"column":57}},"line":200}},"branchMap":{"0":{"loc":{"start":{"line":50,"column":3},"end":{"line":52,"column":null}},"type":"binary-expr","locations":[{"start":{"line":50,"column":3},"end":{"line":50,"column":null}},{"start":{"line":52,"column":4},"end":{"line":52,"column":null}}],"line":50},"1":{"loc":{"start":{"line":52,"column":12},"end":{"line":52,"column":62}},"type":"binary-expr","locations":[{"start":{"line":52,"column":12},"end":{"line":52,"column":60}},{"start":{"line":52,"column":60},"end":{"line":52,"column":62}}],"line":52},"2":{"loc":{"start":{"line":65,"column":4},"end":{"line":65,"column":null}},"type":"default-arg","locations":[{"start":{"line":65,"column":22},"end":{"line":65,"column":null}}],"line":65},"3":{"loc":{"start":{"line":66,"column":4},"end":{"line":66,"column":null}},"type":"default-arg","locations":[{"start":{"line":66,"column":26},"end":{"line":66,"column":null}}],"line":66},"4":{"loc":{"start":{"line":69,"column":12},"end":{"line":69,"column":23}},"type":"default-arg","locations":[{"start":{"line":69,"column":20},"end":{"line":69,"column":23}}],"line":69},"5":{"loc":{"start":{"line":69,"column":23},"end":{"line":69,"column":53}},"type":"default-arg","locations":[{"start":{"line":69,"column":33},"end":{"line":69,"column":53}}],"line":69},"6":{"loc":{"start":{"line":69,"column":53},"end":{"line":69,"column":70}},"type":"default-arg","locations":[{"start":{"line":69,"column":65},"end":{"line":69,"column":70}}],"line":69},"7":{"loc":{"start":{"line":71,"column":4},"end":{"line":80,"column":null}},"type":"if","locations":[{"start":{"line":71,"column":4},"end":{"line":80,"column":null}},{"start":{},"end":{}}],"line":71},"8":{"loc":{"start":{"line":76,"column":6},"end":{"line":78,"column":null}},"type":"if","locations":[{"start":{"line":76,"column":6},"end":{"line":78,"column":null}},{"start":{},"end":{}}],"line":76},"9":{"loc":{"start":{"line":76,"column":10},"end":{"line":76,"column":83}},"type":"binary-expr","locations":[{"start":{"line":76,"column":10},"end":{"line":76,"column":40}},{"start":{"line":76,"column":40},"end":{"line":76,"column":59}},{"start":{"line":76,"column":59},"end":{"line":76,"column":83}}],"line":76},"10":{"loc":{"start":{"line":86,"column":30},"end":{"line":88,"column":null}},"type":"cond-expr","locations":[{"start":{"line":87,"column":12},"end":{"line":87,"column":null}},{"start":{"line":88,"column":12},"end":{"line":88,"column":null}}],"line":86},"11":{"loc":{"start":{"line":86,"column":30},"end":{"line":86,"column":null}},"type":"binary-expr","locations":[{"start":{"line":86,"column":30},"end":{"line":86,"column":60}},{"start":{"line":86,"column":60},"end":{"line":86,"column":null}}],"line":86},"12":{"loc":{"start":{"line":105,"column":8},"end":{"line":105,"column":null}},"type":"if","locations":[{"start":{"line":105,"column":8},"end":{"line":105,"column":null}},{"start":{},"end":{}}],"line":105},"13":{"loc":{"start":{"line":108,"column":23},"end":{"line":108,"column":null}},"type":"cond-expr","locations":[{"start":{"line":108,"column":52},"end":{"line":108,"column":73}},{"start":{"line":108,"column":73},"end":{"line":108,"column":null}}],"line":108},"14":{"loc":{"start":{"line":109,"column":26},"end":{"line":109,"column":null}},"type":"cond-expr","locations":[{"start":{"line":109,"column":67},"end":{"line":109,"column":94}},{"start":{"line":109,"column":94},"end":{"line":109,"column":null}}],"line":109},"15":{"loc":{"start":{"line":112,"column":8},"end":{"line":115,"column":null}},"type":"if","locations":[{"start":{"line":112,"column":8},"end":{"line":115,"column":null}},{"start":{},"end":{}}],"line":112},"16":{"loc":{"start":{"line":117,"column":8},"end":{"line":120,"column":null}},"type":"if","locations":[{"start":{"line":117,"column":8},"end":{"line":120,"column":null}},{"start":{},"end":{}}],"line":117},"17":{"loc":{"start":{"line":117,"column":12},"end":{"line":117,"column":54}},"type":"binary-expr","locations":[{"start":{"line":117,"column":12},"end":{"line":117,"column":25}},{"start":{"line":117,"column":25},"end":{"line":117,"column":54}}],"line":117},"18":{"loc":{"start":{"line":125,"column":25},"end":{"line":127,"column":null}},"type":"cond-expr","locations":[{"start":{"line":126,"column":8},"end":{"line":126,"column":null}},{"start":{"line":127,"column":8},"end":{"line":127,"column":null}}],"line":125},"19":{"loc":{"start":{"line":129,"column":4},"end":{"line":139,"column":null}},"type":"if","locations":[{"start":{"line":129,"column":4},"end":{"line":139,"column":null}},{"start":{},"end":{}}],"line":129},"20":{"loc":{"start":{"line":129,"column":8},"end":{"line":129,"column":49}},"type":"binary-expr","locations":[{"start":{"line":129,"column":8},"end":{"line":129,"column":21}},{"start":{"line":129,"column":21},"end":{"line":129,"column":34}},{"start":{"line":129,"column":34},"end":{"line":129,"column":49}}],"line":129},"21":{"loc":{"start":{"line":131,"column":26},"end":{"line":133,"column":null}},"type":"cond-expr","locations":[{"start":{"line":132,"column":10},"end":{"line":132,"column":null}},{"start":{"line":133,"column":10},"end":{"line":133,"column":null}}],"line":131},"22":{"loc":{"start":{"line":131,"column":26},"end":{"line":131,"column":null}},"type":"binary-expr","locations":[{"start":{"line":131,"column":26},"end":{"line":131,"column":56}},{"start":{"line":131,"column":56},"end":{"line":131,"column":75}},{"start":{"line":131,"column":75},"end":{"line":131,"column":null}}],"line":131},"23":{"loc":{"start":{"line":141,"column":4},"end":{"line":143,"column":null}},"type":"if","locations":[{"start":{"line":141,"column":4},"end":{"line":143,"column":null}},{"start":{},"end":{}}],"line":141},"24":{"loc":{"start":{"line":141,"column":8},"end":{"line":141,"column":49}},"type":"binary-expr","locations":[{"start":{"line":141,"column":8},"end":{"line":141,"column":21}},{"start":{"line":141,"column":21},"end":{"line":141,"column":34}},{"start":{"line":141,"column":34},"end":{"line":141,"column":49}}],"line":141},"25":{"loc":{"start":{"line":148,"column":4},"end":{"line":154,"column":null}},"type":"if","locations":[{"start":{"line":148,"column":4},"end":{"line":154,"column":null}},{"start":{},"end":{}}],"line":148},"26":{"loc":{"start":{"line":155,"column":4},"end":{"line":160,"column":null}},"type":"if","locations":[{"start":{"line":155,"column":4},"end":{"line":160,"column":null}},{"start":{},"end":{}}],"line":155},"27":{"loc":{"start":{"line":161,"column":4},"end":{"line":170,"column":null}},"type":"if","locations":[{"start":{"line":161,"column":4},"end":{"line":170,"column":null}},{"start":{},"end":{}}],"line":161},"28":{"loc":{"start":{"line":161,"column":8},"end":{"line":161,"column":53}},"type":"binary-expr","locations":[{"start":{"line":161,"column":8},"end":{"line":161,"column":37}},{"start":{"line":161,"column":37},"end":{"line":161,"column":53}}],"line":161},"29":{"loc":{"start":{"line":164,"column":14},"end":{"line":164,"column":null}},"type":"cond-expr","locations":[{"start":{"line":164,"column":45},"end":{"line":164,"column":56}},{"start":{"line":164,"column":56},"end":{"line":164,"column":null}}],"line":164},"30":{"loc":{"start":{"line":165,"column":17},"end":{"line":165,"column":null}},"type":"cond-expr","locations":[{"start":{"line":165,"column":51},"end":{"line":165,"column":65}},{"start":{"line":165,"column":65},"end":{"line":165,"column":null}}],"line":165},"31":{"loc":{"start":{"line":166,"column":17},"end":{"line":168,"column":null}},"type":"cond-expr","locations":[{"start":{"line":167,"column":12},"end":{"line":167,"column":null}},{"start":{"line":168,"column":12},"end":{"line":168,"column":null}}],"line":166},"32":{"loc":{"start":{"line":166,"column":17},"end":{"line":166,"column":null}},"type":"binary-expr","locations":[{"start":{"line":166,"column":17},"end":{"line":166,"column":52}},{"start":{"line":166,"column":52},"end":{"line":166,"column":null}}],"line":166},"33":{"loc":{"start":{"line":185,"column":11},"end":{"line":188,"column":null}},"type":"binary-expr","locations":[{"start":{"line":185,"column":11},"end":{"line":185,"column":null}},{"start":{"line":186,"column":12},"end":{"line":188,"column":null}}],"line":185}},"s":{"0":1,"1":1,"2":0,"3":0,"4":0,"5":0,"6":0,"7":0,"8":0,"9":0,"10":0,"11":0,"12":0,"13":0,"14":0,"15":0,"16":0,"17":0,"18":0,"19":0,"20":0,"21":0,"22":0,"23":0,"24":0,"25":0,"26":0,"27":0,"28":0,"29":0,"30":0,"31":0,"32":0,"33":0,"34":0,"35":0,"36":0,"37":0,"38":0,"39":0,"40":0,"41":0,"42":0,"43":0,"44":0,"45":0,"46":0,"47":0,"48":0,"49":0,"50":0,"51":0,"52":0,"53":0,"54":0},"f":{"0":1,"1":0,"2":0,"3":1,"4":1,"5":1,"6":0,"7":1,"8":0},"b":{"0":[1,0],"1":[0,0],"2":[0],"3":[0],"4":[0],"5":[0],"6":[0],"7":[0,0],"8":[0,0],"9":[0,0,0],"10":[0,0],"11":[0,0],"12":[0,0],"13":[0,0],"14":[0,0],"15":[0,0],"16":[0,0],"17":[0,0],"18":[0,0],"19":[0,0],"20":[0,0,0],"21":[0,0],"22":[0,0,0],"23":[0,0],"24":[0,0,0],"25":[0,0],"26":[0,0],"27":[0,0],"28":[0,0],"29":[0,0],"30":[0,0],"31":[0,0],"32":[0,0],"33":[0,0]},"meta":{"lastBranch":34,"lastFunction":9,"lastStatement":55,"seen":{"s:14:27:25:Infinity":0,"s:48:18:53:Infinity":1,"b:50:3:50:Infinity:52:4:52:Infinity":0,"b:52:12:52:60:52:60:52:62":1,"f:63:15:63:Infinity":0,"b:65:22:65:Infinity":2,"b:66:26:66:Infinity":3,"s:69:74:69:Infinity":2,"b:69:20:69:23":4,"b:69:33:69:53":5,"b:69:65:69:70":6,"b:71:4:80:Infinity:undefined:undefined:undefined:undefined":7,"s:71:4:80:Infinity":3,"s:73:6:73:Infinity":4,"s:74:6:74:Infinity":5,"s:75:6:75:Infinity":6,"b:76:6:78:Infinity:undefined:undefined:undefined:undefined":8,"s:76:6:78:Infinity":7,"b:76:10:76:40:76:40:76:59:76:59:76:83":9,"s:77:8:77:Infinity":8,"s:79:6:79:Infinity":9,"s:82:37:82:Infinity":10,"s:83:4:123:Infinity":11,"s:83:17:83:20":12,"s:84:6:122:Infinity":13,"s:86:30:88:Infinity":14,"b:87:12:87:Infinity:88:12:88:Infinity":10,"b:86:30:86:60:86:60:86:Infinity":11,"s:90:39:97:Infinity":15,"s:99:23:104:Infinity":16,"f:101:22:101:23":1,"s:102:12:102:Infinity":17,"f:102:23:102:29":2,"s:102:29:102:51":18,"b:105:8:105:Infinity:undefined:undefined:undefined:undefined":12,"s:105:8:105:Infinity":19,"s:105:23:105:Infinity":20,"s:108:23:108:Infinity":21,"b:108:52:108:73:108:73:108:Infinity":13,"s:109:26:109:Infinity":22,"b:109:67:109:94:109:94:109:Infinity":14,"s:110:8:110:Infinity":23,"b:112:8:115:Infinity:undefined:undefined:undefined:undefined":15,"s:112:8:115:Infinity":24,"s:113:10:113:Infinity":25,"s:114:10:114:Infinity":26,"s:116:8:116:Infinity":27,"b:117:8:120:Infinity:undefined:undefined:undefined:undefined":16,"s:117:8:120:Infinity":28,"b:117:12:117:25:117:25:117:54":17,"s:118:10:118:Infinity":29,"s:119:10:119:Infinity":30,"s:121:8:121:Infinity":31,"s:125:25:127:Infinity":32,"b:126:8:126:Infinity:127:8:127:Infinity":18,"b:129:4:139:Infinity:undefined:undefined:undefined:undefined":19,"s:129:4:139:Infinity":33,"b:129:8:129:21:129:21:129:34:129:34:129:49":20,"s:131:26:133:Infinity":34,"b:132:10:132:Infinity:133:10:133:Infinity":21,"b:131:26:131:56:131:56:131:75:131:75:131:Infinity":22,"s:134:6:138:Infinity":35,"b:141:4:143:Infinity:undefined:undefined:undefined:undefined":23,"s:141:4:143:Infinity":36,"b:141:8:141:21:141:21:141:34:141:34:141:49":24,"s:142:6:142:Infinity":37,"s:144:4:144:Infinity":38,"f:147:17:147:28":3,"b:148:4:154:Infinity:undefined:undefined:undefined:undefined":25,"s:148:4:154:Infinity":39,"s:149:6:153:Infinity":40,"s:150:8:150:Infinity":41,"s:152:8:152:Infinity":42,"b:155:4:160:Infinity:undefined:undefined:undefined:undefined":26,"s:155:4:160:Infinity":43,"s:156:6:159:Infinity":44,"b:161:4:170:Infinity:undefined:undefined:undefined:undefined":27,"s:161:4:170:Infinity":45,"b:161:8:161:37:161:37:161:53":28,"s:162:18:162:Infinity":46,"s:163:6:169:Infinity":47,"b:164:45:164:56:164:56:164:Infinity":29,"b:165:51:165:65:165:65:165:Infinity":30,"b:167:12:167:Infinity:168:12:168:Infinity":31,"b:166:17:166:52:166:52:166:Infinity":32,"s:171:4:171:Infinity":48,"f:174:17:174:29":4,"s:175:4:175:Infinity":49,"f:178:17:178:27":5,"s:179:22:179:Infinity":50,"s:180:4:196:Infinity":51,"b:185:11:185:Infinity:186:12:188:Infinity":33,"f:193:12:193:18":6,"s:194:8:194:Infinity":52,"f:199:17:199:23":7,"s:200:4:200:Infinity":53,"f:200:23:200:34":8,"s:200:34:200:57":54}}}
,"/Users/butianzheng/Documents/trae_projects/hot-rolling-finish-aps/src/app/query-client.tsx": {"path":"/Users/butianzheng/Documents/trae_projects/hot-rolling-finish-aps/src/app/query-client.tsx","statementMap":{"0":{"start":{"line":24,"column":27},"end":{"line":59,"column":null}},"1":{"start":{"line":27,"column":6},"end":{"line":27,"column":null}},"2":{"start":{"line":32,"column":6},"end":{"line":37,"column":null}},"3":{"start":{"line":33,"column":8},"end":{"line":33,"column":null}},"4":{"start":{"line":33,"column":21},"end":{"line":33,"column":null}},"5":{"start":{"line":34,"column":8},"end":{"line":34,"column":null}},"6":{"start":{"line":35,"column":20},"end":{"line":35,"column":null}},"7":{"start":{"line":36,"column":8},"end":{"line":36,"column":null}},"8":{"start":{"line":48,"column":36},"end":{"line":48,"column":null}},"9":{"start":{"line":68,"column":70},"end":{"line":70,"column":null}},"10":{"start":{"line":69,"column":2},"end":{"line":69,"column":null}}},"fnMap":{"0":{"name":"(anonymous_0)","decl":{"start":{"line":26,"column":13},"end":{"line":26,"column":14}},"loc":{"start":{"line":26,"column":24},"end":{"line":28,"column":null}},"line":26},"1":{"name":"(anonymous_1)","decl":{"start":{"line":31,"column":13},"end":{"line":31,"column":14}},"loc":{"start":{"line":31,"column":33},"end":{"line":38,"column":null}},"line":31},"2":{"name":"(anonymous_2)","decl":{"start":{"line":32,"column":71},"end":{"line":32,"column":72}},"loc":{"start":{"line":32,"column":84},"end":{"line":37,"column":7}},"line":32},"3":{"name":"(anonymous_3)","decl":{"start":{"line":48,"column":18},"end":{"line":48,"column":19}},"loc":{"start":{"line":48,"column":36},"end":{"line":48,"column":null}},"line":48},"4":{"name":"(anonymous_4)","decl":{"start":{"line":68,"column":70},"end":{"line":68,"column":71}},"loc":{"start":{"line":68,"column":88},"end":{"line":70,"column":null}},"line":68}},"branchMap":{"0":{"loc":{"start":{"line":33,"column":8},"end":{"line":33,"column":null}},"type":"if","locations":[{"start":{"line":33,"column":8},"end":{"line":33,"column":null}},{"start":{},"end":{}}],"line":33},"1":{"loc":{"start":{"line":35,"column":20},"end":{"line":35,"column":null}},"type":"cond-expr","locations":[{"start":{"line":35,"column":45},"end":{"line":35,"column":61}},{"start":{"line":35,"column":61},"end":{"line":35,"column":null}}],"line":35}},"s":{"0":1,"1":2,"2":0,"3":0,"4":0,"5":0,"6":0,"7":0,"8":0,"9":1,"10":2},"f":{"0":2,"1":0,"2":0,"3":0,"4":2},"b":{"0":[0,0],"1":[0,0]},"meta":{"lastBranch":2,"lastFunction":5,"lastStatement":11,"seen":{"s:24:27:59:Infinity":0,"f:26:13:26:14":0,"s:27:6:27:Infinity":1,"f:31:13:31:14":1,"s:32:6:37:Infinity":2,"f:32:71:32:72":2,"b:33:8:33:Infinity:undefined:undefined:undefined:undefined":0,"s:33:8:33:Infinity":3,"s:33:21:33:Infinity":4,"s:34:8:34:Infinity":5,"s:35:20:35:Infinity":6,"b:35:45:35:61:35:61:35:Infinity":1,"s:36:8:36:Infinity":7,"f:48:18:48:19":3,"s:48:36:48:Infinity":8,"s:68:70:70:Infinity":9,"f:68:70:68:71":4,"s:69:2:69:Infinity":10}}}
,"/Users/butianzheng/Documents/trae_projects/hot-rolling-finish-aps/src/components/AdminOverrideToggle.tsx": {"path":"/Users/butianzheng/Documents/trae_projects/hot-rolling-finish-aps/src/components/AdminOverrideToggle.tsx","statementMap":{"0":{"start":{"line":13,"column":45},"end":{"line":41,"column":null}},"1":{"start":{"line":14,"column":8},"end":{"line":14,"column":null}},"2":{"start":{"line":15,"column":31},"end":{"line":15,"column":null}},"3":{"start":{"line":17,"column":2},"end":{"line":39,"column":null}}},"fnMap":{"0":{"name":"(anonymous_0)","decl":{"start":{"line":13,"column":45},"end":{"line":13,"column":51}},"loc":{"start":{"line":13,"column":51},"end":{"line":41,"column":null}},"line":13}},"branchMap":{"0":{"loc":{"start":{"line":20,"column":8},"end":{"line":22,"column":null}},"type":"cond-expr","locations":[{"start":{"line":21,"column":12},"end":{"line":21,"column":null}},{"start":{"line":22,"column":12},"end":{"line":22,"column":null}}],"line":20},"1":{"loc":{"start":{"line":26,"column":9},"end":{"line":27,"column":null}},"type":"binary-expr","locations":[{"start":{"line":26,"column":9},"end":{"line":26,"column":null}},{"start":{"line":27,"column":10},"end":{"line":27,"column":null}}],"line":26},"2":{"loc":{"start":{"line":35,"column":29},"end":{"line":35,"column":null}},"type":"cond-expr","locations":[{"start":{"line":35,"column":49},"end":{"line":35,"column":61}},{"start":{"line":35,"column":61},"end":{"line":35,"column":null}}],"line":35}},"s":{"0":2,"1":5,"2":5,"3":5},"f":{"0":5},"b":{"0":[2,3],"1":[5,2],"2":[2,3]},"meta":{"lastBranch":3,"lastFunction":1,"lastStatement":4,"seen":{"s:13:45:41:Infinity":0,"f:13:45:13:51":0,"s:14:8:14:Infinity":1,"s:15:31:15:Infinity":2,"s:17:2:39:Infinity":3,"b:21:12:21:Infinity:22:12:22:Infinity":0,"b:26:9:26:Infinity:27:10:27:Infinity":1,"b:35:49:35:61:35:61:35:Infinity":2}}}
,"/Users/butianzheng/Documents/trae_projects/hot-rolling-finish-aps/src/components/CustomEmpty.tsx": {"path":"/Users/butianzheng/Documents/trae_projects/hot-rolling-finish-aps/src/components/CustomEmpty.tsx","statementMap":{"0":{"start":{"line":9,"column":26},"end":{"line":13,"column":null}},"1":{"start":{"line":15,"column":55},"end":{"line":23,"column":null}},"2":{"start":{"line":16,"column":2},"end":{"line":21,"column":null}},"3":{"start":{"line":26,"column":32},"end":{"line":28,"column":null}},"4":{"start":{"line":30,"column":38},"end":{"line":32,"column":null}},"5":{"start":{"line":34,"column":38},"end":{"line":36,"column":null}}},"fnMap":{"0":{"name":"(anonymous_0)","decl":{"start":{"line":15,"column":55},"end":{"line":15,"column":56}},"loc":{"start":{"line":15,"column":88},"end":{"line":23,"column":null}},"line":15}},"branchMap":{"0":{"loc":{"start":{"line":15,"column":58},"end":{"line":15,"column":73}},"type":"default-arg","locations":[{"start":{"line":15,"column":65},"end":{"line":15,"column":73}}],"line":15}},"s":{"0":1,"1":1,"2":6,"3":1,"4":1,"5":1},"f":{"0":6},"b":{"0":[6]},"meta":{"lastBranch":1,"lastFunction":1,"lastStatement":6,"seen":{"s:9:26:13:Infinity":0,"s:15:55:23:Infinity":1,"f:15:55:15:56":0,"b:15:65:15:73":0,"s:16:2:21:Infinity":2,"s:26:32:28:Infinity":3,"s:30:38:32:Infinity":4,"s:34:38:36:Infinity":5}}}
,"/Users/butianzheng/Documents/trae_projects/hot-rolling-finish-aps/src/components/DecisionRefreshTag.tsx": {"path":"/Users/butianzheng/Documents/trae_projects/hot-rolling-finish-aps/src/components/DecisionRefreshTag.tsx","statementMap":{"0":{"start":{"line":11,"column":2},"end":{"line":11,"column":null}},"1":{"start":{"line":11,"column":11},"end":{"line":11,"column":null}},"2":{"start":{"line":12,"column":12},"end":{"line":12,"column":null}},"3":{"start":{"line":13,"column":2},"end":{"line":13,"column":null}},"4":{"start":{"line":13,"column":27},"end":{"line":13,"column":null}},"5":{"start":{"line":14,"column":2},"end":{"line":14,"column":null}},"6":{"start":{"line":17,"column":74},"end":{"line":114,"column":null}},"7":{"start":{"line":18,"column":8},"end":{"line":18,"column":null}},"8":{"start":{"line":19,"column":8},"end":{"line":19,"column":null}},"9":{"start":{"line":20,"column":30},"end":{"line":20,"column":null}},"10":{"start":{"line":23,"column":2},"end":{"line":23,"column":null}},"11":{"start":{"line":23,"column":33},"end":{"line":23,"column":48}},"12":{"start":{"line":24,"column":2},"end":{"line":24,"column":null}},"13":{"start":{"line":24,"column":42},"end":{"line":24,"column":57}},"14":{"start":{"line":25,"column":2},"end":{"line":25,"column":null}},"15":{"start":{"line":25,"column":43},"end":{"line":25,"column":58}},"16":{"start":{"line":27,"column":15},"end":{"line":27,"column":null}},"17":{"start":{"line":29,"column":8},"end":{"line":45,"column":null}},"18":{"start":{"line":30,"column":4},"end":{"line":30,"column":null}},"19":{"start":{"line":30,"column":15},"end":{"line":30,"column":null}},"20":{"start":{"line":31,"column":19},"end":{"line":31,"column":null}},"21":{"start":{"line":32,"column":20},"end":{"line":32,"column":null}},"22":{"start":{"line":33,"column":28},"end":{"line":33,"column":null}},"23":{"start":{"line":35,"column":4},"end":{"line":37,"column":null}},"24":{"start":{"line":36,"column":6},"end":{"line":36,"column":null}},"25":{"start":{"line":38,"column":4},"end":{"line":40,"column":null}},"26":{"start":{"line":39,"column":6},"end":{"line":39,"column":null}},"27":{"start":{"line":41,"column":4},"end":{"line":43,"column":null}},"28":{"start":{"line":42,"column":6},"end":{"line":42,"column":null}},"29":{"start":{"line":44,"column":4},"end":{"line":44,"column":null}},"30":{"start":{"line":47,"column":2},"end":{"line":47,"column":null}},"31":{"start":{"line":47,"column":18},"end":{"line":47,"column":null}},"32":{"start":{"line":49,"column":2},"end":{"line":58,"column":null}},"33":{"start":{"line":50,"column":4},"end":{"line":56,"column":null}},"34":{"start":{"line":60,"column":2},"end":{"line":60,"column":null}},"35":{"start":{"line":60,"column":13},"end":{"line":60,"column":null}},"36":{"start":{"line":62,"column":26},"end":{"line":62,"column":null}},"37":{"start":{"line":64,"column":2},"end":{"line":74,"column":null}},"38":{"start":{"line":65,"column":21},"end":{"line":65,"column":null}},"39":{"start":{"line":66,"column":4},"end":{"line":72,"column":null}},"40":{"start":{"line":76,"column":2},"end":{"line":101,"column":null}},"41":{"start":{"line":77,"column":24},"end":{"line":92,"column":null}},"42":{"start":{"line":78,"column":6},"end":{"line":78,"column":null}},"43":{"start":{"line":78,"column":22},"end":{"line":78,"column":null}},"44":{"start":{"line":79,"column":6},"end":{"line
[...]
,"column":null}},{"start":{"line":22,"column":4},"end":{"line":23,"column":null}},{"start":{"line":24,"column":4},"end":{"line":25,"column":null}},{"start":{"line":26,"column":4},"end":{"line":27,"column":null}},{"start":{"line":28,"column":4},"end":{"line":29,"column":null}},{"start":{"line":30,"column":4},"end":{"line":31,"column":null}},{"start":{"line":32,"column":4},"end":{"line":33,"column":null}}],"line":19},"3":{"loc":{"start":{"line":42,"column":2},"end":{"line":57,"column":null}},"type":"switch","locations":[{"start":{"line":43,"column":4},"end":{"line":44,"column":null}},{"start":{"line":45,"column":4},"end":{"line":46,"column":null}},{"start":{"line":47,"column":4},"end":{"line":48,"column":null}},{"start":{"line":49,"column":4},"end":{"line":50,"column":null}},{"start":{"line":51,"column":4},"end":{"line":52,"column":null}},{"start":{"line":53,"column":4},"end":{"line":54,"column":null}},{"start":{"line":55,"column":4},"end":{"line":56,"column":null}}],"line":42}},"s":{"0":87,"1":87,"2":10,"3":77,"4":77,"5":77,"6":10,"7":11,"8":8,"9":10,"10":7,"11":14,"12":17,"13":23,"14":28,"15":3,"16":5,"17":3,"18":3,"19":3,"20":4,"21":7},"f":{"0":87,"1":23,"2":28},"b":{"0":[87,6],"1":[10,77],"2":[10,11,8,10,7,14,17],"3":[3,5,3,3,3,4,7]},"meta":{"lastBranch":4,"lastFunction":3,"lastStatement":22,"seen":{"f:12:16:12:36":0,"s:13:14:13:Infinity":0,"b:13:21:13:30:13:30:13:32":0,"b:14:2:14:Infinity:undefined:undefined:undefined:undefined":1,"s:14:2:14:Infinity":1,"s:14:12:14:Infinity":2,"s:16:16:16:Infinity":3,"s:17:18:17:Infinity":4,"b:20:4:21:Infinity:22:4:23:Infinity:24:4:25:Infinity:26:4:27:Infinity:28:4:29:Infinity:30:4:31:Infinity:32:4:33:Infinity":2,"s:19:2:34:Infinity":5,"s:21:6:21:Infinity":6,"s:23:6:23:Infinity":7,"s:25:6:25:Infinity":8,"s:27:6:27:Infinity":9,"s:29:6:29:Infinity":10,"s:31:6:31:Infinity":11,"s:33:6:33:Infinity":12,"f:37:16:37:28":1,"s:38:2:38:Infinity":13,"f:41:16:41:35":2,"b:43:4:44:Infinity:45:4:46:Infinity:47:4:48:Infinity:49:4:50:Infinity:51:4:52:Infinity:53:4:54:Infinity:55:4:56:Infinity":3,"s:42:2:57:Infinity":14,"s:44:6:44:Infinity":15,"s:46:6:46:Infinity":16,"s:48:6:48:Infinity":17,"s:50:6:50:Infinity":18,"s:52:6:52:Infinity":19,"s:54:6:54:Infinity":20,"s:56:6:56:Infinity":21}}}
,"/Users/butianzheng/Documents/trae_projects/hot-rolling-finish-aps/src/utils/telemetry.ts": {"path":"/Users/butianzheng/Documents/trae_projects/hot-rolling-finish-aps/src/utils/telemetry.ts","statementMap":{"0":{"start":{"line":6,"column":31},"end":{"line":6,"column":null}},"1":{"start":{"line":7,"column":25},"end":{"line":7,"column":null}},"2":{"start":{"line":8,"column":21},"end":{"line":8,"column":null}},"3":{"start":{"line":10,"column":16},"end":{"line":10,"column":null}},"4":{"start":{"line":11,"column":32},"end":{"line":11,"column":null}},"5":{"start":{"line":14,"column":2},"end":{"line":14,"column":null}},"6":{"start":{"line":18,"column":12},"end":{"line":18,"column":null}},"7":{"start":{"line":19,"column":2},"end":{"line":19,"column":null}},"8":{"start":{"line":19,"column":26},"end":{"line":19,"column":null}},"9":{"start":{"line":20,"column":2},"end":{"line":20,"column":null}},"10":{"start":{"line":24,"column":2},"end":{"line":28,"column":null}},"11":{"start":{"line":25,"column":4},"end":{"line":25,"column":null}},"12":{"start":{"line":27,"column":4},"end":{"line":27,"column":null}},"13":{"start":{"line":32,"column":2},"end":{"line":32,"column":null}},"14":{"start":{"line":32,"column":12},"end":{"line":32,"column":null}},"15":{"start":{"line":33,"column":2},"end":{"line":39,"column":null}},"16":{"start":{"line":34,"column":4},"end":{"line":38,"column":null}},"17":{"start":{"line":40,"column":2},"end":{"line":40,"column":null}},"18":{"start":{"line":40,"column":31},"end":{"line":40,"column":null}},"19":{"start":{"line":41,"column":2},"end":{"line":45,"column":null}},"20":{"start":{"line":42,"column":4},"end":{"line":42,"column":null}},"21":{"start":{"line":44,"column":4},"end":{"line":44,"column":null}},"22":{"start":{"line":49,"column":15},"end":{"line":49,"column":null}},"23":{"start":{"line":50,"column":17},"end":{"line":50,"column":null}},"24":{"start":{"line":51,"column":2},"end":{"line":51,"column":null}},"25":{"start":{"line":55,"column":2},"end":{"line":55,"column":null}},"26":{"start":{"line":55,"column":25},"end":{"line":55,"column":null}},"27":{"start":{"line":56,"column":2},"end":{"line":66,"column":null}},"28":{"start":{"line":57,"column":19},"end":{"line":61,"column":null}},"29":{"start":{"line":62,"column":4},"end":{"line":62,"column":null}},"30":{"start":{"line":62,"column":53},"end":{"line":62,"column":null}},"31":{"start":{"line":63,"column":4},"end":{"line":63,"column":null}},"32":{"start":{"line":65,"column":4},"end":{"line":65,"column":null}},"33":{"start":{"line":76,"column":2},"end":{"line":76,"column":null}},"34":{"start":{"line":76,"column":25},"end":{"line":76,"column":null}},"35":{"start":{"line":78,"column":2},"end":{"line":92,"column":null}},"36":{"start":{"line":79,"column":4},"end":{"line":89,"column":null}},"37":{"start":{"line":100,"column":2},"end":{"line":100,"column":null}},"38":{"start":{"line":100,"column":43},"end":{"line":100,"column":null}},"39":{"start":{"line":102,"column":16},"end":{"line":102,"column":null}},"40":{"start":{"line":103,"column":16},"end":{"line":103,"column":null}},"41":{"start":{"line":104,"column":29},"end":{"line":104,"column":null}},"42":{"start":{"line":106,"column":22},"end":{"line":106,"column":null}},"43":{"start":{"line":107,"column":14},"end":{"line":107,"column":null}},"44":{"start":{"line":108,"column":15},"end":{"line":108,"column":null}},"45":{"start":{"line":109,"column":2},"end":{"line":109,"column":null}},"46":{"start":{"line":109,"column":37},"end":{"line":109,"column":null}},"47":{"start":{"line":110,"column":2},"end":{"line":110,"column":null}},"48":{"start":{"line":111,"column":2},"end":{"line":111,"column":null}},"49":{"start":{"line":114,"column":4},"end":{"line":116,"column":null}},"50":{"start":{"line":118,"column":21},"end":{"line":118,"column":null}},"51":{"start":{"line":120,"column":2},"end":{"line":132,"column":null}},"52":{"start":{"line":139,"column":21},"end":{"line":139,"column":null}},"53":{"start":{"line":141,"column":16},"end":{"line":141,"column":null}},"54":{"start":{"line":142,"column":22},"end":{"line":142,"column":null}},"55":{"start":{"line":143,"column":14},"end":{"line":143,"column":null}},"56":{"start":{"line":144,"column":15},"end":{"line":144,"column":null}},"57":{"start":{"line":145,"column":2},"end":{"line":145,"column":null}},"58":{"start":{"line":145,"column":37},"end":{"line":145,"column":null}},"59":{"start":{"line":146,"column":2},"end":{"line":146,"column":null}},"60":{"start":{"line":148,"column":2},"end":{"line":155,"column":null}}},"fnMap":{"0":{"name":"isTauriRuntime","decl":{"start":{"line":13,"column":9},"end":{"line":13,"column":35}},"loc":{"start":{"line":13,"column":35},"end":{"line":15,"column":null}},"line":13},"1":{"name":"truncate","decl":{"start":{"line":17,"column":9},"end":{"line":17,"column":18}},"loc":{"start":{"line":17,"column":71},"end":{"line":21,"column":null}},"line":17},"2":{"name":"safeJson","decl":{"start":{"line":23,"column":9},"end":{"line":23,"column":18}},"loc":{"start":{"line":23,"column":41},"end":{"line":29,"column":null}},"line":23},"3":{"name":"normalizeUnknownError","decl":{"start":{"line":31,"column":9},"end":{"line":31,"column":31}},"loc":{"start":{"line":31,"column":97},"end":{"line":46,"column":null}},"line":31},"4":{"name":"makeFingerprint","decl":{"start":{"line":48,"column":9},"end":{"line":48,"column":25}},"loc":{"start":{"line":48,"column":81},"end":{"line":52,"column":null}},"line":48},"5":{"name":"getLatestActiveVersionId","decl":{"start":{"line":54,"column":15},"end":{"line":54,"column":66}},"loc":{"start":{"line":54,"column":66},"end":{"line":67,"column":null}},"line":54},"6":{"name":"reportToBackend","decl":{"start":{"line":69,"column":15},"end":{"line":69,"column":31}},"loc":{"start":{"line":75,"column":18},"end":{"line":93,"column":null}},"line":75},"7":{"name":"reportFrontendEvent","decl":{"start":{"line":95,"column":22},"end":{"line":95,"column":null}},"loc":{"start":{"line":99,"column":17},"end":{"line":133,"column":null}},"line":99},"8":{"name":"reportFrontendError","decl":{"start":{"line":135,"column":22},"end":{"line":135,"column":null}},"loc":{"start":{"line":138,"column":17},"end":{"line":156,"column":null}},"line":138}},"branchMap":{"0":{"loc":{"start":{"line":14,"column":9},"end":{"line":14,"column":null}},"type":"binary-expr","locations":[{"start":{"line":14,"column":9},"end":{"line":14,"column":42}},{"start":{"line":14,"column":42},"end":{"line":14,"column":null}}],"line":14},"1":{"loc":{"start":{"line":17,"column":32},"end":{"line":17,"column":71}},"type":"default-arg","locations":[{"start":{"line":17,"column":49},"end":{"line":17,"column":71}}],"line":17},"2":{"loc":{"start":{"line":18,"column":19},"end":{"line":18,"column":29}},"type":"binary-expr","locations":[{"start":{"line":18,"column":19},"end":{"line":18,"column":27}},{"start":{"line":18,"column":27},"end":{"line":18,"column":29}}],"line":18},"3":{"loc":{"start":{"line":19,"column":2},"end":{"line":19,"column":null}},"type":"if","locations":[{"start":{"line":19,"column":2},"end":{"line":19,"column":null}},{"start":{},"end":{}}],"line":19},"4":{"loc":{"start":{"line":32,"column":2},"end":{"line":32,"column":null}},"type":"if","locations":[{"start":{"line":32,"column":2},"end":{"line":32,"column":null}},{"start":{},"end":{}}],"line":32},"5":{"loc":{"start":{"line":33,"column":2},"end":{"line":39,"column":null}},"type":"if","locations":[{"start":{"line":33,"column":2},"end":{"line":39,"column":null}},{"start":{},"end":{}}],"line":33},"6":{"loc":{"start":{"line":36,"column":15},"end":{"line":36,"column":null}},"type":"binary-expr","locations":[{"start":{"line":36,"column":15},"end":{"line":36,"column":30}},{"start":{"line":36,"column":30},"end":{"line":36,"column":null}}],"line":36},"7":{"loc":{"start":{"line":40,"column":2},"end":{"line":40,"column":null}},"type":"if","locations":[{"start":{"line":40,"column":2},"end":{"line":40,"column":null}},{"start":{},"end":{}}],"line":40},"8":{"loc":{"start":{"line":50,"column":17},"end":{"line":50,"column":null}},"type":"cond-expr","locations":[{"start":{"line":50,"column":25},"end":{"line":50,"column":39}},{"start":{"line":50,"column":39},"end":{"line":50,"column":null}}],"line":50},"9":{"loc":{"start":{"line":55,"column":2},"end":{"line":55,"column":null}},"type":"if","locations":[{"start":{"line":55,"column":2},"end":{"line":55,"column":null}},{"start":{},"end":{}}],"line":55},"10":{"loc":{"start":{"line":62,"column":4},"end":{"line":62,"column":null}},"type":"if","locations":[{"start":{"line":62,"column":4},"end":{"line":62,"column":null}},{"start":{},"end":{}}],"line":62},"11":{"loc":{"start":{"line":62,"column":8},"end":{"line":62,"column":53}},"type":"binary-expr","locations":[{"start":{"line":62,"column":8},"end":{"line":62,"column":38}},{"start":{"line":62,"column":38},"end":{"line":62,"column":53}}],"line":62},"12":{"loc":{"start":{"line":76,"column":2},"end":{"line":76,"column":null}},"type":"if","locations":[{"start":{"line":76,"column":2},"end":{"line":76,"column":null}},{"start":{},"end":{}}],"line":76},"13":{"loc":{"start":{"line":82,"column":20},"end":{"line":82,"column":null}},"type":"binary-expr","locations":[{"start":{"line":82,"column":20},"end":{"line":82,"column":41}},{"start":{"line":82,"column":41},"end":{"line":82,"column":null}}],"line":82},"14":{"loc":{"start":{"line":83,"column":15},"end":{"line":83,"column":null}},"type":"binary-expr","locations":[{"start":{"line":83,"column":15},"end":{"line":83,"column":31}},{"start":{"line":83,"column":31},"end":{"line":83,"column":null}}],"line":83},"15":{"loc":{"start":{"line":98,"column":2},"end":{"line":98,"column":null}},"type":"default-arg","locations":[{"start":{"line":98,"column":21},"end":{"line":98,"column":null}}],"line":98},"16":{"loc":{"start":{"line":100,"column":2},"end":{"line":100,"column":null}},"type":"if","locations":[{"start":{"line":100,"column":2},"end":{"line":100,"column":null}},{"start":{},"end":{}}],"line":100},"17":{"loc":{"start":{"line":103,"column":23},"end":{"line":103,"column":53}},"type":"binary-expr","locations":[{"start":{"line":103,"column":23},"end":{"line":103,"column":44}},{"start":{"line":103,"column":44},"end":{"line":103,"column":53}}],"line":103},"18":{"loc":{"start":{"line":108,"column":15},"end":{"line":108,"column":null}},"type":"binary-expr","locations":[{"start":{"line":108,"column":15},"end":{"line":108,"column":59}},{"start":{"line":108,"column":59},"end":{"line":108,"column":null}}],"line":108},"19":{"loc":{"start":{"line":109,"column":2},"end":{"line":109,"column":null}},"type":"if","locations":[{"start":{"line":109,"column":2},"end":{"line":109,"column":null}},{"start":{},"end":{}}],"line":109},"20":{"loc":{"start":{"line":114,"column":4},"end":{"line":116,"column":null}},"type":"cond-expr","locations":[{"start":{"line":115,"column":8},"end":{"line":115,"column":null}},{"start":{"line":116,"column":8},"end":{"line":116,"column":null}}],"line":114},"21":{"loc":{"start":{"line":115,"column":38},"end":{"line":115,"column":66}},"type":"binary-expr","locations":[{"start":{"line":115,"column":38},"end":{"line":115,"column":64}},{"start":{"line":115,"column":64},"end":{"line":115,"column":66}}],"line":115},"22":{"loc":{"start":{"line":118,"column":21},"end":{"line":118,"column":null}},"type":"binary-expr","locations":[{"start":{"line":118,"column":21},"end":{"line":118,"column":44}},{"start":{"line":118,"column":44},"end":{"line":118,"column":null}}],"line":118},"23":{"loc":{"start":{"line":127,"column":11},"end":{"line":127,"column":null}},"type":"cond-expr","locations":[{"start":{"line":127,"column":43},"end":{"line":127,"column":66}},{"start":{"line":127,"column":66},"end":{"line":127,"column":null}}],"line":127},"24":{"loc":{"start":{"line":128,"column":18},"end":{"line":128,"column":null}},"type":"cond-expr","locations":[{"start":{"line":128,"column":53},"end":{"line":128,"column":75}},{"start":{"line":128,"column":75},"end":{"line":128,"column":null}}],"line":128},"25":{"loc":{"start":{"line":129,"column":12},"end":{"line":129,"column":null}},"type":"binary-expr","locations":[{"start":{"line":129,"column":12},"end":{"line":129,"column":46}},{"start":{"line":129,"column":46},"end":{"line":129,"column":null}}],"line":129},"26":{"loc":{"start":{"line":137,"column":2},"end":{"line":137,"column":null}},"type":"default-arg","locations":[{"start":{"line":137,"column":37},"end":{"line":137,"column":null}}],"line":137},"27":{"loc":{"start":{"line":141,"column":25},"end":{"line":141,"column":65}},"type":"binary-expr","locations":[{"start":{"line":141,"column":25},"end":{"line":141,"column":45}},{"start":{"line":141,"column":45},"end":{"line":141,"column":65}}],"line":141},"28":{"loc":{"start":{"line":144,"column":15},"end":{"line":144,"column":null}},"type":"binary-expr","locations":[{"start":{"line":144,"column":15},"end":{"line":144,"column":59}},{"start":{"line":144,"column":59},"end":{"line":144,"column":null}}],"line":144},"29":{"loc":{"start":{"line":145,"column":2},"end":{"line":145,"column":null}},"type":"if","locations":[{"start":{"line":145,"column":2},"end":{"line":145,"column":null}},{"start":{},"end":{}}],"line":145},"30":{"loc":{"start":{"line":148,"column":37},"end":{"line":148,"column":77}},"type":"binary-expr","locations":[{"start":{"line":148,"column":37},"end":{"line":148,"column":59}},{"start":{"line":148,"column":59},"end":{"line":148,"column":77}}],"line":148},"31":{"loc":{"start":{"line":152,"column":13},"end":{"line":152,"column":null}},"type":"cond-expr","locations":[{"start":{"line":152,"column":32},"end":{"line":152,"column":61}},{"start":{"line":152,"column":61},"end":{"line":152,"column":null}}],"line":152}},"s":{"0":2,"1":2,"2":2,"3":2,"4":2,"5":10,"6":38,"7":38,"8":34,"9":4,"10":15,"11":15,"12":0,"13":5,"14":1,"15":4,"16":2,"17":2,"18":1,"19":1,"20":1,"21":0,"22":16,"23":16,"24":16,"25":0,"26":0,"27":0,"28":0,"29":0,"30":0,"31":0,"32":0,"33":10,"34":1,"35":9,"36":9,"37":11,"38":0,"39":11,"40":11,"41":11,"42":11,"43":11,"44":11,"45":11,"46":1,"47":10,"48":10,"49":10,"50":11,"51":0,"52":5,"53":5,"54":5,"55":5,"56":5,"57":5,"58":0,"59":5,"60":5},"f":{"0":10,"1":38,"2":15,"3":5,"4":16,"5":0,"6":10,"7":11,"8":5},"b":{"0":[10,10],"1":[38],"2":[38,0],"3":[34,4],"4":[1,4],"5":[2,2],"6":[2,0],"7":[1,1],"8":[5,11],"9":[0,0],"10":[0,0],"11":[0,0],"12":[1,9],"13":[9,0],"14":[10,0],"15":[11],"16":[0,11],"17":[11,0],"18":[11,10],"19":[1,10],"20":[10,0],"21":[10,0],"22":[11,0],"23":[10,0],"24":[10,0],"25":[11,0],"26":[5],"27":[5,3],"28":[5,5],"29":[0,5],"30":[5,0],"31":[2,3]},"meta":{"lastBranch":32,"lastFunction":9,"lastStatement":61,"seen":{"s:6:31:6:Infinity":0,"s:7:25:7:Infinity":1,"s:8:21:8:Infinity":2,"s:10:16:10:Infinity":3,"s:11:32:11:Infinity":4,"f:13:9:13:35":0,"s:14:2:14:Infinity":5,"b:14:9:14:42:14:42:14:Infinity":0,"f:17:9:17:18":1,"b:17:49:17:71":1,"s:18:12:18:Infinity":6,"b:18:19:18:27:18:27:18:29":2,"b:19:2:19:Infinity:undefined:undefined:undefined:undefined":3,"s:19:2:19:Infinity":7,"s:19:26:19:Infinity":8,"s:20:2:20:Infinity":9,"f:23:9:23:18":2,"s:24:2:28:Infinity":10,"s:25:4:25:Infinity":11,"s:27:4:27:Infinity":12,"f:31:9:31:31":3,"b:32:2:32:Infinity:undefined:undefined:undefined:undefined":4,"s:32:2:32:Infinity":13,"s:32:12:32:Infinity":14,"b:33:2:39:Infinity:undefined:undefined:undefined:undefined":5,"s:33:2:39:Infinity":15,"s:34:4:38:Infinity":16,"b:36:15:36:30:36:30:36:Infinity":6,"b:40:2:40:Infinity:undefined:undefined:undefined:undefined":7,"s:40:2:40:Infinity":17,"s:40:31:40:Infinity":18,"s:41:2:45:Infinity":19,"s:42:4:42:Infinity":20,"s:44:4:44:Infinity":21,"f:48:9:48:25":4,"s:49:15:49:Infinity":22,"s:50:17:50:Infinity":23,"b:50:25:50:39:50:39:50:Infinity":8,"s:51:2:51:Infinity":24,"f:54:15:54:66":5,"b:55:2:55:Infinity:undefined:undefined:undefined:undefined":9,"s:55:2:55:Infinity":25,"s:55:25:55:Infinity":26,"s:56:2:66:Infinity":27,"s:57:19:61:Infinity":28,"b:62:4:62:Infinity:undefined:undefined:undefined:undefined":10,"s:62:4:62:Infinity":29,"b:62:8:62:38:62:38:62:53":11,"s:62:53:62:Infinity":30,"s:63:4:63:Infinity":31,"s:65:4:65:Infinity":32,"f:69:15:69:31":6,"b:76:2:76:Infinity:undefined:undefined:undefined:undefined":12,"s:76:2:76:Infinity":33,"s:76:25:76:Infinity":34,"s:78:2:92:Infinity":35,"s:79:4:89:Infinity":36,"b:82:20:82:41:82:41:82:Infinity":13,"b:83:15:83:31:83:31:83:Infinity":14,"f:95:22:95:Infinity":7,"b:98:21:98:Infinity":15,"b:100:2:100:Infinity:undefined:undefined:undefined:undefined":16,"s:100:2:100:Infinity":37,"s:100:43:100:Infinity":38,"s:102:16:102:Infinity":39,"s:103:16:103:Infinity":40,"b:103:23:103:44:103:44:103:53":17,"s:104:29:104:Infinity":41,"s:106:22:106:Infinity":42,"s:107:14:107:Infinity":43,"s:108:15:108:Infinity":44,"b:108:15:108:59:108:59:108:Infinity":18,"b:109:2:109:Infinity:undefined:undefined:undefined:undefined":19,"s:109:2:109:Infinity":45,"s:109:37:109:Infinity":46,"s:110:2:110:Infinity":47,"s:111:2:111:Infinity":48,"s:114:4:116:Infinity":49,"b:115:8:115:Infinity:116:8:116:Infinity":20,"b:115:38:115:64:115:64:115:66":21,"s:118:21:118:Infinity":50,"b:118:21:118:44:118:44:118:Infinity":22,"s:120:2:132:Infinity":51,"b:127:43:127:66:127:66:127:Infinity":23,"b:128:53:128:75:128:75:128:Infinity":24,"b:129:12:129:46:129:46:129:Infinity":25,"f:135:22:135:Infinity":8,"b:137:37:137:Infinity":26,"s:139:21:139:Infinity":52,"s:141:16:141:Infinity":53,"b:141:25:141:45:141:45:141:65":27,"s:142:22:142:Infinity":54,"s:143:14:143:Infinity":55,"s:144:15:144:Infinity":56,"b:144:15:144:59:144:59:144:Infinity":28,"b:145:2:145:Infinity:undefined:undefined:undefined:undefined":29,"s:145:2:145:Infinity":57,"s:145:37:145:Infinity":58,"s:146:2:146:Infinity":59,"s:148:2:155:Infinity":60,"b:148:37:148:59:148:59:148:77":30,"b:152:32:152:61:152:61:152:Infinity":31}}}
}
